{"C:\\Users\\asus\\Desktop\\PFE\\acadecom-back\\src\\app.js": {"path":"C:\\Users\\asus\\Desktop\\PFE\\acadecom-back\\src\\app.js","statementMap":{"0":{"start":{"line":23,"column":16},"end":{"line":23,"column":34}},"1":{"start":{"line":24,"column":13},"end":{"line":24,"column":28}},"2":{"start":{"line":25,"column":15},"end":{"line":25,"column":32}},"3":{"start":{"line":26,"column":15},"end":{"line":26,"column":32}},"4":{"start":{"line":27,"column":15},"end":{"line":27,"column":32}},"5":{"start":{"line":28,"column":21},"end":{"line":28,"column":45}},"6":{"start":{"line":30,"column":0},"end":{"line":30,"column":27}},"7":{"start":{"line":32,"column":42},"end":{"line":32,"column":61}},"8":{"start":{"line":33,"column":21},"end":{"line":33,"column":58}},"9":{"start":{"line":34,"column":18},"end":{"line":34,"column":52}},"10":{"start":{"line":35,"column":23},"end":{"line":35,"column":59}},"11":{"start":{"line":36,"column":24},"end":{"line":36,"column":55}},"12":{"start":{"line":37,"column":17},"end":{"line":37,"column":44}},"13":{"start":{"line":39,"column":12},"end":{"line":39,"column":21}},"14":{"start":{"line":42,"column":0},"end":{"line":42,"column":19}},"15":{"start":{"line":49,"column":0},"end":{"line":54,"column":2}},"16":{"start":{"line":59,"column":18},"end":{"line":59,"column":67}},"17":{"start":{"line":60,"column":0},"end":{"line":67,"column":2}},"18":{"start":{"line":62,"column":44},"end":{"line":62,"column":52}},"19":{"start":{"line":70,"column":0},"end":{"line":70,"column":40}},"20":{"start":{"line":71,"column":0},"end":{"line":71,"column":62}},"21":{"start":{"line":72,"column":0},"end":{"line":72,"column":24}},"22":{"start":{"line":75,"column":0},"end":{"line":79,"column":1}},"23":{"start":{"line":77,"column":17},"end":{"line":77,"column":75}},"24":{"start":{"line":78,"column":2},"end":{"line":78,"column":26}},"25":{"start":{"line":82,"column":0},"end":{"line":82,"column":20}},"26":{"start":{"line":85,"column":0},"end":{"line":91,"column":2}},"27":{"start":{"line":94,"column":0},"end":{"line":101,"column":2}},"28":{"start":{"line":95,"column":2},"end":{"line":100,"column":4}},"29":{"start":{"line":103,"column":0},"end":{"line":114,"column":2}},"30":{"start":{"line":104,"column":2},"end":{"line":113,"column":4}},"31":{"start":{"line":117,"column":0},"end":{"line":117,"column":23}},"32":{"start":{"line":120,"column":0},"end":{"line":122,"column":3}},"33":{"start":{"line":121,"column":2},"end":{"line":121,"column":84}},"34":{"start":{"line":125,"column":0},"end":{"line":130,"column":3}},"35":{"start":{"line":126,"column":2},"end":{"line":128,"column":3}},"36":{"start":{"line":127,"column":4},"end":{"line":127,"column":99}},"37":{"start":{"line":129,"column":2},"end":{"line":129,"column":12}},"38":{"start":{"line":133,"column":0},"end":{"line":133,"column":22}},"39":{"start":{"line":135,"column":0},"end":{"line":135,"column":21}}},"fnMap":{"0":{"name":"(anonymous_0)","decl":{"start":{"line":62,"column":37},"end":{"line":62,"column":38}},"loc":{"start":{"line":62,"column":44},"end":{"line":62,"column":52}},"line":62},"1":{"name":"(anonymous_1)","decl":{"start":{"line":94,"column":13},"end":{"line":94,"column":14}},"loc":{"start":{"line":95,"column":2},"end":{"line":100,"column":4}},"line":95},"2":{"name":"(anonymous_2)","decl":{"start":{"line":103,"column":19},"end":{"line":103,"column":20}},"loc":{"start":{"line":104,"column":2},"end":{"line":113,"column":4}},"line":104},"3":{"name":"(anonymous_3)","decl":{"start":{"line":120,"column":8},"end":{"line":120,"column":9}},"loc":{"start":{"line":120,"column":29},"end":{"line":122,"column":1}},"line":120},"4":{"name":"(anonymous_4)","decl":{"start":{"line":125,"column":8},"end":{"line":125,"column":9}},"loc":{"start":{"line":125,"column":35},"end":{"line":130,"column":1}},"line":125}},"branchMap":{"0":{"loc":{"start":{"line":59,"column":18},"end":{"line":59,"column":67}},"type":"binary-expr","locations":[{"start":{"line":59,"column":18},"end":{"line":59,"column":40}},{"start":{"line":59,"column":44},"end":{"line":59,"column":67}}],"line":59},"1":{"loc":{"start":{"line":75,"column":0},"end":{"line":79,"column":1}},"type":"if","locations":[{"start":{"line":75,"column":0},"end":{"line":79,"column":1}},{"start":{},"end":{}}],"line":75},"2":{"loc":{"start":{"line":77,"column":17},"end":{"line":77,"column":75}},"type":"cond-expr","locations":[{"start":{"line":77,"column":57},"end":{"line":77,"column":67}},{"start":{"line":77,"column":70},"end":{"line":77,"column":75}}],"line":77},"3":{"loc":{"start":{"line":111,"column":11},"end":{"line":111,"column":48}},"type":"binary-expr","locations":[{"start":{"line":111,"column":11},"end":{"line":111,"column":31}},{"start":{"line":111,"column":35},"end":{"line":111,"column":48}}],"line":111},"4":{"loc":{"start":{"line":126,"column":2},"end":{"line":128,"column":3}},"type":"if","locations":[{"start":{"line":126,"column":2},"end":{"line":128,"column":3}},{"start":{},"end":{}}],"line":126}},"s":{"0":3,"1":3,"2":3,"3":3,"4":3,"5":3,"6":3,"7":3,"8":3,"9":3,"10":3,"11":3,"12":3,"13":3,"14":3,"15":3,"16":3,"17":3,"18":3,"19":3,"20":3,"21":3,"22":3,"23":0,"24":0,"25":3,"26":3,"27":3,"28":0,"29":3,"30":0,"31":3,"32":3,"33":0,"34":3,"35":12,"36":0,"37":12,"38":3,"39":3},"f":{"0":3,"1":0,"2":0,"3":0,"4":12},"b":{"0":[3,0],"1":[0,3],"2":[0,0],"3":[0,0],"4":[0,12]},"_coverageSchema":"1a1c01bbd47fc00a2c39e90264f33305004495a9","hash":"dd1864316061d0646d9f05643e6b5719afce1d3c"}
,"C:\\Users\\asus\\Desktop\\PFE\\acadecom-back\\src\\controllers\\admin.controller.js": {"path":"C:\\Users\\asus\\Desktop\\PFE\\acadecom-back\\src\\controllers\\admin.controller.js","statementMap":{"0":{"start":{"line":8,"column":21},"end":{"line":8,"column":57}},"1":{"start":{"line":9,"column":21},"end":{"line":9,"column":53}},"2":{"start":{"line":10,"column":15},"end":{"line":10,"column":44}},"3":{"start":{"line":12,"column":24},"end":{"line":47,"column":1}},"4":{"start":{"line":15,"column":53},"end":{"line":15,"column":71}},"5":{"start":{"line":16,"column":17},"end":{"line":16,"column":87}},"6":{"start":{"line":17,"column":4},"end":{"line":17,"column":67}},"7":{"start":{"line":22,"column":17},"end":{"line":22,"column":73}},"8":{"start":{"line":23,"column":4},"end":{"line":23,"column":77}},"9":{"start":{"line":28,"column":17},"end":{"line":28,"column":75}},"10":{"start":{"line":29,"column":4},"end":{"line":29,"column":79}},"11":{"start":{"line":34,"column":20},"end":{"line":34,"column":77}},"12":{"start":{"line":35,"column":4},"end":{"line":35,"column":73}},"13":{"start":{"line":40,"column":16},"end":{"line":40,"column":51}},"14":{"start":{"line":41,"column":21},"end":{"line":41,"column":80}},"15":{"start":{"line":42,"column":4},"end":{"line":42,"column":61}},"16":{"start":{"line":43,"column":4},"end":{"line":43,"column":79}},"17":{"start":{"line":44,"column":4},"end":{"line":44,"column":68}},"18":{"start":{"line":45,"column":4},"end":{"line":45,"column":37}},"19":{"start":{"line":49,"column":0},"end":{"line":49,"column":33}}},"fnMap":{"0":{"name":"(anonymous_0)","decl":{"start":{"line":14,"column":26},"end":{"line":14,"column":27}},"loc":{"start":{"line":14,"column":46},"end":{"line":18,"column":3}},"line":14},"1":{"name":"(anonymous_1)","decl":{"start":{"line":21,"column":26},"end":{"line":21,"column":27}},"loc":{"start":{"line":21,"column":46},"end":{"line":24,"column":3}},"line":21},"2":{"name":"(anonymous_2)","decl":{"start":{"line":27,"column":28},"end":{"line":27,"column":29}},"loc":{"start":{"line":27,"column":48},"end":{"line":30,"column":3}},"line":27},"3":{"name":"(anonymous_3)","decl":{"start":{"line":33,"column":27},"end":{"line":33,"column":28}},"loc":{"start":{"line":33,"column":47},"end":{"line":36,"column":3}},"line":33},"4":{"name":"(anonymous_4)","decl":{"start":{"line":39,"column":31},"end":{"line":39,"column":32}},"loc":{"start":{"line":39,"column":52},"end":{"line":46,"column":3}},"line":39}},"branchMap":{},"s":{"0":3,"1":3,"2":3,"3":3,"4":1,"5":1,"6":1,"7":1,"8":1,"9":0,"10":0,"11":1,"12":0,"13":0,"14":0,"15":0,"16":0,"17":0,"18":0,"19":3},"f":{"0":1,"1":1,"2":0,"3":1,"4":0},"b":{},"_coverageSchema":"1a1c01bbd47fc00a2c39e90264f33305004495a9","hash":"33bb64100f9c195b9c5718201603f3c6d93b64b8"}
,"C:\\Users\\asus\\Desktop\\PFE\\acadecom-back\\src\\controllers\\analytics.controller.js": {"path":"C:\\Users\\asus\\Desktop\\PFE\\acadecom-back\\src\\controllers\\analytics.controller.js","statementMap":{"0":{"start":{"line":1,"column":25},"end":{"line":1,"column":65}},"1":{"start":{"line":2,"column":30},"end":{"line":2,"column":71}},"2":{"start":{"line":3,"column":17},"end":{"line":3,"column":45}},"3":{"start":{"line":6,"column":19},"end":{"line":6,"column":54}},"4":{"start":{"line":7,"column":4},"end":{"line":10,"column":5}},"5":{"start":{"line":8,"column":28},"end":{"line":8,"column":62}},"6":{"start":{"line":9,"column":8},"end":{"line":9,"column":75}},"7":{"start":{"line":11,"column":4},"end":{"line":11,"column":26}},"8":{"start":{"line":15,"column":4},"end":{"line":17,"column":5}},"9":{"start":{"line":16,"column":8},"end":{"line":16,"column":76}},"10":{"start":{"line":18,"column":4},"end":{"line":18,"column":23}},"11":{"start":{"line":24,"column":28},"end":{"line":59,"column":1}},"12":{"start":{"line":29,"column":8},"end":{"line":40,"column":9}},"13":{"start":{"line":30,"column":33},"end":{"line":30,"column":57}},"14":{"start":{"line":31,"column":27},"end":{"line":31,"column":50}},"15":{"start":{"line":32,"column":30},"end":{"line":32,"column":91}},"16":{"start":{"line":34,"column":12},"end":{"line":37,"column":15}},"17":{"start":{"line":39,"column":12},"end":{"line":39,"column":22}},"18":{"start":{"line":47,"column":8},"end":{"line":57,"column":9}},"19":{"start":{"line":48,"column":33},"end":{"line":48,"column":57}},"20":{"start":{"line":49,"column":30},"end":{"line":49,"column":79}},"21":{"start":{"line":51,"column":12},"end":{"line":54,"column":15}},"22":{"start":{"line":56,"column":12},"end":{"line":56,"column":22}},"23":{"start":{"line":61,"column":0},"end":{"line":61,"column":37}}},"fnMap":{"0":{"name":"parseQuizId","decl":{"start":{"line":5,"column":9},"end":{"line":5,"column":20}},"loc":{"start":{"line":5,"column":29},"end":{"line":12,"column":1}},"line":5},"1":{"name":"extractQuizmasterId","decl":{"start":{"line":14,"column":9},"end":{"line":14,"column":28}},"loc":{"start":{"line":14,"column":34},"end":{"line":19,"column":1}},"line":14},"2":{"name":"(anonymous_2)","decl":{"start":{"line":28,"column":4},"end":{"line":28,"column":5}},"loc":{"start":{"line":28,"column":43},"end":{"line":41,"column":5}},"line":28},"3":{"name":"(anonymous_3)","decl":{"start":{"line":46,"column":4},"end":{"line":46,"column":5}},"loc":{"start":{"line":46,"column":39},"end":{"line":58,"column":5}},"line":46}},"branchMap":{"0":{"loc":{"start":{"line":7,"column":4},"end":{"line":10,"column":5}},"type":"if","locations":[{"start":{"line":7,"column":4},"end":{"line":10,"column":5}},{"start":{},"end":{}}],"line":7},"1":{"loc":{"start":{"line":9,"column":32},"end":{"line":9,"column":73}},"type":"binary-expr","locations":[{"start":{"line":9,"column":32},"end":{"line":9,"column":51}},{"start":{"line":9,"column":55},"end":{"line":9,"column":73}}],"line":9},"2":{"loc":{"start":{"line":15,"column":4},"end":{"line":17,"column":5}},"type":"if","locations":[{"start":{"line":15,"column":4},"end":{"line":17,"column":5}},{"start":{},"end":{}}],"line":15}},"s":{"0":3,"1":3,"2":3,"3":0,"4":0,"5":0,"6":0,"7":0,"8":0,"9":0,"10":0,"11":3,"12":0,"13":0,"14":0,"15":0,"16":0,"17":0,"18":0,"19":0,"20":0,"21":0,"22":0,"23":3},"f":{"0":0,"1":0,"2":0,"3":0},"b":{"0":[0,0],"1":[0,0],"2":[0,0]},"_coverageSchema":"1a1c01bbd47fc00a2c39e90264f33305004495a9","hash":"5ad11db222a5ba700ef03485376401ebf79bbdec"}
,"C:\\Users\\asus\\Desktop\\PFE\\acadecom-back\\src\\controllers\\auth.controller.js": {"path":"C:\\Users\\asus\\Desktop\\PFE\\acadecom-back\\src\\controllers\\auth.controller.js","statementMap":{"0":{"start":{"line":9,"column":20},"end":{"line":9,"column":55}},"1":{"start":{"line":10,"column":21},"end":{"line":10,"column":53}},"2":{"start":{"line":11,"column":24},"end":{"line":11,"column":53}},"3":{"start":{"line":13,"column":23},"end":{"line":43,"column":1}},"4":{"start":{"line":16,"column":17},"end":{"line":16,"column":53}},"5":{"start":{"line":17,"column":4},"end":{"line":17,"column":61}},"6":{"start":{"line":22,"column":28},"end":{"line":22,"column":61}},"7":{"start":{"line":23,"column":4},"end":{"line":23,"column":57}},"8":{"start":{"line":28,"column":19},"end":{"line":28,"column":56}},"9":{"start":{"line":29,"column":4},"end":{"line":29,"column":41}},"10":{"start":{"line":34,"column":17},"end":{"line":34,"column":50}},"11":{"start":{"line":35,"column":4},"end":{"line":35,"column":29}},"12":{"start":{"line":40,"column":19},"end":{"line":40,"column":55}},"13":{"start":{"line":41,"column":4},"end":{"line":41,"column":31}},"14":{"start":{"line":45,"column":0},"end":{"line":45,"column":32}}},"fnMap":{"0":{"name":"(anonymous_0)","decl":{"start":{"line":15,"column":25},"end":{"line":15,"column":26}},"loc":{"start":{"line":15,"column":45},"end":{"line":18,"column":3}},"line":15},"1":{"name":"(anonymous_1)","decl":{"start":{"line":21,"column":22},"end":{"line":21,"column":23}},"loc":{"start":{"line":21,"column":42},"end":{"line":24,"column":3}},"line":21},"2":{"name":"(anonymous_2)","decl":{"start":{"line":27,"column":23},"end":{"line":27,"column":24}},"loc":{"start":{"line":27,"column":43},"end":{"line":30,"column":3}},"line":27},"3":{"name":"(anonymous_3)","decl":{"start":{"line":33,"column":19},"end":{"line":33,"column":20}},"loc":{"start":{"line":33,"column":39},"end":{"line":36,"column":3}},"line":33},"4":{"name":"(anonymous_4)","decl":{"start":{"line":39,"column":23},"end":{"line":39,"column":24}},"loc":{"start":{"line":39,"column":44},"end":{"line":42,"column":3}},"line":39}},"branchMap":{},"s":{"0":3,"1":3,"2":3,"3":3,"4":2,"5":1,"6":2,"7":1,"8":0,"9":0,"10":1,"11":1,"12":1,"13":1,"14":3},"f":{"0":2,"1":2,"2":0,"3":1,"4":1},"b":{},"_coverageSchema":"1a1c01bbd47fc00a2c39e90264f33305004495a9","hash":"d130931262e876a5769c738c39b1cb2484a16732"}
,"C:\\Users\\asus\\Desktop\\PFE\\acadecom-back\\src\\controllers\\brand.controller.js": {"path":"C:\\Users\\asus\\Desktop\\PFE\\acadecom-back\\src\\controllers\\brand.controller.js","statementMap":{"0":{"start":{"line":1,"column":21},"end":{"line":1,"column":57}},"1":{"start":{"line":2,"column":53},"end":{"line":2,"column":95}},"2":{"start":{"line":3,"column":17},"end":{"line":3,"column":45}},"3":{"start":{"line":9,"column":19},"end":{"line":9,"column":55}},"4":{"start":{"line":10,"column":4},"end":{"line":13,"column":5}},"5":{"start":{"line":11,"column":28},"end":{"line":11,"column":62}},"6":{"start":{"line":12,"column":8},"end":{"line":12,"column":76}},"7":{"start":{"line":14,"column":4},"end":{"line":14,"column":26}},"8":{"start":{"line":21,"column":24},"end":{"line":193,"column":1}},"9":{"start":{"line":30,"column":8},"end":{"line":39,"column":9}},"10":{"start":{"line":31,"column":26},"end":{"line":31,"column":61}},"11":{"start":{"line":32,"column":12},"end":{"line":36,"column":15}},"12":{"start":{"line":38,"column":12},"end":{"line":38,"column":22}},"13":{"start":{"line":46,"column":8},"end":{"line":65,"column":9}},"14":{"start":{"line":47,"column":27},"end":{"line":47,"column":68}},"15":{"start":{"line":48,"column":12},"end":{"line":54,"column":13}},"16":{"start":{"line":49,"column":36},"end":{"line":49,"column":70}},"17":{"start":{"line":50,"column":33},"end":{"line":52,"column":31}},"18":{"start":{"line":51,"column":46},"end":{"line":51,"column":70}},"19":{"start":{"line":53,"column":16},"end":{"line":53,"column":83}},"20":{"start":{"line":56,"column":25},"end":{"line":56,"column":63}},"21":{"start":{"line":58,"column":12},"end":{"line":62,"column":15}},"22":{"start":{"line":64,"column":12},"end":{"line":64,"column":22}},"23":{"start":{"line":72,"column":8},"end":{"line":82,"column":9}},"24":{"start":{"line":73,"column":23},"end":{"line":73,"column":47}},"25":{"start":{"line":74,"column":26},"end":{"line":74,"column":56}},"26":{"start":{"line":76,"column":12},"end":{"line":79,"column":15}},"27":{"start":{"line":81,"column":12},"end":{"line":81,"column":22}},"28":{"start":{"line":89,"column":8},"end":{"line":100,"column":9}},"29":{"start":{"line":90,"column":23},"end":{"line":90,"column":47}},"30":{"start":{"line":91,"column":26},"end":{"line":91,"column":65}},"31":{"start":{"line":93,"column":12},"end":{"line":97,"column":15}},"32":{"start":{"line":99,"column":12},"end":{"line":99,"column":22}},"33":{"start":{"line":107,"column":8},"end":{"line":120,"column":9}},"34":{"start":{"line":108,"column":23},"end":{"line":108,"column":47}},"35":{"start":{"line":109,"column":28},"end":{"line":109,"column":57}},"36":{"start":{"line":111,"column":12},"end":{"line":117,"column":15}},"37":{"start":{"line":119,"column":12},"end":{"line":119,"column":22}},"38":{"start":{"line":131,"column":8},"end":{"line":140,"column":9}},"39":{"start":{"line":132,"column":26},"end":{"line":132,"column":68}},"40":{"start":{"line":134,"column":12},"end":{"line":137,"column":15}},"41":{"start":{"line":139,"column":12},"end":{"line":139,"column":22}},"42":{"start":{"line":147,"column":8},"end":{"line":157,"column":9}},"43":{"start":{"line":148,"column":26},"end":{"line":148,"column":81}},"44":{"start":{"line":150,"column":12},"end":{"line":154,"column":15}},"45":{"start":{"line":156,"column":12},"end":{"line":156,"column":22}},"46":{"start":{"line":164,"column":8},"end":{"line":174,"column":9}},"47":{"start":{"line":165,"column":32},"end":{"line":165,"column":78}},"48":{"start":{"line":167,"column":12},"end":{"line":171,"column":15}},"49":{"start":{"line":173,"column":12},"end":{"line":173,"column":22}},"50":{"start":{"line":181,"column":8},"end":{"line":191,"column":9}},"51":{"start":{"line":182,"column":28},"end":{"line":182,"column":70}},"52":{"start":{"line":184,"column":12},"end":{"line":188,"column":15}},"53":{"start":{"line":190,"column":12},"end":{"line":190,"column":22}},"54":{"start":{"line":195,"column":0},"end":{"line":195,"column":33}}},"fnMap":{"0":{"name":"parseBrandId","decl":{"start":{"line":8,"column":9},"end":{"line":8,"column":21}},"loc":{"start":{"line":8,"column":30},"end":{"line":15,"column":1}},"line":8},"1":{"name":"(anonymous_1)","decl":{"start":{"line":29,"column":4},"end":{"line":29,"column":5}},"loc":{"start":{"line":29,"column":33},"end":{"line":40,"column":5}},"line":29},"2":{"name":"(anonymous_2)","decl":{"start":{"line":45,"column":4},"end":{"line":45,"column":5}},"loc":{"start":{"line":45,"column":33},"end":{"line":66,"column":5}},"line":45},"3":{"name":"(anonymous_3)","decl":{"start":{"line":51,"column":25},"end":{"line":51,"column":26}},"loc":{"start":{"line":51,"column":46},"end":{"line":51,"column":70}},"line":51},"4":{"name":"(anonymous_4)","decl":{"start":{"line":71,"column":4},"end":{"line":71,"column":5}},"loc":{"start":{"line":71,"column":34},"end":{"line":83,"column":5}},"line":71},"5":{"name":"(anonymous_5)","decl":{"start":{"line":88,"column":4},"end":{"line":88,"column":5}},"loc":{"start":{"line":88,"column":33},"end":{"line":101,"column":5}},"line":88},"6":{"name":"(anonymous_6)","decl":{"start":{"line":106,"column":4},"end":{"line":106,"column":5}},"loc":{"start":{"line":106,"column":33},"end":{"line":121,"column":5}},"line":106},"7":{"name":"(anonymous_7)","decl":{"start":{"line":130,"column":4},"end":{"line":130,"column":5}},"loc":{"start":{"line":130,"column":37},"end":{"line":141,"column":5}},"line":130},"8":{"name":"(anonymous_8)","decl":{"start":{"line":146,"column":4},"end":{"line":146,"column":5}},"loc":{"start":{"line":146,"column":40},"end":{"line":158,"column":5}},"line":146},"9":{"name":"(anonymous_9)","decl":{"start":{"line":163,"column":4},"end":{"line":163,"column":5}},"loc":{"start":{"line":163,"column":41},"end":{"line":175,"column":5}},"line":163},"10":{"name":"(anonymous_10)","decl":{"start":{"line":180,"column":4},"end":{"line":180,"column":5}},"loc":{"start":{"line":180,"column":37},"end":{"line":192,"column":5}},"line":180}},"branchMap":{"0":{"loc":{"start":{"line":10,"column":4},"end":{"line":13,"column":5}},"type":"if","locations":[{"start":{"line":10,"column":4},"end":{"line":13,"column":5}},{"start":{},"end":{}}],"line":10},"1":{"loc":{"start":{"line":12,"column":32},"end":{"line":12,"column":74}},"type":"binary-expr","locations":[{"start":{"line":12,"column":32},"end":{"line":12,"column":51}},{"start":{"line":12,"column":55},"end":{"line":12,"column":74}}],"line":12},"2":{"loc":{"start":{"line":48,"column":12},"end":{"line":54,"column":13}},"type":"if","locations":[{"start":{"line":48,"column":12},"end":{"line":54,"column":13}},{"start":{},"end":{}}],"line":48},"3":{"loc":{"start":{"line":53,"column":46},"end":{"line":53,"column":80}},"type":"binary-expr","locations":[{"start":{"line":53,"column":46},"end":{"line":53,"column":54}},{"start":{"line":53,"column":58},"end":{"line":53,"column":80}}],"line":53},"4":{"loc":{"start":{"line":113,"column":25},"end":{"line":115,"column":67}},"type":"cond-expr","locations":[{"start":{"line":114,"column":22},"end":{"line":114,"column":96}},{"start":{"line":115,"column":22},"end":{"line":115,"column":67}}],"line":113}},"s":{"0":3,"1":3,"2":3,"3":0,"4":0,"5":0,"6":0,"7":0,"8":3,"9":0,"10":0,"11":0,"12":0,"13":0,"14":0,"15":0,"16":0,"17":0,"18":0,"19":0,"20":0,"21":0,"22":0,"23":0,"24":0,"25":0,"26":0,"27":0,"28":0,"29":0,"30":0,"31":0,"32":0,"33":0,"34":0,"35":0,"36":0,"37":0,"38":0,"39":0,"40":0,"41":0,"42":0,"43":0,"44":0,"45":0,"46":0,"47":0,"48":0,"49":0,"50":0,"51":0,"52":0,"53":0,"54":3},"f":{"0":0,"1":0,"2":0,"3":0,"4":0,"5":0,"6":0,"7":0,"8":0,"9":0,"10":0},"b":{"0":[0,0],"1":[0,0],"2":[0,0],"3":[0,0],"4":[0,0]},"_coverageSchema":"1a1c01bbd47fc00a2c39e90264f33305004495a9","hash":"fc2820c3002e621b980ed8ba0bf1aa8ff1421daf"}
,"C:\\Users\\asus\\Desktop\\PFE\\acadecom-back\\src\\controllers\\brandAnalytics.controller.js": {"path":"C:\\Users\\asus\\Desktop\\PFE\\acadecom-back\\src\\controllers\\brandAnalytics.controller.js","statementMap":{"0":{"start":{"line":1,"column":30},"end":{"line":1,"column":75}},"1":{"start":{"line":2,"column":31},"end":{"line":2,"column":73}},"2":{"start":{"line":3,"column":17},"end":{"line":3,"column":45}},"3":{"start":{"line":6,"column":19},"end":{"line":6,"column":55}},"4":{"start":{"line":7,"column":4},"end":{"line":10,"column":5}},"5":{"start":{"line":8,"column":28},"end":{"line":8,"column":62}},"6":{"start":{"line":9,"column":8},"end":{"line":9,"column":76}},"7":{"start":{"line":11,"column":4},"end":{"line":11,"column":26}},"8":{"start":{"line":17,"column":33},"end":{"line":62,"column":1}},"9":{"start":{"line":23,"column":8},"end":{"line":39,"column":9}},"10":{"start":{"line":24,"column":28},"end":{"line":24,"column":52}},"11":{"start":{"line":27,"column":12},"end":{"line":29,"column":13}},"12":{"start":{"line":28,"column":16},"end":{"line":28,"column":100}},"13":{"start":{"line":31,"column":30},"end":{"line":31,"column":84}},"14":{"start":{"line":33,"column":12},"end":{"line":36,"column":15}},"15":{"start":{"line":38,"column":12},"end":{"line":38,"column":22}},"16":{"start":{"line":47,"column":8},"end":{"line":60,"column":9}},"17":{"start":{"line":48,"column":12},"end":{"line":50,"column":13}},"18":{"start":{"line":49,"column":16},"end":{"line":49,"column":100}},"19":{"start":{"line":52,"column":30},"end":{"line":52,"column":83}},"20":{"start":{"line":54,"column":12},"end":{"line":57,"column":15}},"21":{"start":{"line":59,"column":12},"end":{"line":59,"column":22}},"22":{"start":{"line":64,"column":0},"end":{"line":64,"column":42}}},"fnMap":{"0":{"name":"parseBrandId","decl":{"start":{"line":5,"column":9},"end":{"line":5,"column":21}},"loc":{"start":{"line":5,"column":30},"end":{"line":12,"column":1}},"line":5},"1":{"name":"(anonymous_1)","decl":{"start":{"line":22,"column":4},"end":{"line":22,"column":5}},"loc":{"start":{"line":22,"column":44},"end":{"line":40,"column":5}},"line":22},"2":{"name":"(anonymous_2)","decl":{"start":{"line":46,"column":4},"end":{"line":46,"column":5}},"loc":{"start":{"line":46,"column":39},"end":{"line":61,"column":5}},"line":46}},"branchMap":{"0":{"loc":{"start":{"line":7,"column":4},"end":{"line":10,"column":5}},"type":"if","locations":[{"start":{"line":7,"column":4},"end":{"line":10,"column":5}},{"start":{},"end":{}}],"line":7},"1":{"loc":{"start":{"line":9,"column":32},"end":{"line":9,"column":74}},"type":"binary-expr","locations":[{"start":{"line":9,"column":32},"end":{"line":9,"column":51}},{"start":{"line":9,"column":55},"end":{"line":9,"column":74}}],"line":9},"2":{"loc":{"start":{"line":27,"column":12},"end":{"line":29,"column":13}},"type":"if","locations":[{"start":{"line":27,"column":12},"end":{"line":29,"column":13}},{"start":{},"end":{}}],"line":27},"3":{"loc":{"start":{"line":27,"column":16},"end":{"line":27,"column":68}},"type":"binary-expr","locations":[{"start":{"line":27,"column":16},"end":{"line":27,"column":41}},{"start":{"line":27,"column":45},"end":{"line":27,"column":68}}],"line":27},"4":{"loc":{"start":{"line":48,"column":12},"end":{"line":50,"column":13}},"type":"if","locations":[{"start":{"line":48,"column":12},"end":{"line":50,"column":13}},{"start":{},"end":{}}],"line":48}},"s":{"0":3,"1":3,"2":3,"3":0,"4":0,"5":0,"6":0,"7":0,"8":3,"9":0,"10":0,"11":0,"12":0,"13":0,"14":0,"15":0,"16":0,"17":0,"18":0,"19":0,"20":0,"21":0,"22":3},"f":{"0":0,"1":0,"2":0},"b":{"0":[0,0],"1":[0,0],"2":[0,0],"3":[0,0],"4":[0,0]},"_coverageSchema":"1a1c01bbd47fc00a2c39e90264f33305004495a9","hash":"284d9f91b06dbfda9bcf1318f38024c3ceb8eefb"}
,"C:\\Users\\asus\\Desktop\\PFE\\acadecom-back\\src\\controllers\\brandControl.controller.js": {"path":"C:\\Users\\asus\\Desktop\\PFE\\acadecom-back\\src\\controllers\\brandControl.controller.js","statementMap":{"0":{"start":{"line":1,"column":28},"end":{"line":1,"column":71}},"1":{"start":{"line":2,"column":27},"end":{"line":2,"column":69}},"2":{"start":{"line":3,"column":17},"end":{"line":3,"column":45}},"3":{"start":{"line":6,"column":15},"end":{"line":6,"column":32}},"4":{"start":{"line":7,"column":4},"end":{"line":7,"column":69}},"5":{"start":{"line":7,"column":24},"end":{"line":7,"column":69}},"6":{"start":{"line":8,"column":4},"end":{"line":8,"column":14}},"7":{"start":{"line":11,"column":31},"end":{"line":120,"column":1}},"8":{"start":{"line":15,"column":8},"end":{"line":21,"column":36}},"9":{"start":{"line":16,"column":25},"end":{"line":16,"column":58}},"10":{"start":{"line":17,"column":26},"end":{"line":17,"column":61}},"11":{"start":{"line":18,"column":27},"end":{"line":18,"column":56}},"12":{"start":{"line":19,"column":25},"end":{"line":19,"column":104}},"13":{"start":{"line":20,"column":12},"end":{"line":20,"column":50}},"14":{"start":{"line":21,"column":24},"end":{"line":21,"column":34}},"15":{"start":{"line":25,"column":8},"end":{"line":29,"column":36}},"16":{"start":{"line":26,"column":23},"end":{"line":26,"column":62}},"17":{"start":{"line":27,"column":25},"end":{"line":27,"column":83}},"18":{"start":{"line":28,"column":12},"end":{"line":28,"column":90}},"19":{"start":{"line":29,"column":24},"end":{"line":29,"column":34}},"20":{"start":{"line":33,"column":8},"end":{"line":37,"column":36}},"21":{"start":{"line":34,"column":23},"end":{"line":34,"column":62}},"22":{"start":{"line":35,"column":25},"end":{"line":35,"column":85}},"23":{"start":{"line":36,"column":12},"end":{"line":36,"column":92}},"24":{"start":{"line":37,"column":24},"end":{"line":37,"column":34}},"25":{"start":{"line":41,"column":8},"end":{"line":45,"column":36}},"26":{"start":{"line":42,"column":23},"end":{"line":42,"column":62}},"27":{"start":{"line":43,"column":25},"end":{"line":43,"column":84}},"28":{"start":{"line":44,"column":12},"end":{"line":44,"column":96}},"29":{"start":{"line":45,"column":24},"end":{"line":45,"column":34}},"30":{"start":{"line":51,"column":8},"end":{"line":62,"column":36}},"31":{"start":{"line":52,"column":25},"end":{"line":52,"column":58}},"32":{"start":{"line":53,"column":26},"end":{"line":53,"column":61}},"33":{"start":{"line":54,"column":27},"end":{"line":54,"column":56}},"34":{"start":{"line":55,"column":29},"end":{"line":59,"column":31}},"35":{"start":{"line":60,"column":25},"end":{"line":60,"column":110}},"36":{"start":{"line":61,"column":12},"end":{"line":61,"column":50}},"37":{"start":{"line":62,"column":24},"end":{"line":62,"column":34}},"38":{"start":{"line":66,"column":8},"end":{"line":70,"column":36}},"39":{"start":{"line":67,"column":23},"end":{"line":67,"column":56}},"40":{"start":{"line":68,"column":25},"end":{"line":68,"column":78}},"41":{"start":{"line":69,"column":12},"end":{"line":69,"column":84}},"42":{"start":{"line":70,"column":24},"end":{"line":70,"column":34}},"43":{"start":{"line":74,"column":8},"end":{"line":78,"column":36}},"44":{"start":{"line":75,"column":23},"end":{"line":75,"column":56}},"45":{"start":{"line":76,"column":25},"end":{"line":76,"column":79}},"46":{"start":{"line":77,"column":12},"end":{"line":77,"column":87}},"47":{"start":{"line":78,"column":24},"end":{"line":78,"column":34}},"48":{"start":{"line":82,"column":8},"end":{"line":86,"column":36}},"49":{"start":{"line":83,"column":23},"end":{"line":83,"column":56}},"50":{"start":{"line":84,"column":12},"end":{"line":84,"column":66}},"51":{"start":{"line":85,"column":12},"end":{"line":85,"column":84}},"52":{"start":{"line":86,"column":24},"end":{"line":86,"column":34}},"53":{"start":{"line":92,"column":8},"end":{"line":97,"column":36}},"54":{"start":{"line":93,"column":25},"end":{"line":93,"column":58}},"55":{"start":{"line":94,"column":26},"end":{"line":94,"column":61}},"56":{"start":{"line":95,"column":25},"end":{"line":95,"column":97}},"57":{"start":{"line":96,"column":12},"end":{"line":96,"column":50}},"58":{"start":{"line":97,"column":24},"end":{"line":97,"column":34}},"59":{"start":{"line":103,"column":8},"end":{"line":106,"column":36}},"60":{"start":{"line":104,"column":25},"end":{"line":104,"column":72}},"61":{"start":{"line":105,"column":12},"end":{"line":105,"column":50}},"62":{"start":{"line":106,"column":24},"end":{"line":106,"column":34}},"63":{"start":{"line":112,"column":8},"end":{"line":118,"column":36}},"64":{"start":{"line":113,"column":25},"end":{"line":113,"column":58}},"65":{"start":{"line":114,"column":26},"end":{"line":114,"column":61}},"66":{"start":{"line":115,"column":27},"end":{"line":115,"column":56}},"67":{"start":{"line":116,"column":25},"end":{"line":116,"column":100}},"68":{"start":{"line":117,"column":12},"end":{"line":117,"column":50}},"69":{"start":{"line":118,"column":24},"end":{"line":118,"column":34}},"70":{"start":{"line":122,"column":0},"end":{"line":122,"column":40}}},"fnMap":{"0":{"name":"parseId","decl":{"start":{"line":5,"column":9},"end":{"line":5,"column":16}},"loc":{"start":{"line":5,"column":36},"end":{"line":9,"column":1}},"line":5},"1":{"name":"(anonymous_1)","decl":{"start":{"line":14,"column":4},"end":{"line":14,"column":5}},"loc":{"start":{"line":14,"column":42},"end":{"line":22,"column":5}},"line":14},"2":{"name":"(anonymous_2)","decl":{"start":{"line":24,"column":4},"end":{"line":24,"column":5}},"loc":{"start":{"line":24,"column":42},"end":{"line":30,"column":5}},"line":24},"3":{"name":"(anonymous_3)","decl":{"start":{"line":32,"column":4},"end":{"line":32,"column":5}},"loc":{"start":{"line":32,"column":44},"end":{"line":38,"column":5}},"line":32},"4":{"name":"(anonymous_4)","decl":{"start":{"line":40,"column":4},"end":{"line":40,"column":5}},"loc":{"start":{"line":40,"column":43},"end":{"line":46,"column":5}},"line":40},"5":{"name":"(anonymous_5)","decl":{"start":{"line":50,"column":4},"end":{"line":50,"column":5}},"loc":{"start":{"line":50,"column":38},"end":{"line":63,"column":5}},"line":50},"6":{"name":"(anonymous_6)","decl":{"start":{"line":65,"column":4},"end":{"line":65,"column":5}},"loc":{"start":{"line":65,"column":37},"end":{"line":71,"column":5}},"line":65},"7":{"name":"(anonymous_7)","decl":{"start":{"line":73,"column":4},"end":{"line":73,"column":5}},"loc":{"start":{"line":73,"column":38},"end":{"line":79,"column":5}},"line":73},"8":{"name":"(anonymous_8)","decl":{"start":{"line":81,"column":4},"end":{"line":81,"column":5}},"loc":{"start":{"line":81,"column":37},"end":{"line":87,"column":5}},"line":81},"9":{"name":"(anonymous_9)","decl":{"start":{"line":91,"column":4},"end":{"line":91,"column":5}},"loc":{"start":{"line":91,"column":43},"end":{"line":98,"column":5}},"line":91},"10":{"name":"(anonymous_10)","decl":{"start":{"line":102,"column":4},"end":{"line":102,"column":5}},"loc":{"start":{"line":102,"column":35},"end":{"line":107,"column":5}},"line":102},"11":{"name":"(anonymous_11)","decl":{"start":{"line":111,"column":4},"end":{"line":111,"column":5}},"loc":{"start":{"line":111,"column":38},"end":{"line":119,"column":5}},"line":111}},"branchMap":{"0":{"loc":{"start":{"line":5,"column":22},"end":{"line":5,"column":34}},"type":"default-arg","locations":[{"start":{"line":5,"column":30},"end":{"line":5,"column":34}}],"line":5},"1":{"loc":{"start":{"line":7,"column":4},"end":{"line":7,"column":69}},"type":"if","locations":[{"start":{"line":7,"column":4},"end":{"line":7,"column":69}},{"start":{},"end":{}}],"line":7},"2":{"loc":{"start":{"line":7,"column":8},"end":{"line":7,"column":22}},"type":"binary-expr","locations":[{"start":{"line":7,"column":8},"end":{"line":7,"column":11}},{"start":{"line":7,"column":15},"end":{"line":7,"column":22}}],"line":7},"3":{"loc":{"start":{"line":16,"column":25},"end":{"line":16,"column":58}},"type":"binary-expr","locations":[{"start":{"line":16,"column":25},"end":{"line":16,"column":53}},{"start":{"line":16,"column":57},"end":{"line":16,"column":58}}],"line":16},"4":{"loc":{"start":{"line":17,"column":26},"end":{"line":17,"column":61}},"type":"binary-expr","locations":[{"start":{"line":17,"column":26},"end":{"line":17,"column":55}},{"start":{"line":17,"column":59},"end":{"line":17,"column":61}}],"line":17},"5":{"loc":{"start":{"line":18,"column":27},"end":{"line":18,"column":56}},"type":"binary-expr","locations":[{"start":{"line":18,"column":27},"end":{"line":18,"column":43}},{"start":{"line":18,"column":47},"end":{"line":18,"column":56}}],"line":18},"6":{"loc":{"start":{"line":52,"column":25},"end":{"line":52,"column":58}},"type":"binary-expr","locations":[{"start":{"line":52,"column":25},"end":{"line":52,"column":53}},{"start":{"line":52,"column":57},"end":{"line":52,"column":58}}],"line":52},"7":{"loc":{"start":{"line":53,"column":26},"end":{"line":53,"column":61}},"type":"binary-expr","locations":[{"start":{"line":53,"column":26},"end":{"line":53,"column":55}},{"start":{"line":53,"column":59},"end":{"line":53,"column":61}}],"line":53},"8":{"loc":{"start":{"line":54,"column":27},"end":{"line":54,"column":56}},"type":"binary-expr","locations":[{"start":{"line":54,"column":27},"end":{"line":54,"column":43}},{"start":{"line":54,"column":47},"end":{"line":54,"column":56}}],"line":54},"9":{"loc":{"start":{"line":55,"column":29},"end":{"line":59,"column":31}},"type":"cond-expr","locations":[{"start":{"line":56,"column":18},"end":{"line":56,"column":22}},{"start":{"line":57,"column":18},"end":{"line":59,"column":31}}],"line":55},"10":{"loc":{"start":{"line":57,"column":18},"end":{"line":59,"column":31}},"type":"cond-expr","locations":[{"start":{"line":58,"column":22},"end":{"line":58,"column":27}},{"start":{"line":59,"column":22},"end":{"line":59,"column":31}}],"line":57},"11":{"loc":{"start":{"line":93,"column":25},"end":{"line":93,"column":58}},"type":"binary-expr","locations":[{"start":{"line":93,"column":25},"end":{"line":93,"column":53}},{"start":{"line":93,"column":57},"end":{"line":93,"column":58}}],"line":93},"12":{"loc":{"start":{"line":94,"column":26},"end":{"line":94,"column":61}},"type":"binary-expr","locations":[{"start":{"line":94,"column":26},"end":{"line":94,"column":55}},{"start":{"line":94,"column":59},"end":{"line":94,"column":61}}],"line":94},"13":{"loc":{"start":{"line":113,"column":25},"end":{"line":113,"column":58}},"type":"binary-expr","locations":[{"start":{"line":113,"column":25},"end":{"line":113,"column":53}},{"start":{"line":113,"column":57},"end":{"line":113,"column":58}}],"line":113},"14":{"loc":{"start":{"line":114,"column":26},"end":{"line":114,"column":61}},"type":"binary-expr","locations":[{"start":{"line":114,"column":26},"end":{"line":114,"column":55}},{"start":{"line":114,"column":59},"end":{"line":114,"column":61}}],"line":114},"15":{"loc":{"start":{"line":115,"column":27},"end":{"line":115,"column":56}},"type":"binary-expr","locations":[{"start":{"line":115,"column":27},"end":{"line":115,"column":43}},{"start":{"line":115,"column":47},"end":{"line":115,"column":56}}],"line":115}},"s":{"0":3,"1":3,"2":3,"3":0,"4":0,"5":0,"6":0,"7":3,"8":0,"9":0,"10":0,"11":0,"12":0,"13":0,"14":0,"15":0,"16":0,"17":0,"18":0,"19":0,"20":0,"21":0,"22":0,"23":0,"24":0,"25":0,"26":0,"27":0,"28":0,"29":0,"30":0,"31":0,"32":0,"33":0,"34":0,"35":0,"36":0,"37":0,"38":0,"39":0,"40":0,"41":0,"42":0,"43":0,"44":0,"45":0,"46":0,"47":0,"48":0,"49":0,"50":0,"51":0,"52":0,"53":0,"54":0,"55":0,"56":0,"57":0,"58":0,"59":0,"60":0,"61":0,"62":0,"63":0,"64":0,"65":0,"66":0,"67":0,"68":0,"69":0,"70":3},"f":{"0":0,"1":0,"2":0,"3":0,"4":0,"5":0,"6":0,"7":0,"8":0,"9":0,"10":0,"11":0},"b":{"0":[0],"1":[0,0],"2":[0,0],"3":[0,0],"4":[0,0],"5":[0,0],"6":[0,0],"7":[0,0],"8":[0,0],"9":[0,0],"10":[0,0],"11":[0,0],"12":[0,0],"13":[0,0],"14":[0,0],"15":[0,0]},"_coverageSchema":"1a1c01bbd47fc00a2c39e90264f33305004495a9","hash":"351d0942ce2399ad3487d2a7ed680d55c3f3385d"}
,"C:\\Users\\asus\\Desktop\\PFE\\acadecom-back\\src\\controllers\\gamification.controller.js": {"path":"C:\\Users\\asus\\Desktop\\PFE\\acadecom-back\\src\\controllers\\gamification.controller.js","statementMap":{"0":{"start":{"line":1,"column":28},"end":{"line":1,"column":71}},"1":{"start":{"line":3,"column":31},"end":{"line":17,"column":1}},"2":{"start":{"line":5,"column":4},"end":{"line":8,"column":32}},"3":{"start":{"line":6,"column":22},"end":{"line":6,"column":71}},"4":{"start":{"line":7,"column":6},"end":{"line":7,"column":57}},"5":{"start":{"line":8,"column":20},"end":{"line":8,"column":30}},"6":{"start":{"line":12,"column":4},"end":{"line":15,"column":32}},"7":{"start":{"line":13,"column":21},"end":{"line":13,"column":72}},"8":{"start":{"line":14,"column":6},"end":{"line":14,"column":56}},"9":{"start":{"line":15,"column":20},"end":{"line":15,"column":30}},"10":{"start":{"line":19,"column":0},"end":{"line":19,"column":40}}},"fnMap":{"0":{"name":"(anonymous_0)","decl":{"start":{"line":4,"column":2},"end":{"line":4,"column":3}},"loc":{"start":{"line":4,"column":35},"end":{"line":9,"column":3}},"line":4},"1":{"name":"(anonymous_1)","decl":{"start":{"line":11,"column":2},"end":{"line":11,"column":3}},"loc":{"start":{"line":11,"column":37},"end":{"line":16,"column":3}},"line":11}},"branchMap":{},"s":{"0":3,"1":3,"2":0,"3":0,"4":0,"5":0,"6":0,"7":0,"8":0,"9":0,"10":3},"f":{"0":0,"1":0},"b":{},"_coverageSchema":"1a1c01bbd47fc00a2c39e90264f33305004495a9","hash":"8d246b2c19c401f280a6aff28a4cbe4c20436aa0"}
,"C:\\Users\\asus\\Desktop\\PFE\\acadecom-back\\src\\controllers\\leaderboard.controller.js": {"path":"C:\\Users\\asus\\Desktop\\PFE\\acadecom-back\\src\\controllers\\leaderboard.controller.js","statementMap":{"0":{"start":{"line":1,"column":27},"end":{"line":1,"column":69}},"1":{"start":{"line":2,"column":17},"end":{"line":2,"column":45}},"2":{"start":{"line":6,"column":4},"end":{"line":6,"column":50}},"3":{"start":{"line":9,"column":19},"end":{"line":9,"column":43}},"4":{"start":{"line":10,"column":4},"end":{"line":13,"column":5}},"5":{"start":{"line":11,"column":21},"end":{"line":11,"column":77}},"6":{"start":{"line":12,"column":8},"end":{"line":12,"column":65}},"7":{"start":{"line":14,"column":4},"end":{"line":14,"column":23}},"8":{"start":{"line":18,"column":19},"end":{"line":18,"column":42}},"9":{"start":{"line":19,"column":4},"end":{"line":22,"column":5}},"10":{"start":{"line":20,"column":21},"end":{"line":20,"column":77}},"11":{"start":{"line":21,"column":8},"end":{"line":21,"column":67}},"12":{"start":{"line":23,"column":4},"end":{"line":23,"column":23}},"13":{"start":{"line":29,"column":30},"end":{"line":62,"column":1}},"14":{"start":{"line":31,"column":8},"end":{"line":35,"column":36}},"15":{"start":{"line":32,"column":28},"end":{"line":32,"column":73}},"16":{"start":{"line":33,"column":25},"end":{"line":33,"column":68}},"17":{"start":{"line":34,"column":12},"end":{"line":34,"column":62}},"18":{"start":{"line":35,"column":24},"end":{"line":35,"column":34}},"19":{"start":{"line":39,"column":8},"end":{"line":43,"column":36}},"20":{"start":{"line":40,"column":28},"end":{"line":40,"column":73}},"21":{"start":{"line":41,"column":25},"end":{"line":41,"column":68}},"22":{"start":{"line":42,"column":12},"end":{"line":42,"column":62}},"23":{"start":{"line":43,"column":24},"end":{"line":43,"column":34}},"24":{"start":{"line":47,"column":8},"end":{"line":51,"column":36}},"25":{"start":{"line":48,"column":28},"end":{"line":48,"column":73}},"26":{"start":{"line":49,"column":25},"end":{"line":49,"column":69}},"27":{"start":{"line":50,"column":12},"end":{"line":50,"column":62}},"28":{"start":{"line":51,"column":24},"end":{"line":51,"column":34}},"29":{"start":{"line":55,"column":8},"end":{"line":60,"column":36}},"30":{"start":{"line":56,"column":31},"end":{"line":56,"column":81}},"31":{"start":{"line":57,"column":28},"end":{"line":57,"column":73}},"32":{"start":{"line":58,"column":25},"end":{"line":58,"column":76}},"33":{"start":{"line":59,"column":12},"end":{"line":59,"column":62}},"34":{"start":{"line":60,"column":24},"end":{"line":60,"column":34}},"35":{"start":{"line":64,"column":0},"end":{"line":64,"column":39}}},"fnMap":{"0":{"name":"parseParam","decl":{"start":{"line":8,"column":9},"end":{"line":8,"column":19}},"loc":{"start":{"line":8,"column":36},"end":{"line":15,"column":1}},"line":8},"1":{"name":"parseQuery","decl":{"start":{"line":17,"column":9},"end":{"line":17,"column":19}},"loc":{"start":{"line":17,"column":35},"end":{"line":24,"column":1}},"line":17},"2":{"name":"(anonymous_2)","decl":{"start":{"line":30,"column":4},"end":{"line":30,"column":5}},"loc":{"start":{"line":30,"column":36},"end":{"line":36,"column":5}},"line":30},"3":{"name":"(anonymous_3)","decl":{"start":{"line":38,"column":4},"end":{"line":38,"column":5}},"loc":{"start":{"line":38,"column":36},"end":{"line":44,"column":5}},"line":38},"4":{"name":"(anonymous_4)","decl":{"start":{"line":46,"column":4},"end":{"line":46,"column":5}},"loc":{"start":{"line":46,"column":37},"end":{"line":52,"column":5}},"line":46},"5":{"name":"(anonymous_5)","decl":{"start":{"line":54,"column":4},"end":{"line":54,"column":5}},"loc":{"start":{"line":54,"column":36},"end":{"line":61,"column":5}},"line":54}},"branchMap":{"0":{"loc":{"start":{"line":10,"column":4},"end":{"line":13,"column":5}},"type":"if","locations":[{"start":{"line":10,"column":4},"end":{"line":13,"column":5}},{"start":{},"end":{}}],"line":10},"1":{"loc":{"start":{"line":12,"column":32},"end":{"line":12,"column":63}},"type":"binary-expr","locations":[{"start":{"line":12,"column":32},"end":{"line":12,"column":39}},{"start":{"line":12,"column":43},"end":{"line":12,"column":63}}],"line":12},"2":{"loc":{"start":{"line":19,"column":4},"end":{"line":22,"column":5}},"type":"if","locations":[{"start":{"line":19,"column":4},"end":{"line":22,"column":5}},{"start":{},"end":{}}],"line":19},"3":{"loc":{"start":{"line":21,"column":32},"end":{"line":21,"column":65}},"type":"binary-expr","locations":[{"start":{"line":21,"column":32},"end":{"line":21,"column":39}},{"start":{"line":21,"column":43},"end":{"line":21,"column":65}}],"line":21}},"s":{"0":3,"1":3,"2":3,"3":0,"4":0,"5":0,"6":0,"7":0,"8":0,"9":0,"10":0,"11":0,"12":0,"13":3,"14":0,"15":0,"16":0,"17":0,"18":0,"19":0,"20":0,"21":0,"22":0,"23":0,"24":0,"25":0,"26":0,"27":0,"28":0,"29":0,"30":0,"31":0,"32":0,"33":0,"34":0,"35":3},"f":{"0":0,"1":0,"2":0,"3":0,"4":0,"5":0},"b":{"0":[0,0],"1":[0,0],"2":[0,0],"3":[0,0]},"_coverageSchema":"1a1c01bbd47fc00a2c39e90264f33305004495a9","hash":"b96137b4e9b080e079fe58eb446c08df0256d429"}
,"C:\\Users\\asus\\Desktop\\PFE\\acadecom-back\\src\\controllers\\notification.controller.js": {"path":"C:\\Users\\asus\\Desktop\\PFE\\acadecom-back\\src\\controllers\\notification.controller.js","statementMap":{"0":{"start":{"line":1,"column":28},"end":{"line":1,"column":71}},"1":{"start":{"line":2,"column":17},"end":{"line":2,"column":45}},"2":{"start":{"line":4,"column":31},"end":{"line":37,"column":1}},"3":{"start":{"line":6,"column":4},"end":{"line":12,"column":32}},"4":{"start":{"line":7,"column":19},"end":{"line":7,"column":52}},"5":{"start":{"line":8,"column":20},"end":{"line":8,"column":55}},"6":{"start":{"line":9,"column":25},"end":{"line":9,"column":56}},"7":{"start":{"line":10,"column":19},"end":{"line":10,"column":103}},"8":{"start":{"line":11,"column":6},"end":{"line":11,"column":44}},"9":{"start":{"line":12,"column":20},"end":{"line":12,"column":30}},"10":{"start":{"line":16,"column":4},"end":{"line":19,"column":32}},"11":{"start":{"line":17,"column":20},"end":{"line":17,"column":73}},"12":{"start":{"line":18,"column":6},"end":{"line":18,"column":55}},"13":{"start":{"line":19,"column":20},"end":{"line":19,"column":30}},"14":{"start":{"line":23,"column":4},"end":{"line":28,"column":32}},"15":{"start":{"line":24,"column":17},"end":{"line":24,"column":44}},"16":{"start":{"line":25,"column":6},"end":{"line":25,"column":67}},"17":{"start":{"line":25,"column":15},"end":{"line":25,"column":67}},"18":{"start":{"line":26,"column":6},"end":{"line":26,"column":60}},"19":{"start":{"line":27,"column":6},"end":{"line":27,"column":81}},"20":{"start":{"line":28,"column":20},"end":{"line":28,"column":30}},"21":{"start":{"line":32,"column":4},"end":{"line":35,"column":32}},"22":{"start":{"line":33,"column":6},"end":{"line":33,"column":59}},"23":{"start":{"line":34,"column":6},"end":{"line":34,"column":95}},"24":{"start":{"line":35,"column":20},"end":{"line":35,"column":30}},"25":{"start":{"line":39,"column":0},"end":{"line":39,"column":40}}},"fnMap":{"0":{"name":"(anonymous_0)","decl":{"start":{"line":5,"column":2},"end":{"line":5,"column":3}},"loc":{"start":{"line":5,"column":41},"end":{"line":13,"column":3}},"line":5},"1":{"name":"(anonymous_1)","decl":{"start":{"line":15,"column":2},"end":{"line":15,"column":3}},"loc":{"start":{"line":15,"column":39},"end":{"line":20,"column":3}},"line":15},"2":{"name":"(anonymous_2)","decl":{"start":{"line":22,"column":2},"end":{"line":22,"column":3}},"loc":{"start":{"line":22,"column":35},"end":{"line":29,"column":3}},"line":22},"3":{"name":"(anonymous_3)","decl":{"start":{"line":31,"column":2},"end":{"line":31,"column":3}},"loc":{"start":{"line":31,"column":38},"end":{"line":36,"column":3}},"line":31}},"branchMap":{"0":{"loc":{"start":{"line":7,"column":19},"end":{"line":7,"column":52}},"type":"binary-expr","locations":[{"start":{"line":7,"column":19},"end":{"line":7,"column":47}},{"start":{"line":7,"column":51},"end":{"line":7,"column":52}}],"line":7},"1":{"loc":{"start":{"line":8,"column":20},"end":{"line":8,"column":55}},"type":"binary-expr","locations":[{"start":{"line":8,"column":20},"end":{"line":8,"column":49}},{"start":{"line":8,"column":53},"end":{"line":8,"column":55}}],"line":8},"2":{"loc":{"start":{"line":25,"column":6},"end":{"line":25,"column":67}},"type":"if","locations":[{"start":{"line":25,"column":6},"end":{"line":25,"column":67}},{"start":{},"end":{}}],"line":25}},"s":{"0":3,"1":3,"2":3,"3":0,"4":0,"5":0,"6":0,"7":0,"8":0,"9":0,"10":0,"11":0,"12":0,"13":0,"14":0,"15":0,"16":0,"17":0,"18":0,"19":0,"20":0,"21":0,"22":0,"23":0,"24":0,"25":3},"f":{"0":0,"1":0,"2":0,"3":0},"b":{"0":[0,0],"1":[0,0],"2":[0,0]},"_coverageSchema":"1a1c01bbd47fc00a2c39e90264f33305004495a9","hash":"4905f0e98cfbe4707888b58cea571fbee4677f4a"}
,"C:\\Users\\asus\\Desktop\\PFE\\acadecom-back\\src\\controllers\\participant.controller.js": {"path":"C:\\Users\\asus\\Desktop\\PFE\\acadecom-back\\src\\controllers\\participant.controller.js","statementMap":{"0":{"start":{"line":9,"column":27},"end":{"line":9,"column":69}},"1":{"start":{"line":10,"column":21},"end":{"line":10,"column":53}},"2":{"start":{"line":11,"column":24},"end":{"line":11,"column":53}},"3":{"start":{"line":13,"column":30},"end":{"line":101,"column":1}},"4":{"start":{"line":17,"column":20},"end":{"line":17,"column":68}},"5":{"start":{"line":18,"column":4},"end":{"line":18,"column":32}},"6":{"start":{"line":22,"column":20},"end":{"line":22,"column":81}},"7":{"start":{"line":23,"column":4},"end":{"line":23,"column":53}},"8":{"start":{"line":27,"column":18},"end":{"line":27,"column":64}},"9":{"start":{"line":28,"column":4},"end":{"line":28,"column":30}},"10":{"start":{"line":34,"column":17},"end":{"line":34,"column":82}},"11":{"start":{"line":35,"column":4},"end":{"line":35,"column":66}},"12":{"start":{"line":39,"column":28},"end":{"line":39,"column":84}},"13":{"start":{"line":40,"column":4},"end":{"line":40,"column":40}},"14":{"start":{"line":46,"column":17},"end":{"line":46,"column":86}},"15":{"start":{"line":47,"column":4},"end":{"line":47,"column":52}},"16":{"start":{"line":51,"column":19},"end":{"line":55,"column":5}},"17":{"start":{"line":56,"column":4},"end":{"line":56,"column":59}},"18":{"start":{"line":60,"column":19},"end":{"line":60,"column":92}},"19":{"start":{"line":61,"column":4},"end":{"line":61,"column":53}},"20":{"start":{"line":65,"column":19},"end":{"line":69,"column":5}},"21":{"start":{"line":70,"column":4},"end":{"line":70,"column":64}},"22":{"start":{"line":74,"column":19},"end":{"line":74,"column":95}},"23":{"start":{"line":75,"column":4},"end":{"line":75,"column":31}},"24":{"start":{"line":81,"column":17},"end":{"line":81,"column":86}},"25":{"start":{"line":82,"column":4},"end":{"line":82,"column":55}},"26":{"start":{"line":86,"column":20},"end":{"line":86,"column":89}},"27":{"start":{"line":87,"column":4},"end":{"line":87,"column":32}},"28":{"start":{"line":93,"column":19},"end":{"line":93,"column":66}},"29":{"start":{"line":94,"column":4},"end":{"line":94,"column":31}},"30":{"start":{"line":98,"column":17},"end":{"line":98,"column":91}},"31":{"start":{"line":99,"column":4},"end":{"line":99,"column":25}},"32":{"start":{"line":103,"column":0},"end":{"line":103,"column":39}}},"fnMap":{"0":{"name":"(anonymous_0)","decl":{"start":{"line":16,"column":27},"end":{"line":16,"column":28}},"loc":{"start":{"line":16,"column":47},"end":{"line":19,"column":3}},"line":16},"1":{"name":"(anonymous_1)","decl":{"start":{"line":21,"column":30},"end":{"line":21,"column":31}},"loc":{"start":{"line":21,"column":50},"end":{"line":24,"column":3}},"line":21},"2":{"name":"(anonymous_2)","decl":{"start":{"line":26,"column":25},"end":{"line":26,"column":26}},"loc":{"start":{"line":26,"column":45},"end":{"line":29,"column":3}},"line":26},"3":{"name":"(anonymous_3)","decl":{"start":{"line":33,"column":37},"end":{"line":33,"column":38}},"loc":{"start":{"line":33,"column":57},"end":{"line":36,"column":3}},"line":33},"4":{"name":"(anonymous_4)","decl":{"start":{"line":38,"column":35},"end":{"line":38,"column":36}},"loc":{"start":{"line":38,"column":55},"end":{"line":41,"column":3}},"line":38},"5":{"name":"(anonymous_5)","decl":{"start":{"line":45,"column":29},"end":{"line":45,"column":30}},"loc":{"start":{"line":45,"column":49},"end":{"line":48,"column":3}},"line":45},"6":{"name":"(anonymous_6)","decl":{"start":{"line":50,"column":31},"end":{"line":50,"column":32}},"loc":{"start":{"line":50,"column":51},"end":{"line":57,"column":3}},"line":50},"7":{"name":"(anonymous_7)","decl":{"start":{"line":59,"column":30},"end":{"line":59,"column":31}},"loc":{"start":{"line":59,"column":50},"end":{"line":62,"column":3}},"line":59},"8":{"name":"(anonymous_8)","decl":{"start":{"line":64,"column":32},"end":{"line":64,"column":33}},"loc":{"start":{"line":64,"column":52},"end":{"line":71,"column":3}},"line":64},"9":{"name":"(anonymous_9)","decl":{"start":{"line":73,"column":33},"end":{"line":73,"column":34}},"loc":{"start":{"line":73,"column":53},"end":{"line":76,"column":3}},"line":73},"10":{"name":"(anonymous_10)","decl":{"start":{"line":80,"column":28},"end":{"line":80,"column":29}},"loc":{"start":{"line":80,"column":48},"end":{"line":83,"column":3}},"line":80},"11":{"name":"(anonymous_11)","decl":{"start":{"line":85,"column":33},"end":{"line":85,"column":34}},"loc":{"start":{"line":85,"column":53},"end":{"line":88,"column":3}},"line":85},"12":{"name":"(anonymous_12)","decl":{"start":{"line":92,"column":26},"end":{"line":92,"column":27}},"loc":{"start":{"line":92,"column":46},"end":{"line":95,"column":3}},"line":92},"13":{"name":"(anonymous_13)","decl":{"start":{"line":97,"column":33},"end":{"line":97,"column":34}},"loc":{"start":{"line":97,"column":53},"end":{"line":100,"column":3}},"line":97}},"branchMap":{},"s":{"0":3,"1":3,"2":3,"3":3,"4":1,"5":1,"6":0,"7":0,"8":0,"9":0,"10":1,"11":1,"12":0,"13":0,"14":1,"15":1,"16":0,"17":0,"18":0,"19":0,"20":0,"21":0,"22":0,"23":0,"24":0,"25":0,"26":0,"27":0,"28":0,"29":0,"30":0,"31":0,"32":3},"f":{"0":1,"1":0,"2":0,"3":1,"4":0,"5":1,"6":0,"7":0,"8":0,"9":0,"10":0,"11":0,"12":0,"13":0},"b":{},"_coverageSchema":"1a1c01bbd47fc00a2c39e90264f33305004495a9","hash":"f1e21b68f2024eff84c208a26ee3753c069162a3"}
,"C:\\Users\\asus\\Desktop\\PFE\\acadecom-back\\src\\controllers\\profile.controller.js": {"path":"C:\\Users\\asus\\Desktop\\PFE\\acadecom-back\\src\\controllers\\profile.controller.js","statementMap":{"0":{"start":{"line":1,"column":23},"end":{"line":1,"column":61}},"1":{"start":{"line":2,"column":17},"end":{"line":2,"column":45}},"2":{"start":{"line":4,"column":26},"end":{"line":59,"column":1}},"3":{"start":{"line":6,"column":8},"end":{"line":9,"column":36}},"4":{"start":{"line":7,"column":25},"end":{"line":7,"column":64}},"5":{"start":{"line":8,"column":12},"end":{"line":8,"column":60}},"6":{"start":{"line":9,"column":24},"end":{"line":9,"column":34}},"7":{"start":{"line":13,"column":8},"end":{"line":20,"column":36}},"8":{"start":{"line":14,"column":25},"end":{"line":14,"column":77}},"9":{"start":{"line":15,"column":12},"end":{"line":19,"column":15}},"10":{"start":{"line":20,"column":24},"end":{"line":20,"column":34}},"11":{"start":{"line":24,"column":8},"end":{"line":31,"column":36}},"12":{"start":{"line":25,"column":53},"end":{"line":25,"column":61}},"13":{"start":{"line":26,"column":12},"end":{"line":26,"column":91}},"14":{"start":{"line":27,"column":12},"end":{"line":30,"column":15}},"15":{"start":{"line":31,"column":24},"end":{"line":31,"column":34}},"16":{"start":{"line":35,"column":8},"end":{"line":46,"column":36}},"17":{"start":{"line":36,"column":24},"end":{"line":36,"column":37}},"18":{"start":{"line":37,"column":12},"end":{"line":39,"column":13}},"19":{"start":{"line":38,"column":16},"end":{"line":38,"column":68}},"20":{"start":{"line":40,"column":25},"end":{"line":40,"column":76}},"21":{"start":{"line":41,"column":12},"end":{"line":45,"column":15}},"22":{"start":{"line":46,"column":24},"end":{"line":46,"column":34}},"23":{"start":{"line":50,"column":8},"end":{"line":57,"column":36}},"24":{"start":{"line":51,"column":25},"end":{"line":51,"column":71}},"25":{"start":{"line":52,"column":12},"end":{"line":56,"column":15}},"26":{"start":{"line":57,"column":24},"end":{"line":57,"column":34}},"27":{"start":{"line":61,"column":0},"end":{"line":61,"column":35}}},"fnMap":{"0":{"name":"(anonymous_0)","decl":{"start":{"line":5,"column":4},"end":{"line":5,"column":5}},"loc":{"start":{"line":5,"column":32},"end":{"line":10,"column":5}},"line":5},"1":{"name":"(anonymous_1)","decl":{"start":{"line":12,"column":4},"end":{"line":12,"column":5}},"loc":{"start":{"line":12,"column":35},"end":{"line":21,"column":5}},"line":12},"2":{"name":"(anonymous_2)","decl":{"start":{"line":23,"column":4},"end":{"line":23,"column":5}},"loc":{"start":{"line":23,"column":41},"end":{"line":32,"column":5}},"line":23},"3":{"name":"(anonymous_3)","decl":{"start":{"line":34,"column":4},"end":{"line":34,"column":5}},"loc":{"start":{"line":34,"column":39},"end":{"line":47,"column":5}},"line":34},"4":{"name":"(anonymous_4)","decl":{"start":{"line":49,"column":4},"end":{"line":49,"column":5}},"loc":{"start":{"line":49,"column":39},"end":{"line":58,"column":5}},"line":49}},"branchMap":{"0":{"loc":{"start":{"line":37,"column":12},"end":{"line":39,"column":13}},"type":"if","locations":[{"start":{"line":37,"column":12},"end":{"line":39,"column":13}},{"start":{},"end":{}}],"line":37},"1":{"loc":{"start":{"line":37,"column":16},"end":{"line":37,"column":55}},"type":"binary-expr","locations":[{"start":{"line":37,"column":16},"end":{"line":37,"column":39}},{"start":{"line":37,"column":43},"end":{"line":37,"column":55}}],"line":37}},"s":{"0":3,"1":3,"2":3,"3":0,"4":0,"5":0,"6":0,"7":0,"8":0,"9":0,"10":0,"11":0,"12":0,"13":0,"14":0,"15":0,"16":0,"17":0,"18":0,"19":0,"20":0,"21":0,"22":0,"23":0,"24":0,"25":0,"26":0,"27":3},"f":{"0":0,"1":0,"2":0,"3":0,"4":0},"b":{"0":[0,0],"1":[0,0]},"_coverageSchema":"1a1c01bbd47fc00a2c39e90264f33305004495a9","hash":"5088d88b48561cec2b2d7cd77ed23fe12d6884ef"}
,"C:\\Users\\asus\\Desktop\\PFE\\acadecom-back\\src\\controllers\\question.controller.js": {"path":"C:\\Users\\asus\\Desktop\\PFE\\acadecom-back\\src\\controllers\\question.controller.js","statementMap":{"0":{"start":{"line":1,"column":24},"end":{"line":1,"column":63}},"1":{"start":{"line":2,"column":53},"end":{"line":2,"column":98}},"2":{"start":{"line":3,"column":17},"end":{"line":3,"column":45}},"3":{"start":{"line":6,"column":19},"end":{"line":6,"column":54}},"4":{"start":{"line":7,"column":4},"end":{"line":10,"column":5}},"5":{"start":{"line":8,"column":28},"end":{"line":8,"column":62}},"6":{"start":{"line":9,"column":8},"end":{"line":9,"column":79}},"7":{"start":{"line":11,"column":4},"end":{"line":11,"column":30}},"8":{"start":{"line":15,"column":19},"end":{"line":15,"column":58}},"9":{"start":{"line":16,"column":4},"end":{"line":19,"column":5}},"10":{"start":{"line":17,"column":28},"end":{"line":17,"column":62}},"11":{"start":{"line":18,"column":8},"end":{"line":18,"column":79}},"12":{"start":{"line":20,"column":4},"end":{"line":20,"column":26}},"13":{"start":{"line":24,"column":4},"end":{"line":26,"column":5}},"14":{"start":{"line":25,"column":8},"end":{"line":25,"column":76}},"15":{"start":{"line":27,"column":4},"end":{"line":27,"column":23}},"16":{"start":{"line":33,"column":27},"end":{"line":90,"column":1}},"17":{"start":{"line":38,"column":8},"end":{"line":50,"column":9}},"18":{"start":{"line":39,"column":33},"end":{"line":39,"column":57}},"19":{"start":{"line":40,"column":27},"end":{"line":40,"column":50}},"20":{"start":{"line":41,"column":29},"end":{"line":41,"column":89}},"21":{"start":{"line":43,"column":12},"end":{"line":47,"column":15}},"22":{"start":{"line":49,"column":12},"end":{"line":49,"column":22}},"23":{"start":{"line":57,"column":8},"end":{"line":69,"column":9}},"24":{"start":{"line":58,"column":33},"end":{"line":58,"column":57}},"25":{"start":{"line":59,"column":31},"end":{"line":59,"column":58}},"26":{"start":{"line":60,"column":29},"end":{"line":60,"column":93}},"27":{"start":{"line":62,"column":12},"end":{"line":66,"column":15}},"28":{"start":{"line":68,"column":12},"end":{"line":68,"column":22}},"29":{"start":{"line":76,"column":8},"end":{"line":88,"column":9}},"30":{"start":{"line":77,"column":33},"end":{"line":77,"column":57}},"31":{"start":{"line":78,"column":31},"end":{"line":78,"column":58}},"32":{"start":{"line":79,"column":28},"end":{"line":79,"column":82}},"33":{"start":{"line":81,"column":12},"end":{"line":85,"column":15}},"34":{"start":{"line":87,"column":12},"end":{"line":87,"column":22}},"35":{"start":{"line":92,"column":0},"end":{"line":92,"column":36}}},"fnMap":{"0":{"name":"parseQuizId","decl":{"start":{"line":5,"column":9},"end":{"line":5,"column":20}},"loc":{"start":{"line":5,"column":29},"end":{"line":12,"column":1}},"line":5},"1":{"name":"parseQuestionId","decl":{"start":{"line":14,"column":9},"end":{"line":14,"column":24}},"loc":{"start":{"line":14,"column":33},"end":{"line":21,"column":1}},"line":14},"2":{"name":"extractQuizmasterId","decl":{"start":{"line":23,"column":9},"end":{"line":23,"column":28}},"loc":{"start":{"line":23,"column":34},"end":{"line":28,"column":1}},"line":23},"3":{"name":"(anonymous_3)","decl":{"start":{"line":37,"column":4},"end":{"line":37,"column":5}},"loc":{"start":{"line":37,"column":33},"end":{"line":51,"column":5}},"line":37},"4":{"name":"(anonymous_4)","decl":{"start":{"line":56,"column":4},"end":{"line":56,"column":5}},"loc":{"start":{"line":56,"column":33},"end":{"line":70,"column":5}},"line":56},"5":{"name":"(anonymous_5)","decl":{"start":{"line":75,"column":4},"end":{"line":75,"column":5}},"loc":{"start":{"line":75,"column":33},"end":{"line":89,"column":5}},"line":75}},"branchMap":{"0":{"loc":{"start":{"line":7,"column":4},"end":{"line":10,"column":5}},"type":"if","locations":[{"start":{"line":7,"column":4},"end":{"line":10,"column":5}},{"start":{},"end":{}}],"line":7},"1":{"loc":{"start":{"line":9,"column":32},"end":{"line":9,"column":77}},"type":"binary-expr","locations":[{"start":{"line":9,"column":32},"end":{"line":9,"column":55}},{"start":{"line":9,"column":59},"end":{"line":9,"column":77}}],"line":9},"2":{"loc":{"start":{"line":16,"column":4},"end":{"line":19,"column":5}},"type":"if","locations":[{"start":{"line":16,"column":4},"end":{"line":19,"column":5}},{"start":{},"end":{}}],"line":16},"3":{"loc":{"start":{"line":18,"column":32},"end":{"line":18,"column":77}},"type":"binary-expr","locations":[{"start":{"line":18,"column":32},"end":{"line":18,"column":51}},{"start":{"line":18,"column":55},"end":{"line":18,"column":77}}],"line":18},"4":{"loc":{"start":{"line":24,"column":4},"end":{"line":26,"column":5}},"type":"if","locations":[{"start":{"line":24,"column":4},"end":{"line":26,"column":5}},{"start":{},"end":{}}],"line":24}},"s":{"0":3,"1":3,"2":3,"3":0,"4":0,"5":0,"6":0,"7":0,"8":0,"9":0,"10":0,"11":0,"12":0,"13":0,"14":0,"15":0,"16":3,"17":0,"18":0,"19":0,"20":0,"21":0,"22":0,"23":0,"24":0,"25":0,"26":0,"27":0,"28":0,"29":0,"30":0,"31":0,"32":0,"33":0,"34":0,"35":3},"f":{"0":0,"1":0,"2":0,"3":0,"4":0,"5":0},"b":{"0":[0,0],"1":[0,0],"2":[0,0],"3":[0,0],"4":[0,0]},"_coverageSchema":"1a1c01bbd47fc00a2c39e90264f33305004495a9","hash":"0a24cda9b28f5b196b9b95cc8a6849ed6dc71f39"}
,"C:\\Users\\asus\\Desktop\\PFE\\acadecom-back\\src\\controllers\\quiz.controller.js": {"path":"C:\\Users\\asus\\Desktop\\PFE\\acadecom-back\\src\\controllers\\quiz.controller.js","statementMap":{"0":{"start":{"line":1,"column":20},"end":{"line":1,"column":55}},"1":{"start":{"line":2,"column":74},"end":{"line":2,"column":115}},"2":{"start":{"line":3,"column":17},"end":{"line":3,"column":45}},"3":{"start":{"line":4,"column":15},"end":{"line":4,"column":42}},"4":{"start":{"line":10,"column":4},"end":{"line":12,"column":5}},"5":{"start":{"line":11,"column":8},"end":{"line":11,"column":76}},"6":{"start":{"line":13,"column":17},"end":{"line":16,"column":6}},"7":{"start":{"line":17,"column":4},"end":{"line":19,"column":5}},"8":{"start":{"line":18,"column":8},"end":{"line":18,"column":65}},"9":{"start":{"line":20,"column":4},"end":{"line":22,"column":5}},"10":{"start":{"line":21,"column":8},"end":{"line":21,"column":75}},"11":{"start":{"line":23,"column":4},"end":{"line":23,"column":64}},"12":{"start":{"line":27,"column":19},"end":{"line":27,"column":54}},"13":{"start":{"line":28,"column":4},"end":{"line":31,"column":5}},"14":{"start":{"line":29,"column":28},"end":{"line":29,"column":62}},"15":{"start":{"line":30,"column":8},"end":{"line":30,"column":75}},"16":{"start":{"line":32,"column":4},"end":{"line":32,"column":26}},"17":{"start":{"line":38,"column":23},"end":{"line":179,"column":1}},"18":{"start":{"line":43,"column":8},"end":{"line":53,"column":9}},"19":{"start":{"line":44,"column":46},"end":{"line":44,"column":78}},"20":{"start":{"line":45,"column":25},"end":{"line":45,"column":82}},"21":{"start":{"line":46,"column":12},"end":{"line":50,"column":15}},"22":{"start":{"line":52,"column":12},"end":{"line":52,"column":22}},"23":{"start":{"line":60,"column":8},"end":{"line":81,"column":9}},"24":{"start":{"line":61,"column":37},"end":{"line":61,"column":69}},"25":{"start":{"line":63,"column":27},"end":{"line":63,"column":69}},"26":{"start":{"line":64,"column":12},"end":{"line":70,"column":13}},"27":{"start":{"line":65,"column":36},"end":{"line":65,"column":70}},"28":{"start":{"line":66,"column":33},"end":{"line":68,"column":31}},"29":{"start":{"line":67,"column":46},"end":{"line":67,"column":70}},"30":{"start":{"line":69,"column":16},"end":{"line":69,"column":83}},"31":{"start":{"line":72,"column":25},"end":{"line":72,"column":76}},"32":{"start":{"line":74,"column":12},"end":{"line":78,"column":15}},"33":{"start":{"line":80,"column":12},"end":{"line":80,"column":22}},"34":{"start":{"line":88,"column":8},"end":{"line":99,"column":9}},"35":{"start":{"line":89,"column":37},"end":{"line":89,"column":69}},"36":{"start":{"line":90,"column":27},"end":{"line":90,"column":50}},"37":{"start":{"line":91,"column":25},"end":{"line":91,"column":72}},"38":{"start":{"line":93,"column":12},"end":{"line":96,"column":15}},"39":{"start":{"line":98,"column":12},"end":{"line":98,"column":22}},"40":{"start":{"line":106,"column":8},"end":{"line":118,"column":9}},"41":{"start":{"line":107,"column":37},"end":{"line":107,"column":69}},"42":{"start":{"line":108,"column":27},"end":{"line":108,"column":50}},"43":{"start":{"line":109,"column":25},"end":{"line":109,"column":81}},"44":{"start":{"line":111,"column":12},"end":{"line":115,"column":15}},"45":{"start":{"line":117,"column":12},"end":{"line":117,"column":22}},"46":{"start":{"line":125,"column":8},"end":{"line":137,"column":9}},"47":{"start":{"line":126,"column":37},"end":{"line":126,"column":69}},"48":{"start":{"line":127,"column":27},"end":{"line":127,"column":50}},"49":{"start":{"line":128,"column":28},"end":{"line":128,"column":74}},"50":{"start":{"line":130,"column":12},"end":{"line":134,"column":15}},"51":{"start":{"line":136,"column":12},"end":{"line":136,"column":22}},"52":{"start":{"line":145,"column":8},"end":{"line":157,"column":9}},"53":{"start":{"line":146,"column":27},"end":{"line":146,"column":50}},"54":{"start":{"line":147,"column":27},"end":{"line":147,"column":38}},"55":{"start":{"line":148,"column":25},"end":{"line":148,"column":71}},"56":{"start":{"line":150,"column":12},"end":{"line":154,"column":15}},"57":{"start":{"line":156,"column":12},"end":{"line":156,"column":22}},"58":{"start":{"line":165,"column":8},"end":{"line":177,"column":9}},"59":{"start":{"line":166,"column":30},"end":{"line":166,"column":53}},"60":{"start":{"line":167,"column":27},"end":{"line":167,"column":38}},"61":{"start":{"line":168,"column":27},"end":{"line":168,"column":95}},"62":{"start":{"line":170,"column":12},"end":{"line":174,"column":15}},"63":{"start":{"line":176,"column":12},"end":{"line":176,"column":22}},"64":{"start":{"line":181,"column":0},"end":{"line":181,"column":32}}},"fnMap":{"0":{"name":"extractQuizmasterInfo","decl":{"start":{"line":9,"column":15},"end":{"line":9,"column":36}},"loc":{"start":{"line":9,"column":42},"end":{"line":24,"column":1}},"line":9},"1":{"name":"parseQuizId","decl":{"start":{"line":26,"column":9},"end":{"line":26,"column":20}},"loc":{"start":{"line":26,"column":29},"end":{"line":33,"column":1}},"line":26},"2":{"name":"(anonymous_2)","decl":{"start":{"line":42,"column":4},"end":{"line":42,"column":5}},"loc":{"start":{"line":42,"column":33},"end":{"line":54,"column":5}},"line":42},"3":{"name":"(anonymous_3)","decl":{"start":{"line":59,"column":4},"end":{"line":59,"column":5}},"loc":{"start":{"line":59,"column":33},"end":{"line":82,"column":5}},"line":59},"4":{"name":"(anonymous_4)","decl":{"start":{"line":67,"column":25},"end":{"line":67,"column":26}},"loc":{"start":{"line":67,"column":46},"end":{"line":67,"column":70}},"line":67},"5":{"name":"(anonymous_5)","decl":{"start":{"line":87,"column":4},"end":{"line":87,"column":5}},"loc":{"start":{"line":87,"column":34},"end":{"line":100,"column":5}},"line":87},"6":{"name":"(anonymous_6)","decl":{"start":{"line":105,"column":4},"end":{"line":105,"column":5}},"loc":{"start":{"line":105,"column":33},"end":{"line":119,"column":5}},"line":105},"7":{"name":"(anonymous_7)","decl":{"start":{"line":124,"column":4},"end":{"line":124,"column":5}},"loc":{"start":{"line":124,"column":33},"end":{"line":138,"column":5}},"line":124},"8":{"name":"(anonymous_8)","decl":{"start":{"line":144,"column":4},"end":{"line":144,"column":5}},"loc":{"start":{"line":144,"column":39},"end":{"line":158,"column":5}},"line":144},"9":{"name":"(anonymous_9)","decl":{"start":{"line":164,"column":4},"end":{"line":164,"column":5}},"loc":{"start":{"line":164,"column":40},"end":{"line":178,"column":5}},"line":164}},"branchMap":{"0":{"loc":{"start":{"line":10,"column":4},"end":{"line":12,"column":5}},"type":"if","locations":[{"start":{"line":10,"column":4},"end":{"line":12,"column":5}},{"start":{},"end":{}}],"line":10},"1":{"loc":{"start":{"line":17,"column":4},"end":{"line":19,"column":5}},"type":"if","locations":[{"start":{"line":17,"column":4},"end":{"line":19,"column":5}},{"start":{},"end":{}}],"line":17},"2":{"loc":{"start":{"line":17,"column":8},"end":{"line":17,"column":43}},"type":"binary-expr","locations":[{"start":{"line":17,"column":8},"end":{"line":17,"column":13}},{"start":{"line":17,"column":17},"end":{"line":17,"column":43}}],"line":17},"3":{"loc":{"start":{"line":20,"column":4},"end":{"line":22,"column":5}},"type":"if","locations":[{"start":{"line":20,"column":4},"end":{"line":22,"column":5}},{"start":{},"end":{}}],"line":20},"4":{"loc":{"start":{"line":28,"column":4},"end":{"line":31,"column":5}},"type":"if","locations":[{"start":{"line":28,"column":4},"end":{"line":31,"column":5}},{"start":{},"end":{}}],"line":28},"5":{"loc":{"start":{"line":30,"column":32},"end":{"line":30,"column":73}},"type":"binary-expr","locations":[{"start":{"line":30,"column":32},"end":{"line":30,"column":51}},{"start":{"line":30,"column":55},"end":{"line":30,"column":73}}],"line":30},"6":{"loc":{"start":{"line":64,"column":12},"end":{"line":70,"column":13}},"type":"if","locations":[{"start":{"line":64,"column":12},"end":{"line":70,"column":13}},{"start":{},"end":{}}],"line":64},"7":{"loc":{"start":{"line":69,"column":46},"end":{"line":69,"column":80}},"type":"binary-expr","locations":[{"start":{"line":69,"column":46},"end":{"line":69,"column":54}},{"start":{"line":69,"column":58},"end":{"line":69,"column":80}}],"line":69}},"s":{"0":3,"1":3,"2":3,"3":3,"4":0,"5":0,"6":0,"7":0,"8":0,"9":0,"10":0,"11":0,"12":0,"13":0,"14":0,"15":0,"16":0,"17":3,"18":0,"19":0,"20":0,"21":0,"22":0,"23":0,"24":0,"25":0,"26":0,"27":0,"28":0,"29":0,"30":0,"31":0,"32":0,"33":0,"34":0,"35":0,"36":0,"37":0,"38":0,"39":0,"40":0,"41":0,"42":0,"43":0,"44":0,"45":0,"46":0,"47":0,"48":0,"49":0,"50":0,"51":0,"52":0,"53":0,"54":0,"55":0,"56":0,"57":0,"58":0,"59":0,"60":0,"61":0,"62":0,"63":0,"64":3},"f":{"0":0,"1":0,"2":0,"3":0,"4":0,"5":0,"6":0,"7":0,"8":0,"9":0},"b":{"0":[0,0],"1":[0,0],"2":[0,0],"3":[0,0],"4":[0,0],"5":[0,0],"6":[0,0],"7":[0,0]},"_coverageSchema":"1a1c01bbd47fc00a2c39e90264f33305004495a9","hash":"f172a5f251dbe2a44ef0890ac396298bab8a99c2"}
,"C:\\Users\\asus\\Desktop\\PFE\\acadecom-back\\src\\controllers\\quizmaster.controller.js": {"path":"C:\\Users\\asus\\Desktop\\PFE\\acadecom-back\\src\\controllers\\quizmaster.controller.js","statementMap":{"0":{"start":{"line":1,"column":26},"end":{"line":1,"column":67}},"1":{"start":{"line":2,"column":63},"end":{"line":2,"column":110}},"2":{"start":{"line":3,"column":17},"end":{"line":3,"column":45}},"3":{"start":{"line":9,"column":19},"end":{"line":9,"column":60}},"4":{"start":{"line":10,"column":4},"end":{"line":13,"column":5}},"5":{"start":{"line":11,"column":28},"end":{"line":11,"column":62}},"6":{"start":{"line":12,"column":8},"end":{"line":12,"column":81}},"7":{"start":{"line":14,"column":4},"end":{"line":14,"column":26}},"8":{"start":{"line":20,"column":29},"end":{"line":121,"column":1}},"9":{"start":{"line":26,"column":8},"end":{"line":35,"column":9}},"10":{"start":{"line":27,"column":31},"end":{"line":27,"column":71}},"11":{"start":{"line":28,"column":12},"end":{"line":32,"column":15}},"12":{"start":{"line":34,"column":12},"end":{"line":34,"column":22}},"13":{"start":{"line":43,"column":8},"end":{"line":63,"column":9}},"14":{"start":{"line":44,"column":27},"end":{"line":44,"column":73}},"15":{"start":{"line":45,"column":12},"end":{"line":51,"column":13}},"16":{"start":{"line":46,"column":36},"end":{"line":46,"column":70}},"17":{"start":{"line":47,"column":33},"end":{"line":49,"column":31}},"18":{"start":{"line":48,"column":46},"end":{"line":48,"column":70}},"19":{"start":{"line":50,"column":16},"end":{"line":50,"column":83}},"20":{"start":{"line":53,"column":45},"end":{"line":53,"column":56}},"21":{"start":{"line":54,"column":25},"end":{"line":54,"column":81}},"22":{"start":{"line":56,"column":12},"end":{"line":60,"column":15}},"23":{"start":{"line":62,"column":12},"end":{"line":62,"column":22}},"24":{"start":{"line":71,"column":8},"end":{"line":81,"column":9}},"25":{"start":{"line":72,"column":23},"end":{"line":72,"column":52}},"26":{"start":{"line":73,"column":31},"end":{"line":73,"column":66}},"27":{"start":{"line":75,"column":12},"end":{"line":78,"column":15}},"28":{"start":{"line":80,"column":12},"end":{"line":80,"column":22}},"29":{"start":{"line":89,"column":8},"end":{"line":100,"column":9}},"30":{"start":{"line":90,"column":23},"end":{"line":90,"column":52}},"31":{"start":{"line":91,"column":31},"end":{"line":91,"column":75}},"32":{"start":{"line":93,"column":12},"end":{"line":97,"column":15}},"33":{"start":{"line":99,"column":12},"end":{"line":99,"column":22}},"34":{"start":{"line":108,"column":8},"end":{"line":119,"column":9}},"35":{"start":{"line":109,"column":23},"end":{"line":109,"column":52}},"36":{"start":{"line":110,"column":28},"end":{"line":110,"column":62}},"37":{"start":{"line":112,"column":12},"end":{"line":116,"column":15}},"38":{"start":{"line":118,"column":12},"end":{"line":118,"column":22}},"39":{"start":{"line":123,"column":0},"end":{"line":123,"column":38}}},"fnMap":{"0":{"name":"parseQuizmasterId","decl":{"start":{"line":8,"column":9},"end":{"line":8,"column":26}},"loc":{"start":{"line":8,"column":35},"end":{"line":15,"column":1}},"line":8},"1":{"name":"(anonymous_1)","decl":{"start":{"line":25,"column":4},"end":{"line":25,"column":5}},"loc":{"start":{"line":25,"column":33},"end":{"line":36,"column":5}},"line":25},"2":{"name":"(anonymous_2)","decl":{"start":{"line":42,"column":4},"end":{"line":42,"column":5}},"loc":{"start":{"line":42,"column":33},"end":{"line":64,"column":5}},"line":42},"3":{"name":"(anonymous_3)","decl":{"start":{"line":48,"column":25},"end":{"line":48,"column":26}},"loc":{"start":{"line":48,"column":46},"end":{"line":48,"column":70}},"line":48},"4":{"name":"(anonymous_4)","decl":{"start":{"line":70,"column":4},"end":{"line":70,"column":5}},"loc":{"start":{"line":70,"column":34},"end":{"line":82,"column":5}},"line":70},"5":{"name":"(anonymous_5)","decl":{"start":{"line":88,"column":4},"end":{"line":88,"column":5}},"loc":{"start":{"line":88,"column":33},"end":{"line":101,"column":5}},"line":88},"6":{"name":"(anonymous_6)","decl":{"start":{"line":107,"column":4},"end":{"line":107,"column":5}},"loc":{"start":{"line":107,"column":33},"end":{"line":120,"column":5}},"line":107}},"branchMap":{"0":{"loc":{"start":{"line":10,"column":4},"end":{"line":13,"column":5}},"type":"if","locations":[{"start":{"line":10,"column":4},"end":{"line":13,"column":5}},{"start":{},"end":{}}],"line":10},"1":{"loc":{"start":{"line":12,"column":32},"end":{"line":12,"column":79}},"type":"binary-expr","locations":[{"start":{"line":12,"column":32},"end":{"line":12,"column":51}},{"start":{"line":12,"column":55},"end":{"line":12,"column":79}}],"line":12},"2":{"loc":{"start":{"line":45,"column":12},"end":{"line":51,"column":13}},"type":"if","locations":[{"start":{"line":45,"column":12},"end":{"line":51,"column":13}},{"start":{},"end":{}}],"line":45},"3":{"loc":{"start":{"line":50,"column":46},"end":{"line":50,"column":80}},"type":"binary-expr","locations":[{"start":{"line":50,"column":46},"end":{"line":50,"column":54}},{"start":{"line":50,"column":58},"end":{"line":50,"column":80}}],"line":50}},"s":{"0":3,"1":3,"2":3,"3":0,"4":0,"5":0,"6":0,"7":0,"8":3,"9":0,"10":0,"11":0,"12":0,"13":0,"14":0,"15":0,"16":0,"17":0,"18":0,"19":0,"20":0,"21":0,"22":0,"23":0,"24":0,"25":0,"26":0,"27":0,"28":0,"29":0,"30":0,"31":0,"32":0,"33":0,"34":0,"35":0,"36":0,"37":0,"38":0,"39":3},"f":{"0":0,"1":0,"2":0,"3":0,"4":0,"5":0,"6":0},"b":{"0":[0,0],"1":[0,0],"2":[0,0],"3":[0,0]},"_coverageSchema":"1a1c01bbd47fc00a2c39e90264f33305004495a9","hash":"0cef9b2a8d24ff0f5fbc4896ea62bf6fdaf0a24d"}
,"C:\\Users\\asus\\Desktop\\PFE\\acadecom-back\\src\\controllers\\store.controller.js": {"path":"C:\\Users\\asus\\Desktop\\PFE\\acadecom-back\\src\\controllers\\store.controller.js","statementMap":{"0":{"start":{"line":1,"column":21},"end":{"line":1,"column":57}},"1":{"start":{"line":2,"column":17},"end":{"line":2,"column":45}},"2":{"start":{"line":3,"column":14},"end":{"line":3,"column":28}},"3":{"start":{"line":5,"column":25},"end":{"line":11,"column":2}},"4":{"start":{"line":13,"column":28},"end":{"line":25,"column":2}},"5":{"start":{"line":27,"column":20},"end":{"line":32,"column":2}},"6":{"start":{"line":35,"column":17},"end":{"line":35,"column":39}},"7":{"start":{"line":36,"column":2},"end":{"line":39,"column":3}},"8":{"start":{"line":37,"column":17},"end":{"line":37,"column":73}},"9":{"start":{"line":38,"column":4},"end":{"line":38,"column":60}},"10":{"start":{"line":40,"column":2},"end":{"line":40,"column":21}},"11":{"start":{"line":43,"column":24},"end":{"line":133,"column":1}},"12":{"start":{"line":47,"column":4},"end":{"line":51,"column":32}},"13":{"start":{"line":48,"column":22},"end":{"line":48,"column":56}},"14":{"start":{"line":49,"column":19},"end":{"line":49,"column":59}},"15":{"start":{"line":50,"column":6},"end":{"line":50,"column":44}},"16":{"start":{"line":51,"column":20},"end":{"line":51,"column":30}},"17":{"start":{"line":55,"column":4},"end":{"line":60,"column":32}},"18":{"start":{"line":56,"column":17},"end":{"line":56,"column":44}},"19":{"start":{"line":57,"column":6},"end":{"line":57,"column":62}},"20":{"start":{"line":57,"column":15},"end":{"line":57,"column":62}},"21":{"start":{"line":58,"column":22},"end":{"line":58,"column":55}},"22":{"start":{"line":59,"column":6},"end":{"line":59,"column":57}},"23":{"start":{"line":60,"column":20},"end":{"line":60,"column":30}},"24":{"start":{"line":64,"column":4},"end":{"line":67,"column":32}},"25":{"start":{"line":65,"column":25},"end":{"line":65,"column":59}},"26":{"start":{"line":66,"column":6},"end":{"line":66,"column":60}},"27":{"start":{"line":67,"column":20},"end":{"line":67,"column":30}},"28":{"start":{"line":73,"column":4},"end":{"line":77,"column":32}},"29":{"start":{"line":74,"column":24},"end":{"line":74,"column":52}},"30":{"start":{"line":75,"column":20},"end":{"line":75,"column":70}},"31":{"start":{"line":76,"column":6},"end":{"line":76,"column":107}},"32":{"start":{"line":77,"column":20},"end":{"line":77,"column":30}},"33":{"start":{"line":81,"column":4},"end":{"line":85,"column":32}},"34":{"start":{"line":82,"column":22},"end":{"line":82,"column":56}},"35":{"start":{"line":83,"column":19},"end":{"line":83,"column":69}},"36":{"start":{"line":84,"column":6},"end":{"line":84,"column":44}},"37":{"start":{"line":85,"column":20},"end":{"line":85,"column":30}},"38":{"start":{"line":89,"column":4},"end":{"line":94,"column":32}},"39":{"start":{"line":90,"column":17},"end":{"line":90,"column":44}},"40":{"start":{"line":91,"column":6},"end":{"line"
[...]
\Desktop\\PFE\\acadecom-back\\src\\utils\\pagination.js": {"path":"C:\\Users\\asus\\Desktop\\PFE\\acadecom-back\\src\\utils\\pagination.js","statementMap":{"0":{"start":{"line":14,"column":21},"end":{"line":14,"column":22}},"1":{"start":{"line":15,"column":22},"end":{"line":15,"column":24}},"2":{"start":{"line":16,"column":18},"end":{"line":16,"column":21}},"3":{"start":{"line":23,"column":18},"end":{"line":23,"column":49}},"4":{"start":{"line":24,"column":19},"end":{"line":24,"column":51}},"5":{"start":{"line":26,"column":15},"end":{"line":26,"column":79}},"6":{"start":{"line":27,"column":16},"end":{"line":30,"column":3}},"7":{"start":{"line":32,"column":2},"end":{"line":32,"column":51}},"8":{"start":{"line":42,"column":2},"end":{"line":49,"column":4}},"9":{"start":{"line":52,"column":0},"end":{"line":52,"column":66}}},"fnMap":{"0":{"name":"parsePagination","decl":{"start":{"line":22,"column":9},"end":{"line":22,"column":24}},"loc":{"start":{"line":22,"column":37},"end":{"line":33,"column":1}},"line":22},"1":{"name":"paginatedPayload","decl":{"start":{"line":41,"column":9},"end":{"line":41,"column":25}},"loc":{"start":{"line":41,"column":69},"end":{"line":50,"column":1}},"line":41}},"branchMap":{"0":{"loc":{"start":{"line":22,"column":25},"end":{"line":22,"column":35}},"type":"default-arg","locations":[{"start":{"line":22,"column":33},"end":{"line":22,"column":35}}],"line":22},"1":{"loc":{"start":{"line":26,"column":15},"end":{"line":26,"column":79}},"type":"cond-expr","locations":[{"start":{"line":26,"column":57},"end":{"line":26,"column":64}},{"start":{"line":26,"column":67},"end":{"line":26,"column":79}}],"line":26},"2":{"loc":{"start":{"line":26,"column":15},"end":{"line":26,"column":54}},"type":"binary-expr","locations":[{"start":{"line":26,"column":15},"end":{"line":26,"column":39}},{"start":{"line":26,"column":43},"end":{"line":26,"column":54}}],"line":26},"3":{"loc":{"start":{"line":29,"column":4},"end":{"line":29,"column":72}},"type":"cond-expr","locations":[{"start":{"line":29,"column":48},"end":{"line":29,"column":56}},{"start":{"line":29,"column":59},"end":{"line":29,"column":72}}],"line":29},"4":{"loc":{"start":{"line":29,"column":4},"end":{"line":29,"column":45}},"type":"binary-expr","locations":[{"start":{"line":29,"column":4},"end":{"line":29,"column":29}},{"start":{"line":29,"column":33},"end":{"line":29,"column":45}}],"line":29},"5":{"loc":{"start":{"line":41,"column":55},"end":{"line":41,"column":65}},"type":"default-arg","locations":[{"start":{"line":41,"column":63},"end":{"line":41,"column":65}}],"line":41},"6":{"loc":{"start":{"line":47,"column":16},"end":{"line":47,"column":56}},"type":"cond-expr","locations":[{"start":{"line":47,"column":28},"end":{"line":47,"column":52}},{"start":{"line":47,"column":55},"end":{"line":47,"column":56}}],"line":47}},"s":{"0":1,"1":1,"2":1,"3":3,"4":3,"5":3,"6":3,"7":3,"8":1,"9":1},"f":{"0":3,"1":1},"b":{"0":[0],"1":[1,2],"2":[3,2],"3":[2,1],"4":[3,2],"5":[1],"6":[1,0]},"_coverageSchema":"1a1c01bbd47fc00a2c39e90264f33305004495a9","hash":"98ec7af0ceedce3e454ce60f1de67b51f1e9626d"}
,"C:\\Users\\asus\\Desktop\\PFE\\acadecom-back\\src\\utils\\responder.js": {"path":"C:\\Users\\asus\\Desktop\\PFE\\acadecom-back\\src\\utils\\responder.js","statementMap":{"0":{"start":{"line":22,"column":2},"end":{"line":22,"column":55}},"1":{"start":{"line":32,"column":2},"end":{"line":32,"column":55}},"2":{"start":{"line":40,"column":2},"end":{"line":40,"column":32}},"3":{"start":{"line":49,"column":15},"end":{"line":49,"column":51}},"4":{"start":{"line":50,"column":2},"end":{"line":50,"column":52}},"5":{"start":{"line":50,"column":29},"end":{"line":50,"column":52}},"6":{"start":{"line":51,"column":2},"end":{"line":51,"column":43}},"7":{"start":{"line":51,"column":26},"end":{"line":51,"column":43}},"8":{"start":{"line":52,"column":2},"end":{"line":52,"column":14}},"9":{"start":{"line":55,"column":0},"end":{"line":55,"column":54}}},"fnMap":{"0":{"name":"ok","decl":{"start":{"line":21,"column":9},"end":{"line":21,"column":11}},"loc":{"start":{"line":21,"column":32},"end":{"line":23,"column":1}},"line":21},"1":{"name":"created","decl":{"start":{"line":31,"column":9},"end":{"line":31,"column":16}},"loc":{"start":{"line":31,"column":37},"end":{"line":33,"column":1}},"line":31},"2":{"name":"noContent","decl":{"start":{"line":39,"column":9},"end":{"line":39,"column":18}},"loc":{"start":{"line":39,"column":24},"end":{"line":41,"column":1}},"line":39},"3":{"name":"envelope","decl":{"start":{"line":48,"column":9},"end":{"line":48,"column":17}},"loc":{"start":{"line":48,"column":33},"end":{"line":53,"column":1}},"line":48}},"branchMap":{"0":{"loc":{"start":{"line":50,"column":2},"end":{"line":50,"column":52}},"type":"if","locations":[{"start":{"line":50,"column":2},"end":{"line":50,"column":52}},{"start":{},"end":{}}],"line":50},"1":{"loc":{"start":{"line":51,"column":2},"end":{"line":51,"column":43}},"type":"if","locations":[{"start":{"line":51,"column":2},"end":{"line":51,"column":43}},{"start":{},"end":{}}],"line":51}},"s":{"0":8,"1":3,"2":0,"3":12,"4":12,"5":8,"6":12,"7":12,"8":12,"9":4},"f":{"0":8,"1":3,"2":0,"3":12},"b":{"0":[8,4],"1":[12,0]},"_coverageSchema":"1a1c01bbd47fc00a2c39e90264f33305004495a9","hash":"5d755bb4751b11eb33351cc2c8e524e99dc4c38e"}
,"C:\\Users\\asus\\Desktop\\PFE\\acadecom-back\\src\\validations\\brand.validation.js": {"path":"C:\\Users\\asus\\Desktop\\PFE\\acadecom-back\\src\\validations\\brand.validation.js","statementMap":{"0":{"start":{"line":1,"column":14},"end":{"line":1,"column":28}},"1":{"start":{"line":7,"column":26},"end":{"line":12,"column":61}},"2":{"start":{"line":15,"column":27},"end":{"line":17,"column":2}},"3":{"start":{"line":20,"column":26},"end":{"line":48,"column":2}},"4":{"start":{"line":51,"column":26},"end":{"line":85,"column":1}},"5":{"start":{"line":83,"column":14},"end":{"line":83,"column":42}},"6":{"start":{"line":88,"column":33},"end":{"line":110,"column":1}},"7":{"start":{"line":108,"column":14},"end":{"line":108,"column":42}},"8":{"start":{"line":113,"column":29},"end":{"line":118,"column":2}},"9":{"start":{"line":120,"column":0},"end":{"line":126,"column":2}}},"fnMap":{"0":{"name":"(anonymous_0)","decl":{"start":{"line":83,"column":4},"end":{"line":83,"column":5}},"loc":{"start":{"line":83,"column":14},"end":{"line":83,"column":42}},"line":83},"1":{"name":"(anonymous_1)","decl":{"start":{"line":108,"column":4},"end":{"line":108,"column":5}},"loc":{"start":{"line":108,"column":14},"end":{"line":108,"column":42}},"line":108}},"branchMap":{},"s":{"0":3,"1":3,"2":3,"3":3,"4":3,"5":0,"6":3,"7":0,"8":3,"9":3},"f":{"0":0,"1":0},"b":{},"_coverageSchema":"1a1c01bbd47fc00a2c39e90264f33305004495a9","hash":"ad8b4552ec4c3c790721430f709b1c8f5eb87a32"}
,"C:\\Users\\asus\\Desktop\\PFE\\acadecom-back\\src\\validations\\profile.validation.js": {"path":"C:\\Users\\asus\\Desktop\\PFE\\acadecom-back\\src\\validations\\profile.validation.js","statementMap":{"0":{"start":{"line":1,"column":14},"end":{"line":1,"column":28}},"1":{"start":{"line":3,"column":22},"end":{"line":4,"column":44}},"2":{"start":{"line":4,"column":4},"end":{"line":4,"column":44}},"3":{"start":{"line":6,"column":23},"end":{"line":28,"column":6}},"4":{"start":{"line":26,"column":19},"end":{"line":26,"column":44}},"5":{"start":{"line":30,"column":29},"end":{"line":33,"column":2}},"6":{"start":{"line":35,"column":27},"end":{"line":37,"column":2}},"7":{"start":{"line":39,"column":0},"end":{"line":39,"column":78}}},"fnMap":{"0":{"name":"(anonymous_0)","decl":{"start":{"line":3,"column":22},"end":{"line":3,"column":23}},"loc":{"start":{"line":4,"column":4},"end":{"line":4,"column":44}},"line":4},"1":{"name":"(anonymous_1)","decl":{"start":{"line":26,"column":12},"end":{"line":26,"column":13}},"loc":{"start":{"line":26,"column":19},"end":{"line":26,"column":44}},"line":26}},"branchMap":{},"s":{"0":3,"1":3,"2":3,"3":3,"4":0,"5":3,"6":3,"7":3},"f":{"0":3,"1":0},"b":{},"_coverageSchema":"1a1c01bbd47fc00a2c39e90264f33305004495a9","hash":"3ad2b8b95f3e7815ee1ac5445335216566a19673"}
,"C:\\Users\\asus\\Desktop\\PFE\\acadecom-back\\src\\validations\\question.validation.js": {"path":"C:\\Users\\asus\\Desktop\\PFE\\acadecom-back\\src\\validations\\question.validation.js","statementMap":{"0":{"start":{"line":1,"column":14},"end":{"line":1,"column":28}},"1":{"start":{"line":7,"column":26},"end":{"line":12,"column":61}},"2":{"start":{"line":15,"column":30},"end":{"line":17,"column":2}},"3":{"start":{"line":19,"column":26},"end":{"line":21,"column":2}},"4":{"start":{"line":24,"column":21},"end":{"line":33,"column":2}},"5":{"start":{"line":36,"column":29},"end":{"line":60,"column":1}},"6":{"start":{"line":58,"column":14},"end":{"line":58,"column":55}},"7":{"start":{"line":58,"column":41},"end":{"line":58,"column":54}},"8":{"start":{"line":63,"column":29},"end":{"line":97,"column":1}},"9":{"start":{"line":87,"column":14},"end":{"line":87,"column":42}},"10":{"start":{"line":91,"column":8},"end":{"line":93,"column":9}},"11":{"start":{"line":92,"column":12},"end":{"line":92,"column":61}},"12":{"start":{"line":92,"column":46},"end":{"line":92,"column":59}},"13":{"start":{"line":94,"column":8},"end":{"line":94,"column":20}},"14":{"start":{"line":99,"column":0},"end":{"line":104,"column":2}}},"fnMap":{"0":{"name":"(anonymous_0)","decl":{"start":{"line":58,"column":4},"end":{"line":58,"column":5}},"loc":{"start":{"line":58,"column":14},"end":{"line":58,"column":55}},"line":58},"1":{"name":"(anonymous_1)","decl":{"start":{"line":58,"column":32},"end":{"line":58,"column":33}},"loc":{"start":{"line":58,"column":41},"end":{"line":58,"column":54}},"line":58},"2":{"name":"(anonymous_2)","decl":{"start":{"line":87,"column":4},"end":{"line":87,"column":5}},"loc":{"start":{"line":87,"column":14},"end":{"line":87,"column":42}},"line":87},"3":{"name":"(anonymous_3)","decl":{"start":{"line":90,"column":4},"end":{"line":90,"column":5}},"loc":{"start":{"line":90,"column":14},"end":{"line":95,"column":5}},"line":90},"4":{"name":"(anonymous_4)","decl":{"start":{"line":92,"column":37},"end":{"line":92,"column":38}},"loc":{"start":{"line":92,"column":46},"end":{"line":92,"column":59}},"line":92}},"branchMap":{"0":{"loc":{"start":{"line":91,"column":8},"end":{"line":93,"column":9}},"type":"if","locations":[{"start":{"line":91,"column":8},"end":{"line":93,"column":9}},{"start":{},"end":{}}],"line":91}},"s":{"0":3,"1":3,"2":3,"3":3,"4":3,"5":3,"6":0,"7":0,"8":3,"9":0,"10":0,"11":0,"12":0,"13":0,"14":3},"f":{"0":0,"1":0,"2":0,"3":0,"4":0},"b":{"0":[0,0]},"_coverageSchema":"1a1c01bbd47fc00a2c39e90264f33305004495a9","hash":"50c68185c4692c595360f0ee999175922f0c327d"}
,"C:\\Users\\asus\\Desktop\\PFE\\acadecom-back\\src\\validations\\quiz.validation.js": {"path":"C:\\Users\\asus\\Desktop\\PFE\\acadecom-back\\src\\validations\\quiz.validation.js","statementMap":{"0":{"start":{"line":1,"column":14},"end":{"line":1,"column":28}},"1":{"start":{"line":7,"column":26},"end":{"line":12,"column":61}},"2":{"start":{"line":15,"column":26},"end":{"line":17,"column":2}},"3":{"start":{"line":19,"column":24},"end":{"line":24,"column":15}},"4":{"start":{"line":26,"column":25},"end":{"line":26,"column":70}},"5":{"start":{"line":29,"column":25},"end":{"line":63,"column":2}},"6":{"start":{"line":66,"column":25},"end":{"line":107,"column":1}},"7":{"start":{"line":105,"column":14},"end":{"line":105,"column":42}},"8":{"start":{"line":110,"column":30},"end":{"line":114,"column":2}},"9":{"start":{"line":113,"column":66},"end":{"line":113,"column":121}},"10":{"start":{"line":117,"column":28},"end":{"line":127,"column":2}},"11":{"start":{"line":129,"column":0},"end":{"line":135,"column":2}}},"fnMap":{"0":{"name":"(anonymous_0)","decl":{"start":{"line":105,"column":4},"end":{"line":105,"column":5}},"loc":{"start":{"line":105,"column":14},"end":{"line":105,"column":42}},"line":105},"1":{"name":"(anonymous_1)","decl":{"start":{"line":113,"column":61},"end":{"line":113,"column":62}},"loc":{"start":{"line":113,"column":66},"end":{"line":113,"column":121}},"line":113}},"branchMap":{"0":{"loc":{"start":{"line":113,"column":66},"end":{"line":113,"column":121}},"type":"cond-expr","locations":[{"start":{"line":113,"column":81},"end":{"line":113,"column":85}},{"start":{"line":113,"column":88},"end":{"line":113,"column":121}}],"line":113},"1":{"loc":{"start":{"line":113,"column":88},"end":{"line":113,"column":121}},"type":"cond-expr","locations":[{"start":{"line":113,"column":104},"end":{"line":113,"column":109}},{"start":{"line":113,"column":112},"end":{"line":113,"column":121}}],"line":113}},"s":{"0":3,"1":3,"2":3,"3":3,"4":3,"5":3,"6":3,"7":0,"8":3,"9":0,"10":3,"11":3},"f":{"0":0,"1":0},"b":{"0":[0,0],"1":[0,0]},"_coverageSchema":"1a1c01bbd47fc00a2c39e90264f33305004495a9","hash":"48de8b00f28cdb08c1f803ffeb370520c67045f5"}
,"C:\\Users\\asus\\Desktop\\PFE\\acadecom-back\\src\\validations\\quizmaster.validation.js": {"path":"C:\\Users\\asus\\Desktop\\PFE\\acadecom-back\\src\\validations\\quizmaster.validation.js","statementMap":{"0":{"start":{"line":1,"column":14},"end":{"line":1,"column":28}},"1":{"start":{"line":7,"column":26},"end":{"line":12,"column":61}},"2":{"start":{"line":15,"column":32},"end":{"line":17,"column":2}},"3":{"start":{"line":20,"column":31},"end":{"line":40,"column":2}},"4":{"start":{"line":43,"column":31},"end":{"line":70,"column":1}},"5":{"start":{"line":68,"column":14},"end":{"line":68,"column":42}},"6":{"start":{"line":73,"column":34},"end":{"line":77,"column":2}},"7":{"start":{"line":79,"column":0},"end":{"line":84,"column":2}}},"fnMap":{"0":{"name":"(anonymous_0)","decl":{"start":{"line":68,"column":4},"end":{"line":68,"column":5}},"loc":{"start":{"line":68,"column":14},"end":{"line":68,"column":42}},"line":68}},"branchMap":{},"s":{"0":3,"1":3,"2":3,"3":3,"4":3,"5":0,"6":3,"7":3},"f":{"0":0},"b":{},"_coverageSchema":"1a1c01bbd47fc00a2c39e90264f33305004495a9","hash":"3327d5279a0d1826bdca40e598244c7992a2c463"}
,"C:\\Users\\asus\\Desktop\\PFE\\acadecom-back\\src\\validators\\admin.validator.js": {"path":"C:\\Users\\asus\\Desktop\\PFE\\acadecom-back\\src\\validators\\admin.validator.js","statementMap":{"0":{"start":{"line":5,"column":14},"end":{"line":5,"column":28}},"1":{"start":{"line":7,"column":29},"end":{"line":10,"column":38}},"2":{"start":{"line":12,"column":26},"end":{"line":12,"column":64}},"3":{"start":{"line":14,"column":14},"end":{"line":14,"column":61}},"4":{"start":{"line":16,"column":28},"end":{"line":25,"column":2}},"5":{"start":{"line":23,"column":23},"end":{"line":23,"column":64}},"6":{"start":{"line":27,"column":0},"end":{"line":27,"column":60}}},"fnMap":{"0":{"name":"(anonymous_0)","decl":{"start":{"line":23,"column":15},"end":{"line":23,"column":16}},"loc":{"start":{"line":23,"column":23},"end":{"line":23,"column":64}},"line":23}},"branchMap":{"0":{"loc":{"start":{"line":23,"column":23},"end":{"line":23,"column":64}},"type":"cond-expr","locations":[{"start":{"line":23,"column":48},"end":{"line":23,"column":49}},{"start":{"line":23,"column":52},"end":{"line":23,"column":64}}],"line":23}},"s":{"0":4,"1":4,"2":4,"3":4,"4":4,"5":1,"6":4},"f":{"0":1},"b":{"0":[0,1]},"_coverageSchema":"1a1c01bbd47fc00a2c39e90264f33305004495a9","hash":"633cdd363f19f3c59612816af5d1d2c5add3fbc9"}
,"C:\\Users\\asus\\Desktop\\PFE\\acadecom-back\\src\\validators\\auth.validator.js": {"path":"C:\\Users\\asus\\Desktop\\PFE\\acadecom-back\\src\\validators\\auth.validator.js","statementMap":{"0":{"start":{"line":11,"column":14},"end":{"line":11,"column":28}},"1":{"start":{"line":13,"column":26},"end":{"line":13,"column":64}},"2":{"start":{"line":15,"column":19},"end":{"line":19,"column":9}},"3":{"start":{"line":21,"column":20},"end":{"line":25,"column":9}},"4":{"start":{"line":27,"column":23},"end":{"line":30,"column":44}},"5":{"start":{"line":32,"column":23},"end":{"line":62,"column":4}},"6":{"start":{"line":39,"column":25},"end":{"line":41,"column":9}},"7":{"start":{"line":48,"column":4},"end":{"line":54,"column":5}},"8":{"start":{"line":49,"column":6},"end":{"line":53,"column":9}},"9":{"start":{"line":55,"column":4},"end":{"line":61,"column":5}},"10":{"start":{"line":56,"column":6},"end":{"line":60,"column":9}},"11":{"start":{"line":64,"column":20},"end":{"line":69,"column":2}},"12":{"start":{"line":71,"column":0},"end":{"line":71,"column":68}}},"fnMap":{"0":{"name":"(anonymous_0)","decl":{"start":{"line":39,"column":18},"end":{"line":39,"column":19}},"loc":{"start":{"line":39,"column":25},"end":{"line":41,"column":9}},"line":39},"1":{"name":"(anonymous_1)","decl":{"start":{"line":47,"column":15},"end":{"line":47,"column":16}},"loc":{"start":{"line":47,"column":30},"end":{"line":62,"column":3}},"line":47}},"branchMap":{"0":{"loc":{"start":{"line":48,"column":4},"end":{"line":54,"column":5}},"type":"if","locations":[{"start":{"line":48,"column":4},"end":{"line":54,"column":5}},{"start":{},"end":{}}],"line":48},"1":{"loc":{"start":{"line":48,"column":8},"end":{"line":48,"column":51}},"type":"binary-expr","locations":[{"start":{"line":48,"column":8},"end":{"line":48,"column":34}},{"start":{"line":48,"column":38},"end":{"line":48,"column":51}}],"line":48},"2":{"loc":{"start":{"line":55,"column":4},"end":{"line":61,"column":5}},"type":"if","locations":[{"start":{"line":55,"column":4},"end":{"line":61,"column":5}},{"start":{},"end":{}}],"line":55},"3":{"loc":{"start":{"line":55,"column":8},"end":{"line":55,"column":50}},"type":"binary-expr","locations":[{"start":{"line":55,"column":8},"end":{"line":55,"column":34}},{"start":{"line":55,"column":38},"end":{"line":55,"column":50}}],"line":55}},"s":{"0":4,"1":4,"2":4,"3":4,"4":4,"5":4,"6":0,"7":5,"8":1,"9":5,"10":1,"11":4,"12":4},"f":{"0":0,"1":5},"b":{"0":[1,4],"1":[5,1],"2":[1,4],"3":[5,4]},"_coverageSchema":"1a1c01bbd47fc00a2c39e90264f33305004495a9","hash":"15f2632f54bd91eac93cedf12a079f67f85dfcc1"}
,"C:\\Users\\asus\\Desktop\\PFE\\acadecom-back\\src\\validators\\leaderboard.validator.js": {"path":"C:\\Users\\asus\\Desktop\\PFE\\acadecom-back\\src\\validators\\leaderboard.validator.js","statementMap":{"0":{"start":{"line":9,"column":14},"end":{"line":9,"column":28}},"1":{"start":{"line":11,"column":20},"end":{"line":11,"column":73}},"2":{"start":{"line":13,"column":31},"end":{"line":16,"column":2}},"3":{"start":{"line":18,"column":35},"end":{"line":18,"column":68}},"4":{"start":{"line":20,"column":0},"end":{"line":20,"column":72}}},"fnMap":{},"branchMap":{},"s":{"0":3,"1":3,"2":3,"3":3,"4":3},"f":{},"b":{},"_coverageSchema":"1a1c01bbd47fc00a2c39e90264f33305004495a9","hash":"c73a3c627f4097ed5daf31f53ddc3adc33cc193f"}
,"C:\\Users\\asus\\Desktop\\PFE\\acadecom-back\\src\\validators\\participant.validator.js": {"path":"C:\\Users\\asus\\Desktop\\PFE\\acadecom-back\\src\\validators\\participant.validator.js","statementMap":{"0":{"start":{"line":8,"column":14},"end":{"line":8,"column":28}},"1":{"start":{"line":10,"column":20},"end":{"line":14,"column":43}},"2":{"start":{"line":16,"column":26},"end":{"line":16,"column":59}},"3":{"start":{"line":17,"column":29},"end":{"line":17,"column":65}},"4":{"start":{"line":18,"column":22},"end":{"line":18,"column":51}},"5":{"start":{"line":20,"column":30},"end":{"line":23,"column":2}},"6":{"start":{"line":25,"column":36},"end":{"line":27,"column":2}},"7":{"start":{"line":29,"column":28},"end":{"line":36,"column":4}},"8":{"start":{"line":34,"column":20},"end":{"line":34,"column":48}},"9":{"start":{"line":38,"column":29},"end":{"line":41,"column":2}},"10":{"start":{"line":43,"column":28},"end":{"line":53,"column":2}},"11":{"start":{"line":55,"column":0},"end":{"line":64,"column":2}}},"fnMap":{"0":{"name":"(anonymous_0)","decl":{"start":{"line":34,"column":10},"end":{"line":34,"column":11}},"loc":{"start":{"line":34,"column":20},"end":{"line":34,"column":48}},"line":34}},"branchMap":{},"s":{"0":4,"1":4,"2":4,"3":4,"4":4,"5":4,"6":4,"7":4,"8":0,"9":4,"10":4,"11":4},"f":{"0":0},"b":{},"_coverageSchema":"1a1c01bbd47fc00a2c39e90264f33305004495a9","hash":"87328ad2eeaed369d5e6750a7d868a1c0eb25a7e"}
}
