TN:
SF:src\app.js
FN:62,(anonymous_0)
FN:94,(anonymous_1)
FN:103,(anonymous_2)
FN:120,(anonymous_3)
FN:125,(anonymous_4)
FNF:5
FNH:2
FNDA:3,(anonymous_0)
FNDA:0,(anonymous_1)
FNDA:0,(anonymous_2)
FNDA:0,(anonymous_3)
FNDA:12,(anonymous_4)
DA:23,3
DA:24,3
DA:25,3
DA:26,3
DA:27,3
DA:28,3
DA:30,3
DA:32,3
DA:33,3
DA:34,3
DA:35,3
DA:36,3
DA:37,3
DA:39,3
DA:42,3
DA:49,3
DA:59,3
DA:60,3
DA:62,3
DA:70,3
DA:71,3
DA:72,3
DA:75,3
DA:77,0
DA:78,0
DA:82,3
DA:85,3
DA:94,3
DA:95,0
DA:103,3
DA:104,0
DA:117,3
DA:120,3
DA:121,0
DA:125,3
DA:126,12
DA:127,0
DA:129,12
DA:133,3
DA:135,3
LF:40
LH:34
BRDA:59,0,0,3
BRDA:59,0,1,0
BRDA:75,1,0,0
BRDA:75,1,1,3
BRDA:77,2,0,0
BRDA:77,2,1,0
BRDA:111,3,0,0
BRDA:111,3,1,0
BRDA:126,4,0,0
BRDA:126,4,1,12
BRF:10
BRH:3
end_of_record
TN:
SF:src\controllers\admin.controller.js
FN:14,(anonymous_0)
FN:21,(anonymous_1)
FN:27,(anonymous_2)
FN:33,(anonymous_3)
FN:39,(anonymous_4)
FNF:5
FNH:3
FNDA:1,(anonymous_0)
FNDA:1,(anonymous_1)
FNDA:0,(anonymous_2)
FNDA:1,(anonymous_3)
FNDA:0,(anonymous_4)
DA:8,3
DA:9,3
DA:10,3
DA:12,3
DA:15,1
DA:16,1
DA:17,1
DA:22,1
DA:23,1
DA:28,0
DA:29,0
DA:34,1
DA:35,0
DA:40,0
DA:41,0
DA:42,0
DA:43,0
DA:44,0
DA:45,0
DA:49,3
LF:20
LH:11
BRF:0
BRH:0
end_of_record
TN:
SF:src\controllers\analytics.controller.js
FN:5,parseQuizId
FN:14,extractQuizmasterId
FN:28,(anonymous_2)
FN:46,(anonymous_3)
FNF:4
FNH:0
FNDA:0,parseQuizId
FNDA:0,extractQuizmasterId
FNDA:0,(anonymous_2)
FNDA:0,(anonymous_3)
DA:1,3
DA:2,3
DA:3,3
DA:6,0
DA:7,0
DA:8,0
DA:9,0
DA:11,0
DA:15,0
DA:16,0
DA:18,0
DA:24,3
DA:29,0
DA:30,0
DA:31,0
DA:32,0
DA:34,0
DA:39,0
DA:47,0
DA:48,0
DA:49,0
DA:51,0
DA:56,0
DA:61,3
LF:24
LH:5
BRDA:7,0,0,0
BRDA:7,0,1,0
BRDA:9,1,0,0
BRDA:9,1,1,0
BRDA:15,2,0,0
BRDA:15,2,1,0
BRF:6
BRH:0
end_of_record
TN:
SF:src\controllers\auth.controller.js
FN:15,(anonymous_0)
FN:21,(anonymous_1)
FN:27,(anonymous_2)
FN:33,(anonymous_3)
FN:39,(anonymous_4)
FNF:5
FNH:4
FNDA:2,(anonymous_0)
FNDA:2,(anonymous_1)
FNDA:0,(anonymous_2)
FNDA:1,(anonymous_3)
FNDA:1,(anonymous_4)
DA:9,3
DA:10,3
DA:11,3
DA:13,3
DA:16,2
DA:17,1
DA:22,2
DA:23,1
DA:28,0
DA:29,0
DA:34,1
DA:35,1
DA:40,1
DA:41,1
DA:45,3
LF:15
LH:13
BRF:0
BRH:0
end_of_record
TN:
SF:src\controllers\brand.controller.js
FN:8,parseBrandId
FN:29,(anonymous_1)
FN:45,(anonymous_2)
FN:51,(anonymous_3)
FN:71,(anonymous_4)
FN:88,(anonymous_5)
FN:106,(anonymous_6)
FN:130,(anonymous_7)
FN:146,(anonymous_8)
FN:163,(anonymous_9)
FN:180,(anonymous_10)
FNF:11
FNH:0
FNDA:0,parseBrandId
FNDA:0,(anonymous_1)
FNDA:0,(anonymous_2)
FNDA:0,(anonymous_3)
FNDA:0,(anonymous_4)
FNDA:0,(anonymous_5)
FNDA:0,(anonymous_6)
FNDA:0,(anonymous_7)
FNDA:0,(anonymous_8)
FNDA:0,(anonymous_9)
FNDA:0,(anonymous_10)
DA:1,3
DA:2,3
DA:3,3
DA:9,0
DA:10,0
DA:11,0
DA:12,0
DA:14,0
DA:21,3
DA:30,0
DA:31,0
DA:32,0
DA:38,0
DA:46,0
DA:47,0
DA:48,0
DA:49,0
DA:50,0
DA:51,0
DA:53,0
DA:56,0
DA:58,0
DA:64,0
DA:72,0
DA:73,0
DA:74,0
DA:76,0
DA:81,0
DA:89,0
DA:90,0
DA:91,0
DA:93,0
DA:99,0
DA:107,0
DA:108,0
DA:109,0
DA:111,0
DA:119,0
DA:131,0
DA:132,0
DA:134,0
DA:139,0
DA:147,0
DA:148,0
DA:150,0
DA:156,0
DA:164,0
DA:165,0
DA:167,0
DA:173,0
DA:181,0
DA:182,0
DA:184,0
DA:190,0
DA:195,3
LF:55
LH:5
BRDA:10,0,0,0
BRDA:10,0,1,0
BRDA:12,1,0,0
BRDA:12,1,1,0
BRDA:48,2,0,0
BRDA:48,2,1,0
BRDA:53,3,0,0
BRDA:53,3,1,0
BRDA:113,4,0,0
BRDA:113,4,1,0
BRF:10
BRH:0
end_of_record
TN:
SF:src\controllers\brandAnalytics.controller.js
FN:5,parseBrandId
FN:22,(anonymous_1)
FN:46,(anonymous_2)
FNF:3
FNH:0
FNDA:0,parseBrandId
FNDA:0,(anonymous_1)
FNDA:0,(anonymous_2)
DA:1,3
DA:2,3
DA:3,3
DA:6,0
DA:7,0
DA:8,0
DA:9,0
DA:11,0
DA:17,3
DA:23,0
DA:24,0
DA:27,0
DA:28,0
DA:31,0
DA:33,0
DA:38,0
DA:47,0
DA:48,0
DA:49,0
DA:52,0
DA:54,0
DA:59,0
DA:64,3
LF:23
LH:5
BRDA:7,0,0,0
BRDA:7,0,1,0
BRDA:9,1,0,0
BRDA:9,1,1,0
BRDA:27,2,0,0
BRDA:27,2,1,0
BRDA:27,3,0,0
BRDA:27,3,1,0
BRDA:48,4,0,0
BRDA:48,4,1,0
BRF:10
BRH:0
end_of_record
TN:
SF:src\controllers\brandControl.controller.js
FN:5,parseId
FN:14,(anonymous_1)
FN:24,(anonymous_2)
FN:32,(anonymous_3)
FN:40,(anonymous_4)
FN:50,(anonymous_5)
FN:65,(anonymous_6)
FN:73,(anonymous_7)
FN:81,(anonymous_8)
FN:91,(anonymous_9)
FN:102,(anonymous_10)
FN:111,(anonymous_11)
FNF:12
FNH:0
FNDA:0,parseId
FNDA:0,(anonymous_1)
FNDA:0,(anonymous_2)
FNDA:0,(anonymous_3)
FNDA:0,(anonymous_4)
FNDA:0,(anonymous_5)
FNDA:0,(anonymous_6)
FNDA:0,(anonymous_7)
FNDA:0,(anonymous_8)
FNDA:0,(anonymous_9)
FNDA:0,(anonymous_10)
FNDA:0,(anonymous_11)
DA:1,3
DA:2,3
DA:3,3
DA:6,0
DA:7,0
DA:8,0
DA:11,3
DA:15,0
DA:16,0
DA:17,0
DA:18,0
DA:19,0
DA:20,0
DA:21,0
DA:25,0
DA:26,0
DA:27,0
DA:28,0
DA:29,0
DA:33,0
DA:34,0
DA:35,0
DA:36,0
DA:37,0
DA:41,0
DA:42,0
DA:43,0
DA:44,0
DA:45,0
DA:51,0
DA:52,0
DA:53,0
DA:54,0
DA:55,0
DA:60,0
DA:61,0
DA:62,0
DA:66,0
DA:67,0
DA:68,0
DA:69,0
DA:70,0
DA:74,0
DA:75,0
DA:76,0
DA:77,0
DA:78,0
DA:82,0
DA:83,0
DA:84,0
DA:85,0
DA:86,0
DA:92,0
DA:93,0
DA:94,0
DA:95,0
DA:96,0
DA:97,0
DA:103,0
DA:104,0
DA:105,0
DA:106,0
DA:112,0
DA:113,0
DA:114,0
DA:115,0
DA:116,0
DA:117,0
DA:118,0
DA:122,3
LF:70
LH:5
BRDA:5,0,0,0
BRDA:7,1,0,0
BRDA:7,1,1,0
BRDA:7,2,0,0
BRDA:7,2,1,0
BRDA:16,3,0,0
BRDA:16,3,1,0
BRDA:17,4,0,0
BRDA:17,4,1,0
BRDA:18,5,0,0
BRDA:18,5,1,0
BRDA:52,6,0,0
BRDA:52,6,1,0
BRDA:53,7,0,0
BRDA:53,7,1,0
BRDA:54,8,0,0
BRDA:54,8,1,0
BRDA:55,9,0,0
BRDA:55,9,1,0
BRDA:57,10,0,0
BRDA:57,10,1,0
BRDA:93,11,0,0
BRDA:93,11,1,0
BRDA:94,12,0,0
BRDA:94,12,1,0
BRDA:113,13,0,0
BRDA:113,13,1,0
BRDA:114,14,0,0
BRDA:114,14,1,0
BRDA:115,15,0,0
BRDA:115,15,1,0
BRF:31
BRH:0
end_of_record
TN:
SF:src\controllers\gamification.controller.js
FN:4,(anonymous_0)
FN:11,(anonymous_1)
FNF:2
FNH:0
FNDA:0,(anonymous_0)
FNDA:0,(anonymous_1)
DA:1,3
DA:3,3
DA:5,0
DA:6,0
DA:7,0
DA:8,0
DA:12,0
DA:13,0
DA:14,0
DA:15,0
DA:19,3
LF:11
LH:3
BRF:0
BRH:0
end_of_record
TN:
SF:src\controllers\leaderboard.controller.js
FN:8,parseParam
FN:17,parseQuery
FN:30,(anonymous_2)
FN:38,(anonymous_3)
FN:46,(anonymous_4)
FN:54,(anonymous_5)
FNF:6
FNH:0
FNDA:0,parseParam
FNDA:0,parseQuery
FNDA:0,(anonymous_2)
FNDA:0,(anonymous_3)
FNDA:0,(anonymous_4)
FNDA:0,(anonymous_5)
DA:1,3
DA:2,3
DA:6,3
DA:9,0
DA:10,0
DA:11,0
DA:12,0
DA:14,0
DA:18,0
DA:19,0
DA:20,0
DA:21,0
DA:23,0
DA:29,3
DA:31,0
DA:32,0
DA:33,0
DA:34,0
DA:35,0
DA:39,0
DA:40,0
DA:41,0
DA:42,0
DA:43,0
DA:47,0
DA:48,0
DA:49,0
DA:50,0
DA:51,0
DA:55,0
DA:56,0
DA:57,0
DA:58,0
DA:59,0
DA:60,0
DA:64,3
LF:36
LH:5
BRDA:10,0,0,0
BRDA:10,0,1,0
BRDA:12,1,0,0
BRDA:12,1,1,0
BRDA:19,2,0,0
BRDA:19,2,1,0
BRDA:21,3,0,0
BRDA:21,3,1,0
BRF:8
BRH:0
end_of_record
TN:
SF:src\controllers\notification.controller.js
FN:5,(anonymous_0)
FN:15,(anonymous_1)
FN:22,(anonymous_2)
FN:31,(anonymous_3)
FNF:4
FNH:0
FNDA:0,(anonymous_0)
FNDA:0,(anonymous_1)
FNDA:0,(anonymous_2)
FNDA:0,(anonymous_3)
DA:1,3
DA:2,3
DA:4,3
DA:6,0
DA:7,0
DA:8,0
DA:9,0
DA:10,0
DA:11,0
DA:12,0
DA:16,0
DA:17,0
DA:18,0
DA:19,0
DA:23,0
DA:24,0
DA:25,0
DA:26,0
DA:27,0
DA:28,0
DA:32,0
DA:33,0
DA:34,0
DA:35,0
DA:39,3
LF:25
LH:4
BRDA:7,0,0,0
BRDA:7,0,1,0
BRDA:8,1,0,0
BRDA:8,1,1,0
BRDA:25,2,0,0
BRDA:25,2,1,0
BRF:6
BRH:0
end_of_record
TN:
SF:src\controllers\participant.controller.js
FN:16,(anonymous_0)
FN:21,(anonymous_1)
FN:26,(anonymous_2)
FN:33,(anonymous_3)
FN:38,(anonymous_4)
FN:45,(anonymous_5)
FN:50,(anonymous_6)
FN:59,(anonymous_7)
FN:64,(anonymous_8)
FN:73,(anonymous_9)
FN:80,(anonymous_10)
FN:85,(anonymous_11)
FN:92,(anonymous_12)
FN:97,(anonymous_13)
FNF:14
FNH:3
FNDA:1,(anonymous_0)
FNDA:0,(anonymous_1)
FNDA:0,(anonymous_2)
FNDA:1,(anonymous_3)
FNDA:0,(anonymous_4)
FNDA:1,(anonymous_5)
FNDA:0,(anonymous_6)
FNDA:0,(anonymous_7)
FNDA:0,(anonymous_8)
FNDA:0,(anonymous_9)
FNDA:0,(anonymous_10)
FNDA:0,(anonymous_11)
FNDA:0,(anonymous_12)
FNDA:0,(anonymous_13)
DA:9,3
DA:10,3
DA:11,3
DA:13,3
DA:17,1
DA:18,1
DA:22,0
DA:23,0
DA:27,0
DA:28,0
DA:34,1
DA:35,1
DA:39,0
DA:40,0
DA:46,1
DA:47,1
DA:51,0
DA:56,0
DA:60,0
DA:61,0
DA:65,0
DA:70,0
DA:74,0
DA:75,0
DA:81,0
DA:82,0
DA:86,0
DA:87,0
DA:93,0
DA:94,0
DA:98,0
DA:99,0
DA:103,3
LF:33
LH:11
BRF:0
BRH:0
end_of_record
TN:
SF:src\controllers\profile.controller.js
FN:5,(anonymous_0)
FN:12,(anonymous_1)
FN:23,(anonymous_2)
FN:34,(anonymous_3)
FN:49,(anonymous_4)
FNF:5
FNH:0
FNDA:0,(anonymous_0)
FNDA:0,(anonymous_1)
FNDA:0,(anonymous_2)
FNDA:0,(anonymous_3)
FNDA:0,(anonymous_4)
DA:1,3
DA:2,3
DA:4,3
DA:6,0
DA:7,0
DA:8,0
DA:9,0
DA:13,0
DA:14,0
DA:15,0
DA:20,0
DA:24,0
DA:25,0
DA:26,0
DA:27,0
DA:31,0
DA:35,0
DA:36,0
DA:37,0
DA:38,0
DA:40,0
DA:41,0
DA:46,0
DA:50,0
DA:51,0
DA:52,0
DA:57,0
DA:61,3
LF:28
LH:4
BRDA:37,0,0,0
BRDA:37,0,1,0
BRDA:37,1,0,0
BRDA:37,1,1,0
BRF:4
BRH:0
end_of_record
TN:
SF:src\controllers\question.controller.js
FN:5,parseQuizId
FN:14,parseQuestionId
FN:23,extractQuizmasterId
FN:37,(anonymous_3)
FN:56,(anonymous_4)
FN:75,(anonymous_5)
FNF:6
FNH:0
FNDA:0,parseQuizId
FNDA:0,parseQuestionId
FNDA:0,extractQuizmasterId
FNDA:0,(anonymous_3)
FNDA:0,(anonymous_4)
FNDA:0,(anonymous_5)
DA:1,3
DA:2,3
DA:3,3
DA:6,0
DA:7,0
DA:8,0
DA:9,0
DA:11,0
DA:15,0
DA:16,0
DA:17,0
DA:18,0
DA:20,0
DA:24,0
DA:25,0
DA:27,0
DA:33,3
DA:38,0
DA:39,0
DA:40,0
DA:41,0
DA:43,0
DA:49,0
DA:57,0
DA:58,0
DA:59,0
DA:60,0
DA:62,0
DA:68,0
DA:76,0
DA:77,0
DA:78,0
DA:79,0
DA:81,0
DA:87,0
DA:92,3
LF:36
LH:5
BRDA:7,0,0,0
BRDA:7,0,1,0
BRDA:9,1,0,0
BRDA:9,1,1,0
BRDA:16,2,0,0
BRDA:16,2,1,0
BRDA:18,3,0,0
BRDA:18,3,1,0
BRDA:24,4,0,0
BRDA:24,4,1,0
BRF:10
BRH:0
end_of_record
TN:
SF:src\controllers\quiz.controller.js
FN:9,extractQuizmasterInfo
FN:26,parseQuizId
FN:42,(anonymous_2)
FN:59,(anonymous_3)
FN:67,(anonymous_4)
FN:87,(anonymous_5)
FN:105,(anonymous_6)
FN:124,(anonymous_7)
FN:144,(anonymous_8)
FN:164,(anonymous_9)
FNF:10
FNH:0
FNDA:0,extractQuizmasterInfo
FNDA:0,parseQuizId
FNDA:0,(anonymous_2)
FNDA:0,(anonymous_3)
FNDA:0,(anonymous_4)
FNDA:0,(anonymous_5)
FNDA:0,(anonymous_6)
FNDA:0,(anonymous_7)
FNDA:0,(anonymous_8)
FNDA:0,(anonymous_9)
DA:1,3
DA:2,3
DA:3,3
DA:4,3
DA:10,0
DA:11,0
DA:13,0
DA:17,0
DA:18,0
DA:20,0
DA:21,0
DA:23,0
DA:27,0
DA:28,0
DA:29,0
DA:30,0
DA:32,0
DA:38,3
DA:43,0
DA:44,0
DA:45,0
DA:46,0
DA:52,0
DA:60,0
DA:61,0
DA:63,0
DA:64,0
DA:65,0
DA:66,0
DA:67,0
DA:69,0
DA:72,0
DA:74,0
DA:80,0
DA:88,0
DA:89,0
DA:90,0
DA:91,0
DA:93,0
DA:98,0
DA:106,0
DA:107,0
DA:108,0
DA:109,0
DA:111,0
DA:117,0
DA:125,0
DA:126,0
DA:127,0
DA:128,0
DA:130,0
DA:136,0
DA:145,0
DA:146,0
DA:147,0
DA:148,0
DA:150,0
DA:156,0
DA:165,0
DA:166,0
DA:167,0
DA:168,0
DA:170,0
DA:176,0
DA:181,3
LF:65
LH:6
BRDA:10,0,0,0
BRDA:10,0,1,0
BRDA:17,1,0,0
BRDA:17,1,1,0
BRDA:17,2,0,0
BRDA:17,2,1,0
BRDA:20,3,0,0
BRDA:20,3,1,0
BRDA:28,4,0,0
BRDA:28,4,1,0
BRDA:30,5,0,0
BRDA:30,5,1,0
BRDA:64,6,0,0
BRDA:64,6,1,0
BRDA:69,7,0,0
BRDA:69,7,1,0
BRF:16
BRH:0
end_of_record
TN:
SF:src\controllers\quizmaster.controller.js
FN:8,parseQuizmasterId
FN:25,(anonymous_1)
FN:42,(anonymous_2)
FN:48,(anonymous_3)
FN:70,(anonymous_4)
FN:88,(anonymous_5)
FN:107,(anonymous_6)
FNF:7
FNH:0
FNDA:0,parseQuizmasterId
FNDA:0,(anonymous_1)
FNDA:0,(anonymous_2)
FNDA:0,(anonymous_3)
FNDA:0,(anonymous_4)
FNDA:0,(anonymous_5)
FNDA:0,(anonymous_6)
DA:1,3
DA:2,3
DA:3,3
DA:9,0
DA:10,0
DA:11,0
DA:12,0
DA:14,0
DA:20,3
DA:26,0
DA:27,0
DA:28,0
DA:34,0
DA:43,0
DA:44,0
DA:45,0
DA:46,0
DA:47,0
DA:48,0
DA:50,0
DA:53,0
DA:54,0
DA:56,0
DA:62,0
DA:71,0
DA:72,0
DA:73,0
DA:75,0
DA:80,0
DA:89,0
DA:90,0
DA:91,0
DA:93,0
DA:99,0
DA:108,0
DA:109,0
DA:110,0
DA:112,0
DA:118,0
DA:123,3
LF:40
LH:5
BRDA:10,0,0,0
BRDA:10,0,1,0
BRDA:12,1,0,0
BRDA:12,1,1,0
BRDA:45,2,0,0
BRDA:45,2,1,0
BRDA:50,3,0,0
BRDA:50,3,1,0
BRF:8
BRH:0
end_of_record
TN:
SF:src\controllers\store.controller.js
FN:34,parse
FN:46,(anonymous_1)
FN:54,(anonymous_2)
FN:63,(anonymous_3)
FN:72,(anonymous_4)
FN:80,(anonymous_5)
FN:88,(anonymous_6)
FN:99,(anonymous_7)
FN:107,(anonymous_8)
FN:117,(anonymous_9)
FN:126,(anonymous_10)
FNF:11
FNH:0
FNDA:0,parse
FNDA:0,(anonymous_1)
FNDA:0,(anonymous_2)
FNDA:0,(anonymous_3)
FNDA:0,(anonymous_4)
FNDA:0,(anonymous_5)
FNDA:0,(anonymous_6)
FNDA:0,(anonymous_7)
FNDA:0,(anonymous_8)
FNDA:0,(anonymous_9)
FNDA:0,(anonymous_10)
DA:1,3
DA:2,3
DA:3,3
DA:5,3
DA:13,3
DA:27,3
DA:35,0
DA:36,0
DA:37,0
DA:38,0
DA:40,0
DA:43,3
DA:47,0
DA:48,0
DA:49,0
DA:50,0
DA:51,0
DA:55,0
DA:56,0
DA:57,0
DA:58,0
DA:59,0
DA:60,0
DA:64,0
DA:65,0
DA:66,0
DA:67,0
DA:73,0
DA:74,0
DA:75,0
DA:76,0
DA:77,0
DA:81,0
DA:82,0
DA:83,0
DA:84,0
DA:85,0
DA:89,0
DA:90,0
DA:91,0
DA:92,0
DA:93,0
DA:94,0
DA:100,0
DA:101,0
DA:102,0
DA:103,0
DA:104,0
DA:108,0
DA:109,0
DA:110,0
DA:111,0
DA:112,0
DA:113,0
DA:114,0
DA:118,0
DA:119,0
DA:120,0
DA:121,0
DA:122,0
DA:123,0
DA:127,0
DA:128,0
DA:129,0
DA:130,0
DA:131,0
DA:135,3
LF:67
LH:8
BRDA:36,0,0,0
BRDA:36,0,1,0
BRDA:38,1,0,0
BRDA:38,1,1,0
BRDA:57,2,0,0
BRDA:57,2,1,0
BRDA:91,3,0,0
BRDA:91,3,1,0
BRDA:110,4,0,0
BRDA:110,4,1,0
BRDA:120,5,0,0
BRDA:120,5,1,0
BRF:12
BRH:0
end_of_record
TN:
SF:src\controllers\upload.controller.js
FN:11,(anonymous_0)
FNF:1
FNH:0
FNDA:0,(anonymous_0)
DA:1,3
DA:2,3
DA:10,3
DA:12,0
DA:13,0
DA:14,0
DA:15,0
DA:26,0
DA:31,3
LF:9
LH:4
BRDA:13,0,0,0
BRDA:13,0,1,0
BRF:2
BRH:0
end_of_record
TN:
SF:src\middlewares\auth.js
FN:41,loadAccount
FN:69,invalidateAccount
FN:77,auth
FNF:3
FNH:3
FNDA:13,loadAccount
FNDA:6,invalidateAccount
FNDA:15,auth
DA:17,4
DA:18,4
DA:19,4
DA:26,4
DA:28,4
DA:33,4
DA:42,13
DA:43,13
DA:44,13
DA:46,13
DA:59,13
DA:60,13
DA:70,6
DA:78,15
DA:79,15
DA:80,2
DA:82,13
DA:83,13
DA:84,0
DA:88,13
DA:89,13
DA:91,0
DA:92,0
DA:96,0
DA:99,13
DA:102,13
DA:103,13
DA:105,0
DA:107,13
DA:108,0
DA:111,13
DA:112,0
DA:115,13
DA:116,1
DA:125,12
DA:126,0
DA:127,0
DA:134,0
DA:135,0
DA:136,0
DA:142,12
DA:143,12
DA:146,4
DA:147,4
LF:44
LH:32
BRDA:28,0,0,0
BRDA:28,0,1,4
BRDA:30,1,0,4
BRDA:30,1,1,0
BRDA:44,2,0,0
BRDA:44,2,1,13
BRDA:44,3,0,13
BRDA:44,3,1,8
BRDA:79,4,0,2
BRDA:79,4,1,13
BRDA:79,5,0,15
BRDA:79,5,1,13
BRDA:83,6,0,0
BRDA:83,6,1,13
BRDA:91,7,0,0
BRDA:91,7,1,0
BRDA:107,8,0,0
BRDA:107,8,1,13
BRDA:111,9,0,0
BRDA:111,9,1,13
BRDA:111,10,0,13
BRDA:111,10,1,0
BRDA:115,11,0,1
BRDA:115,11,1,12
BRDA:118,12,0,1
BRDA:118,12,1,0
BRDA:125,13,0,0
BRDA:125,13,1,12
BRDA:126,14,0,0
BRDA:126,14,1,0
BRDA:135,15,0,0
BRDA:135,15,1,0
BRDA:135,16,0,0
BRDA:135,16,1,0
BRDA:135,16,2,0
BRF:35
BRH:17
end_of_record
TN:
SF:src\middlewares\errorHandler.js
FN:34,mapPrismaError
FN:59,zodIssues
FN:60,(anonymous_2)
FN:70,errorHandler
FN:115,(anonymous_4)
FNF:5
FNH:2
FNDA:0,mapPrismaError
FNDA:0,zodIssues
FNDA:0,(anonymous_2)
FNDA:12,errorHandler
FNDA:7,(anonymous_4)
DA:22,3
DA:23,3
DA:24,3
DA:26,3
DA:27,3
DA:35,0
DA:36,0
DA:37,0
DA:39,0
DA:44,0
DA:49,0
DA:51,0
DA:60,0
DA:73,12
DA:74,12
DA:75,0
DA:76,0
DA:80,0
DA:81,0
DA:83,0
DA:84,0
DA:89,12
DA:90,12
DA:91,12
DA:92,12
DA:93,0
DA:95,12
DA:98,12
DA:99,12
DA:101,12
DA:107,12
DA:108,12
DA:109,12
DA:110,12
DA:111,12
DA:113,12
DA:115,7
DA:118,12
DA:121,3
LF:39
LH:24
BRDA:35,0,0,0
BRDA:35,0,1,0
BRDA:37,1,0,0
BRDA:37,1,1,0
BRDA:37,1,2,0
BRDA:37,1,3,0
BRDA:41,2,0,0
BRDA:41,2,1,0
BRDA:41,3,0,0
BRDA:41,3,1,0
BRDA:46,4,0,0
BRDA:46,4,1,0
BRDA:61,5,0,0
BRDA:61,5,1,0
BRDA:73,6,0,12
BRDA:73,6,1,0
BRDA:75,7,0,0
BRDA:75,7,1,0
BRDA:80,8,0,0
BRDA:80,8,1,0
BRDA:84,9,0,0
BRDA:84,9,1,0
BRDA:84,10,0,0
BRDA:84,10,1,0
BRDA:84,11,0,0
BRDA:84,11,1,0
BRDA:92,12,0,0
BRDA:92,12,1,12
BRDA:99,13,0,12
BRDA:99,13,1,0
BRDA:104,14,0,12
BRDA:104,14,1,0
BRDA:108,15,0,9
BRDA:108,15,1,3
BRDA:109,16,0,5
BRDA:109,16,1,7
BRDA:110,17,0,12
BRDA:110,17,1,0
BRDA:111,18,0,12
BRDA:111,18,1,0
BRDA:113,19,0,5
BRDA:113,19,1,7
BRDA:113,20,0,12
BRDA:113,20,1,5
BRF:44
BRH:14
end_of_record
TN:
SF:src\middlewares\rateLimiter.js
FN:29,(anonymous_0)
FN:30,(anonymous_1)
FN:45,(anonymous_2)
FN:46,(anonymous_3)
FNF:4
FNH:2
FNDA:5,(anonymous_0)
FNDA:0,(anonymous_1)
FNDA:21,(anonymous_2)
FNDA:0,(anonymous_3)
DA:17,3
DA:18,3
DA:20,3
DA:21,3
DA:23,3
DA:29,5
DA:31,0
DA:40,3
DA:45,21
DA:47,0
DA:51,3
LF:11
LH:9
BRDA:20,0,0,3
BRDA:20,0,1,3
BRDA:21,1,0,3
BRDA:21,1,1,3
BRF:4
BRH:4
end_of_record
TN:
SF:src\middlewares\requestId.js
FN:20,requestId
FNF:1
FNH:1
FNDA:21,requestId
DA:10,3
DA:12,3
DA:13,3
DA:21,21
DA:23,21
DA:27,21
DA:28,21
DA:29,21
DA:32,3
LF:9
LH:9
BRDA:23,0,0,0
BRDA:23,0,1,21
BRDA:23,1,0,21
BRDA:23,1,1,0
BRDA:23,1,2,0
BRF:5
BRH:2
end_of_record
TN:
SF:src\middlewares\role.js
FN:17,permit
FN:18,(anonymous_1)
FNF:2
FNH:2
FNDA:93,permit
FNDA:11,(anonymous_1)
DA:11,3
DA:18,93
DA:19,11
DA:20,0
DA:22,11
DA:23,1
DA:29,10
DA:33,3
LF:8
LH:7
BRDA:19,0,0,0
BRDA:19,0,1,11
BRDA:22,1,0,1
BRDA:22,1,1,10
BRF:4
BRH:3
end_of_record
TN:
SF:src\middlewares\upload.js
FN:30,ensureDir
FN:39,sanitizeCategory
FN:49,makeFilename
FN:55,storageFor
FN:58,(anonymous_4)
FN:63,(anonymous_5)
FN:69,fileFilter
FN:84,imageUploader
FN:97,publicUrlFor
FN:109,deleteByPublicUrl
FN:113,(anonymous_10)
FNF:11
FNH:4
FNDA:3,ensureDir
FNDA:15,sanitizeCategory
FNDA:0,makeFilename
FNDA:15,storageFor
FNDA:0,(anonymous_4)
FNDA:0,(anonymous_5)
FNDA:0,fileFilter
FNDA:15,imageUploader
FNDA:0,publicUrlFor
FNDA:0,deleteByPublicUrl
FNDA:0,(anonymous_10)
DA:11,3
DA:12,3
DA:13,3
DA:14,3
DA:16,3
DA:18,3
DA:24,3
DA:31,3
DA:33,3
DA:40,15
DA:41,15
DA:50,0
DA:51,0
DA:52,0
DA:56,15
DA:57,15
DA:59,0
DA:60,0
DA:61,0
DA:64,0
DA:70,0
DA:71,0
DA:75,0
DA:85,15
DA:90,15
DA:98,0
DA:99,0
DA:100,0
DA:110,0
DA:111,0
DA:112,0
DA:113,0
DA:114,0
DA:115,0
DA:116,0
DA:123,3
LF:36
LH:16
BRDA:31,0,0,0
BRDA:31,0,1,3
BRDA:40,1,0,0
BRDA:40,1,1,15
BRDA:41,2,0,15
BRDA:41,2,1,0
BRDA:50,3,0,0
BRDA:50,3,1,0
BRDA:70,4,0,0
BRDA:70,4,1,0
BRDA:84,5,0,0
BRDA:84,6,0,15
BRDA:90,7,0,15
BRDA:90,7,1,0
BRDA:98,8,0,0
BRDA:98,8,1,0
BRDA:110,9,0,0
BRDA:110,9,1,0
BRDA:110,10,0,0
BRDA:110,10,1,0
BRDA:110,10,2,0
BRDA:113,11,0,0
BRDA:113,11,1,0
BRDA:115,12,0,0
BRDA:115,12,1,0
BRDA:115,13,0,0
BRDA:115,13,1,0
BRDA:115,13,2,0
BRF:28
BRH:5
end_of_record
TN:
SF:src\middlewares\validate.js
FN:26,isSchema
FN:38,parseOrThrow
FN:42,(anonymous_2)
FN:43,(anonymous_3)
FN:59,validate
FN:65,(anonymous_5)
FN:85,(anonymous_6)
FNF:7
FNH:6
FNDA:120,isSchema
FNDA:14,parseOrThrow
FNDA:7,(anonymous_2)
FNDA:14,(anonymous_3)
FNDA:120,validate
FNDA:14,(anonymous_5)
FNDA:0,(anonymous_6)
DA:19,3
DA:20,3
DA:27,120
DA:39,14
DA:40,14
DA:42,7
DA:43,14
DA:47,5
DA:61,120
DA:63,84
DA:65,84
DA:66,14
DA:67,14
DA:68,12
DA:69,10
DA:70,3
DA:72,2
DA:78,9
DA:80,5
DA:82,0
DA:85,0
DA:92,5
DA:97,3
LF:23
LH:21
BRDA:27,0,0,120
BRDA:27,0,1,120
BRDA:40,1,0,9
BRDA:40,1,1,5
BRDA:61,2,0,36
BRDA:61,2,1,84
BRDA:63,3,0,84
BRDA:63,3,1,0
BRDA:67,4,0,6
BRDA:67,4,1,8
BRDA:68,5,0,5
BRDA:68,5,1,7
BRDA:69,6,0,3
BRDA:69,6,1,7
BRDA:80,7,0,0
BRDA:80,7,1,5
BRDA:86,8,0,0
BRDA:86,8,1,0
BRF:18
BRH:14
end_of_record
TN:
SF:src\repositories\answer.repository.js
FN:17,(anonymous_0)
FN:28,(anonymous_1)
FNF:2
FNH:1
FNDA:0,(anonymous_0)
FNDA:1,(anonymous_1)
DA:5,4
DA:7,4
DA:18,0
DA:29,1
DA:33,4
LF:5
LH:4
BRF:0
BRH:0
end_of_record
TN:
SF:src\repositories\attempt.repository.js
FN:47,(anonymous_0)
FN:55,(anonymous_1)
FN:62,(anonymous_2)
FN:70,(anonymous_3)
FN:75,(anonymous_4)
FN:83,(anonymous_5)
FN:100,(anonymous_6)
FN:108,(anonymous_7)
FN:124,(anonymous_8)
FN:132,(anonymous_9)
FNF:10
FNH:7
FNDA:2,(anonymous_0)
FNDA:3,(anonymous_1)
FNDA:1,(anonymous_2)
FNDA:2,(anonymous_3)
FNDA:0,(anonymous_4)
FNDA:1,(anonymous_5)
FNDA:0,(anonymous_6)
FNDA:0,(anonymous_7)
FNDA:2,(anonymous_8)
FNDA:1,(anonymous_9)
DA:7,4
DA:9,4
DA:20,4
DA:45,4
DA:48,2
DA:56,3
DA:63,1
DA:71,2
DA:76,0
DA:84,1
DA:101,0
DA:109,0
DA:110,0
DA:120,0
DA:125,2
DA:133,1
DA:142,1
DA:154,4
LF:18
LH:13
BRDA:83,0,0,0
BRDA:144,1,0,1
BRDA:144,1,1,0
BRDA:145,2,0,1
BRDA:145,2,1,0
BRDA:146,3,0,1
BRDA:146,3,1,0
BRF:7
BRH:3
end_of_record
TN:
SF:src\repositories\pointsHistory.repository.js
FN:9,(anonymous_0)
FN:14,(anonymous_1)
FN:39,(anonymous_2)
FN:57,(anonymous_3)
FNF:4
FNH:0
FNDA:0,(anonymous_0)
FNDA:0,(anonymous_1)
FNDA:0,(anonymous_2)
FNDA:0,(anonymous_3)
DA:5,5
DA:7,5
DA:10,0
DA:15,0
DA:16,0
DA:32,0
DA:40,0
DA:50,0
DA:58,0
DA:62,5
LF:10
LH:3
BRDA:51,0,0,0
BRDA:51,0,1,0
BRDA:52,1,0,0
BRDA:52,1,1,0
BRF:4
BRH:0
end_of_record
TN:
SF:src\repositories\quiz.repository.js
FN:28,(anonymous_0)
FN:59,(anonymous_1)
FN:80,(anonymous_2)
FN:108,(anonymous_3)
FN:114,(anonymous_4)
FNF:5
FNH:2
FNDA:4,(anonymous_0)
FNDA:0,(anonymous_1)
FNDA:1,(anonymous_2)
FNDA:0,(anonymous_3)
FNDA:0,(anonymous_4)
DA:7,4
DA:9,4
DA:23,4
DA:29,4
DA:60,0
DA:81,1
DA:82,1
DA:83,0
DA:89,1
DA:100,1
DA:109,0
DA:114,0
DA:116,0
DA:131,4
LF:14
LH:9
BRDA:82,0,0,0
BRDA:82,0,1,1
BRDA:108,1,0,0
BRDA:120,2,0,0
BRDA:120,2,1,0
BRF:5
BRH:1
end_of_record
TN:
SF:src\repositories\user.repository.js
FN:45,(anonymous_0)
FN:50,(anonymous_1)
FN:58,(anonymous_2)
FN:63,(anonymous_3)
FN:66,(anonymous_4)
FN:76,(anonymous_5)
FN:90,(anonymous_6)
FN:104,(anonymous_7)
FN:130,(anonymous_8)
FN:139,(anonymous_9)
FN:147,(anonymous_10)
FNF:11
FNH:9
FNDA:4,(anonymous_0)
FNDA:0,(anonymous_1)
FNDA:8,(anonymous_2)
FNDA:7,(anonymous_3)
FNDA:7,(anonymous_4)
FNDA:2,(anonymous_5)
FNDA:3,(anonymous_6)
FNDA:1,(anonymous_7)
FNDA:2,(anonymous_8)
FNDA:2,(anonymous_9)
FNDA:0,(anonymous_10)
DA:10,6
DA:13,6
DA:30,6
DA:40,6
DA:46,4
DA:51,0
DA:59,8
DA:64,7
DA:66,7
DA:77,2
DA:91,3
DA:105,1
DA:106,1
DA:107,1
DA:108,1
DA:109,0
DA:115,1
DA:126,1
DA:131,2
DA:140,2
DA:148,0
DA:163,6
LF:22
LH:19
BRDA:76,0,0,0
BRDA:76,1,0,2
BRDA:79,2,0,0
BRDA:79,2,1,2
BRDA:90,3,0,0
BRDA:90,4,0,0
BRDA:106,5,0,0
BRDA:106,5,1,1
BRDA:107,6,0,0
BRDA:107,6,1,1
BRDA:108,7,0,0
BRDA:108,7,1,1
BRDA:139,8,0,2
BRDA:139,9,0,2
BRF:14
BRH:7
end_of_record
TN:
SF:src\routes\activity.routes.js
FN:14,(anonymous_0)
FNF:1
FNH:0
FNDA:0,(anonymous_0)
DA:1,3
DA:2,3
DA:3,3
DA:4,3
DA:12,3
DA:14,3
DA:15,0
DA:16,0
DA:17,0
DA:18,0
DA:19,0
DA:20,0
DA:23,3
LF:13
LH:7
BRDA:16,0,0,0
BRDA:16,0,1,0
BRDA:17,1,0,0
BRDA:17,1,1,0
BRF:4
BRH:0
end_of_record
TN:
SF:src\routes\admin.routes.js
FNF:0
FNH:0
DA:8,3
DA:10,3
DA:11,3
DA:12,3
DA:13,3
DA:14,3
DA:16,3
DA:18,3
DA:20,3
DA:21,3
DA:23,3
DA:28,3
DA:33,3
DA:39,3
LF:14
LH:14
BRF:0
BRH:0
end_of_record
TN:
SF:src\routes\analytics.routes.js
FNF:0
FNH:0
DA:1,3
DA:2,3
DA:3,3
DA:4,3
DA:5,3
DA:14,3
DA:16,3
DA:18,3
LF:8
LH:8
BRF:0
BRH:0
end_of_record
TN:
SF:src\routes\auth.routes.js
FNF:0
FNH:0
DA:12,3
DA:14,3
DA:15,3
DA:16,3
DA:17,3
DA:18,3
DA:20,3
DA:22,3
DA:23,3
DA:24,3
DA:25,3
DA:26,3
DA:28,3
LF:13
LH:13
BRF:0
BRH:0
end_of_record
TN:
SF:src\routes\brand.routes.js
FNF:0
FNH:0
DA:1,3
DA:2,3
DA:3,3
DA:4,3
DA:5,3
DA:6,3
DA:7,3
DA:21,3
DA:24,3
DA:25,3
DA:28,3
DA:29,3
DA:30,3
DA:32,3
LF:14
LH:14
BRF:0
BRH:0
end_of_record
TN:
SF:src\routes\brandSelf.routes.js
FNF:0
FNH:0
DA:1,3
DA:2,3
DA:3,3
DA:4,3
DA:5,3
DA:6,3
DA:7,3
DA:8,3
DA:9,3
DA:36,3
DA:39,3
DA:40,3
DA:41,3
DA:42,3
DA:45,3
DA:46,3
DA:47,3
DA:48,3
DA:51,3
DA:52,3
DA:53,3
DA:54,3
DA:57,3
DA:58,3
DA:61,3
DA:63,3
LF:26
LH:26
BRF:0
BRH:0
end_of_record
TN:
SF:src\routes\gamification.routes.js
FNF:0
FNH:0
DA:1,3
DA:2,3
DA:3,3
DA:4,3
DA:5,3
DA:14,3
DA:16,3
DA:17,3
DA:19,3
LF:9
LH:9
BRF:0
BRH:0
end_of_record
TN:
SF:src\routes\index.js
FN:53,registerApiRoutes
FNF:1
FNH:1
FNDA:3,registerApiRoutes
DA:10,3
DA:11,3
DA:12,3
DA:13,3
DA:14,3
DA:15,3
DA:16,3
DA:17,3
DA:18,3
DA:19,3
DA:20,3
DA:21,3
DA:22,3
DA:23,3
DA:24,3
DA:25,3
DA:27,3
DA:29,3
DA:54,3
DA:55,48
DA:59,3
LF:21
LH:21
BRF:0
BRH:0
end_of_record
TN:
SF:src\routes\leaderboard.routes.js
FNF:0
FNH:0
DA:1,3
DA:2,3
DA:3,3
DA:4,3
DA:5,3
DA:15,3
DA:17,3
DA:18,3
DA:19,3
DA:20,3
DA:22,3
LF:11
LH:11
BRF:0
BRH:0
end_of_record
TN:
SF:src\routes\notification.routes.js
FNF:0
FNH:0
DA:1,3
DA:2,3
DA:3,3
DA:4,3
DA:15,3
DA:17,3
DA:18,3
DA:19,3
DA:20,3
DA:22,3
LF:10
LH:10
BRF:0
BRH:0
end_of_record
TN:
SF:src\routes\participant.routes.js
FNF:0
FNH:0
DA:9,3
DA:11,3
DA:12,3
DA:13,3
DA:14,3
DA:24,3
DA:26,3
DA:28,3
DA:31,3
DA:32,3
DA:33,3
DA:36,3
DA:41,3
DA:44,3
DA:49,3
DA:54,3
DA:59,3
DA:64,3
DA:71,3
DA:72,3
DA:79,3
DA:80,3
DA:86,3
LF:23
LH:23
BRF:0
BRH:0
end_of_record
TN:
SF:src\routes\profile.routes.js
FNF:0
FNH:0
DA:1,3
DA:2,3
DA:3,3
DA:4,3
DA:5,3
DA:10,3
DA:21,3
DA:23,3
DA:24,3
DA:25,3
DA:26,3
DA:27,3
DA:29,3
LF:13
LH:13
BRF:0
BRH:0
end_of_record
TN:
SF:src\routes\question.routes.js
FNF:0
FNH:0
DA:1,3
DA:2,3
DA:3,3
DA:4,3
DA:5,3
DA:6,3
DA:7,3
DA:17,3
DA:19,3
DA:20,3
DA:22,3
LF:11
LH:11
BRF:0
BRH:0
end_of_record
TN:
SF:src\routes\quiz.routes.js
FNF:0
FNH:0
DA:1,3
DA:2,3
DA:3,3
DA:4,3
DA:5,3
DA:6,3
DA:7,3
DA:8,3
DA:9,3
DA:10,3
DA:26,3
DA:29,3
DA:30,3
DA:31,3
DA:32,3
DA:33,3
DA:36,3
DA:39,3
DA:41,3
LF:19
LH:19
BRF:0
BRH:0
end_of_record
TN:
SF:src\routes\quizmaster.routes.js
FNF:0
FNH:0
DA:1,3
DA:2,3
DA:3,3
DA:4,3
DA:5,3
DA:6,3
DA:7,3
DA:21,3
DA:24,3
DA:25,3
DA:28,3
DA:29,3
DA:30,3
DA:32,3
LF:14
LH:14
BRF:0
BRH:0
end_of_record
TN:
SF:src\routes\store.routes.js
FNF:0
FNH:0
DA:1,3
DA:2,3
DA:3,3
DA:4,3
DA:5,3
DA:28,3
DA:29,3
DA:30,3
DA:33,3
DA:34,3
DA:35,3
DA:38,3
DA:39,3
DA:40,3
DA:41,3
DA:43,3
LF:16
LH:16
BRF:0
BRH:0
end_of_record
TN:
SF:src\routes\upload.routes.js
FNF:0
FNH:0
DA:1,3
DA:2,3
DA:3,3
DA:4,3
DA:5,3
DA:19,3
DA:21,3
DA:22,3
DA:23,3
DA:24,3
DA:25,3
DA:27,3
LF:12
LH:12
BRF:0
BRH:0
end_of_record
TN:
SF:src\services\activityLog.service.js
FN:13,(anonymous_0)
FN:31,(anonymous_1)
FN:50,(anonymous_2)
FN:57,(anonymous_3)
FN:69,(anonymous_4)
FN:77,safeParse
FNF:6
FNH:0
FNDA:0,(anonymous_0)
FNDA:0,(anonymous_1)
FNDA:0,(anonymous_2)
FNDA:0,(anonymous_3)
FNDA:0,(anonymous_4)
FNDA:0,safeParse
DA:1,2
DA:2,2
DA:12,2
DA:14,0
DA:15,0
DA:26,0
DA:27,0
DA:32,0
DA:33,0
DA:34,0
DA:36,0
DA:49,0
DA:50,0
DA:58,0
DA:59,0
DA:68,0
DA:69,0
DA:78,0
DA:81,2
LF:19
LH:4
BRDA:13,0,0,0
BRDA:13,1,0,0
BRDA:13,2,0,0
BRDA:13,3,0,0
BRDA:22,4,0,0
BRDA:22,4,1,0
BRDA:31,5,0,0
BRDA:31,6,0,0
BRDA:31,7,0,0
BRDA:33,8,0,0
BRDA:33,8,1,0
BRDA:50,9,0,0
BRDA:50,9,1,0
BRDA:57,10,0,0
BRDA:57,11,0,0
BRDA:57,12,0,0
BRDA:69,13,0,0
BRDA:69,13,1,0
BRF:18
BRH:0
end_of_record
TN:
SF:src\services\admin.service.js
FN:31,ensurePositiveId
FN:42,(anonymous_1)
FN:69,(anonymous_2)
FN:102,(anonymous_3)
FN:145,(anonymous_4)
FN:174,(anonymous_5)
FN:201,(anonymous_6)
FN:227,(anonymous_7)
FN:249,(anonymous_8)
FNF:9
FNH:7
FNDA:28,ensurePositiveId
FNDA:1,(anonymous_1)
FNDA:5,(anonymous_2)
FNDA:3,(anonymous_3)
FNDA:6,(anonymous_4)
FNDA:2,(anonymous_5)
FNDA:2,(anonymous_6)
FNDA:0,(anonymous_7)
FNDA:0,(anonymous_8)
DA:16,4
DA:18,4
DA:19,4
DA:20,4
DA:21,4
DA:22,4
DA:23,4
DA:24,4
DA:32,28
DA:33,0
DA:37,4
DA:43,1
DA:44,1
DA:52,1
DA:70,5
DA:71,5
DA:72,5
DA:73,1
DA:76,4
DA:80,4
DA:81,4
DA:82,1
DA:84,3
DA:85,1
DA:88,2
DA:93,2
DA:94,2
DA:103,3
DA:104,3
DA:105,3
DA:106,1
DA:109,2
DA:113,2
DA:114,2
DA:115,1
DA:119,1
DA:120,0
DA:123,1
DA:128,1
DA:129,1
DA:146,6
DA:147,6
DA:148,6
DA:149,2
DA:152,4
DA:156,4
DA:157,4
DA:158,1
DA:161,3
DA:163,3
DA:165,1
DA:168,2
DA:169,1
DA:174,2
DA:176,1
DA:181,1
DA:183,1
DA:184,1
DA:190,1
DA:191,1
DA:194,1
DA:196,1
DA:201,2
DA:203,1
DA:214,1
DA:216,1
DA:217,1
DA:220,0
DA:228,0
DA:240,0
DA:242,0
DA:249,0
DA:252,0
DA:257,4
DA:259,4
LF:75
LH:67
BRDA:32,0,0,0
BRDA:32,0,1,28
BRDA:32,1,0,28
BRDA:32,1,1,28
BRDA:60,2,0,1
BRDA:60,2,1,0
BRDA:72,3,0,1
BRDA:72,3,1,4
BRDA:80,4,0,0
BRDA:80,4,1,4
BRDA:81,5,0,1
BRDA:81,5,1,3
BRDA:84,6,0,1
BRDA:84,6,1,2
BRDA:105,7,0,1
BRDA:105,7,1,2
BRDA:113,8,0,0
BRDA:113,8,1,2
BRDA:114,9,0,1
BRDA:114,9,1,1
BRDA:114,10,0,2
BRDA:114,10,1,1
BRDA:119,11,0,0
BRDA:119,11,1,1
BRDA:148,12,0,2
BRDA:148,12,1,4
BRDA:156,13,0,0
BRDA:156,13,1,4
BRDA:157,14,0,1
BRDA:157,14,1,3
BRDA:163,15,0,1
BRDA:163,15,1,2
BRDA:168,16,0,1
BRDA:168,16,1,1
BRDA:183,17,0,1
BRDA:183,17,1,0
BRDA:194,18,0,1
BRDA:194,18,1,0
BRDA:240,19,0,0
BRDA:240,19,1,0
BRF:40
BRH:30
end_of_record
TN:
SF:src\services\analytics.service.js
FN:11,(anonymous_0)
FN:51,(anonymous_1)
FN:53,(anonymous_2)
FN:73,(anonymous_3)
FN:75,(anonymous_4)
FN:100,(anonymous_5)
FN:115,(anonymous_6)
FN:116,(anonymous_7)
FN:117,(anonymous_8)
FN:129,(anonymous_9)
FN:137,(anonymous_10)
FN:139,(anonymous_11)
FN:154,(anonymous_12)
FNF:13
FNH:0
FNDA:0,(anonymous_0)
FNDA:0,(anonymous_1)
FNDA:0,(anonymous_2)
FNDA:0,(anonymous_3)
FNDA:0,(anonymous_4)
FNDA:0,(anonymous_5)
FNDA:0,(anonymous_6)
FNDA:0,(anonymous_7)
FNDA:0,(anonymous_8)
FNDA:0,(anonymous_9)
FNDA:0,(anonymous_10)
FNDA:0,(anonymous_11)
FNDA:0,(anonymous_12)
DA:1,3
DA:2,3
DA:7,3
DA:13,0
DA:24,0
DA:25,0
DA:27,0
DA:28,0
DA:32,0
DA:37,0
DA:39,0
DA:40,0
DA:51,0
DA:52,0
DA:53,0
DA:54,0
DA:55,0
DA:56,0
DA:59,0
DA:73,0
DA:74,0
DA:75,0
DA:76,0
DA:86,0
DA:102,0
DA:114,0
DA:115,0
DA:116,0
DA:117,0
DA:120,0
DA:127,0
DA:128,0
DA:129,0
DA:130,0
DA:132,0
DA:136,0
DA:137,0
DA:139,0
DA:147,0
DA:154,0
DA:166,3
LF:41
LH:4
BRDA:24,0,0,0
BRDA:24,0,1,0
BRDA:27,1,0,0
BRDA:27,1,1,0
BRDA:39,2,0,0
BRDA:39,2,1,0
BRDA:54,3,0,0
BRDA:54,3,1,0
BRDA:82,4,0,0
BRDA:82,4,1,0
BRDA:128,5,0,0
BRDA:128,5,1,0
BRDA:130,6,0,0
BRDA:130,6,1,0
BRF:14
BRH:0
end_of_record
TN:
SF:src\services\auth.service.js
FN:33,omitPassword
FN:45,buildJwtPayload
FN:60,(anonymous_2)
FN:110,(anonymous_3)
FN:165,(anonymous_4)
FN:173,(anonymous_5)
FN:180,(anonymous_6)
FNF:7
FNH:6
FNDA:2,omitPassword
FNDA:2,buildJwtPayload
FNDA:7,(anonymous_2)
FNDA:8,(anonymous_3)
FNDA:0,(anonymous_4)
FNDA:1,(anonymous_5)
FNDA:2,(anonymous_6)
DA:13,4
DA:14,4
DA:16,4
DA:17,4
DA:24,4
DA:26,4
DA:27,4
DA:34,2
DA:35,2
DA:36,2
DA:46,2
DA:47,2
DA:48,2
DA:51,4
DA:61,7
DA:63,7
DA:68,2
DA:71,5
DA:72,3
DA:73,1
DA:75,2
DA:76,2
DA:77,1
DA:79,1
DA:80,1
DA:84,2
DA:86,2
DA:102,2
DA:111,8
DA:114,8
DA:115,3
DA:118,5
DA:119,1
DA:121,4
DA:122,1
DA:130,3
DA:131,1
DA:132,0
DA:137,1
DA:138,1
DA:139,1
DA:141,0
DA:144,2
DA:148,2
DA:166,0
DA:174,1
DA:175,1
DA:176,1
DA:181,2
DA:185,4
LF:50
LH:47
BRDA:27,0,0,4
BRDA:27,0,1,4
BRDA:34,1,0,0
BRDA:34,1,1,2
BRDA:47,2,0,0
BRDA:47,2,1,2
BRDA:47,3,0,2
BRDA:47,3,1,0
BRDA:61,4,0,2
BRDA:63,5,0,2
BRDA:63,5,1,5
BRDA:71,6,0,3
BRDA:71,6,1,2
BRDA:72,7,0,1
BRDA:72,7,1,2
BRDA:76,8,0,1
BRDA:76,8,1,1
BRDA:76,9,0,2
BRDA:76,9,1,2
BRDA:79,10,0,1
BRDA:79,10,1,0
BRDA:92,11,0,0
BRDA:92,11,1,2
BRDA:92,12,0,2
BRDA:92,12,1,0
BRDA:96,13,0,0
BRDA:96,13,1,2
BRDA:114,14,0,3
BRDA:114,14,1,5
BRDA:114,15,0,8
BRDA:114,15,1,6
BRDA:118,16,0,1
BRDA:118,16,1,4
BRDA:118,17,0,5
BRDA:118,17,1,1
BRDA:121,18,0,1
BRDA:121,18,1,3
BRDA:123,19,0,1
BRDA:123,19,1,0
BRDA:130,20,0,1
BRDA:130,20,1,2
BRDA:131,21,0,0
BRDA:131,21,1,1
BRDA:138,22,0,1
BRDA:138,22,1,0
BRDA:138,23,0,1
BRDA:138,23,1,1
BRDA:156,24,0,0
BRDA:156,24,1,2
BRDA:175,25,0,0
BRDA:175,25,1,1
BRF:51
BRH:39
end_of_record
TN:
SF:src\services\brand.service.js
FN:33,(anonymous_0)
FN:59,(anonymous_1)
FN:96,(anonymous_2)
FN:119,(anonymous_3)
FN:153,(anonymous_4)
FN:175,(anonymous_5)
FN:219,(anonymous_6)
FN:248,(anonymous_7)
FN:270,(anonymous_8)
FN:298,(anonymous_9)
FNF:10
FNH:0
FNDA:0,(anonymous_0)
FNDA:0,(anonymous_1)
FNDA:0,(anonymous_2)
FNDA:0,(anonymous_3)
FNDA:0,(anonymous_4)
FNDA:0,(anonymous_5)
FNDA:0,(anonymous_6)
FNDA:0,(anonymous_7)
FNDA:0,(anonymous_8)
FNDA:0,(anonymous_9)
DA:1,2
DA:2,2
DA:3,2
DA:4,2
DA:9,2
DA:25,2
DA:34,0
DA:35,0
DA:36,0
DA:39,0
DA:41,0
DA:53,0
DA:60,0
DA:62,0
DA:63,0
DA:65,0
DA:66,0
DA:72,0
DA:74,0
DA:85,0
DA:97,0
DA:108,0
DA:109,0
DA:112,0
DA:113,0
DA:120,0
DA:125,0
DA:126,0
DA:129,0
DA:130,0
DA:131,0
DA:132,0
DA:136,0
DA:137,0
DA:140,0
DA:146,0
DA:154,0
DA:164,0
DA:165,0
DA:168,0
DA:169,0
DA:172,0
DA:173,0
DA:175,0
DA:176,0
DA:184,0
DA:189,0
DA:191,0
DA:193,0
DA:204,0
DA:220,0
DA:237,0
DA:238,0
DA:241,0
DA:242,0
DA:249,0
DA:254,0
DA:255,0
DA:258,0
DA:264,0
DA:271,0
DA:276,0
DA:277,0
DA:280,0
DA:292,0
DA:299,0
DA:304,0
DA:305,0
DA:308,0
DA:327,0
DA:331,2
LF:71
LH:7
BRDA:35,0,0,0
BRDA:35,0,1,0
BRDA:47,1,0,0
BRDA:47,1,1,0
BRDA:48,2,0,0
BRDA:48,2,1,0
BRDA:59,3,0,0
BRDA:59,4,0,0
BRDA:62,5,0,0
BRDA:62,5,1,0
BRDA:65,6,0,0
BRDA:65,6,1,0
BRDA:108,7,0,0
BRDA:108,7,1,0
BRDA:108,8,0,0
BRDA:108,8,1,0
BRDA:108,8,2,0
BRDA:125,9,0,0
BRDA:125,9,1,0
BRDA:125,10,0,0
BRDA:125,10,1,0
BRDA:125,10,2,0
BRDA:129,11,0,0
BRDA:129,11,1,0
BRDA:131,12,0,0
BRDA:131,12,1,0
BRDA:131,13,0,0
BRDA:131,13,1,0
BRDA:136,14,0,0
BRDA:136,14,1,0
BRDA:164,15,0,0
BRDA:164,15,1,0
BRDA:164,16,0,0
BRDA:164,16,1,0
BRDA:168,17,0,0
BRDA:168,17,1,0
BRDA:237,18,0,0
BRDA:237,18,1,0
BRDA:237,19,0,0
BRDA:237,19,1,0
BRDA:237,19,2,0
BRDA:254,20,0,0
BRDA:254,20,1,0
BRDA:254,21,0,0
BRDA:254,21,1,0
BRDA:254,21,2,0
BRDA:276,22,0,0
BRDA:276,22,1,0
BRDA:276,23,0,0
BRDA:276,23,1,0
BRDA:276,23,2,0
BRDA:304,24,0,0
BRDA:304,24,1,0
BRDA:304,25,0,0
BRDA:304,25,1,0
BRDA:304,25,2,0
BRF:56
BRH:0
end_of_record
TN:
SF:src\services\brandAnalytics.service.js
FN:12,(anonymous_0)
FN:28,(anonymous_1)
FN:43,(anonymous_2)
FN:44,(anonymous_3)
FN:45,(anonymous_4)
FN:63,(anonymous_5)
FN:71,(anonymous_6)
FN:73,(anonymous_7)
FN:98,(anonymous_8)
FN:136,(anonymous_9)
FN:137,(anonymous_10)
FN:154,(anonymous_11)
FN:176,(anonymous_12)
FN:182,(anonymous_13)
FNF:14
FNH:0
FNDA:0,(anonymous_0)
FNDA:0,(anonymous_1)
FNDA:0,(anonymous_2)
FNDA:0,(anonymous_3)
FNDA:0,(anonymous_4)
FNDA:0,(anonymous_5)
FNDA:0,(anonymous_6)
FNDA:0,(anonymous_7)
FNDA:0,(anonymous_8)
FNDA:0,(anonymous_9)
FNDA:0,(anonymous_10)
FNDA:0,(anonymous_11)
FNDA:0,(anonymous_12)
FNDA:0,(anonymous_13)
DA:1,3
DA:2,3
DA:7,3
DA:14,0
DA:19,0
DA:20,0
DA:24,0
DA:28,0
DA:29,0
DA:32,0
DA:42,0
DA:43,0
DA:44,0
DA:45,0
DA:48,0
DA:53,0
DA:56,0
DA:61,0
DA:62,0
DA:63,0
DA:64,0
DA:66,0
DA:70,0
DA:71,0
DA:73,0
DA:81,0
DA:100,0
DA:105,0
DA:106,0
DA:110,0
DA:122,0
DA:135,0
DA:136,0
DA:137,0
DA:140,0
DA:147,0
DA:152,0
DA:153,0
DA:154,0
DA:155,0
DA:157,0
DA:160,0
DA:176,0
DA:182,0
DA:195,3
LF:45
LH:4
BRDA:19,0,0,0
BRDA:19,0,1,0
BRDA:19,1,0,0
BRDA:19,1,1,0
BRDA:19,1,2,0
BRDA:62,2,0,0
BRDA:62,2,1,0
BRDA:64,3,0,0
BRDA:64,3,1,0
BRDA:105,4,0,0
BRDA:105,4,1,0
BRDA:105,5,0,0
BRDA:105,5,1,0
BRDA:105,5,2,0
BRDA:153,6,0,0
BRDA:153,6,1,0
BRDA:155,7,0,0
BRDA:155,7,1,0
BRF:18
BRH:0
end_of_record
TN:
SF:src\services\brandControl.service.js
FN:17,(anonymous_0)
FN:31,(anonymous_1)
FN:43,(anonymous_2)
FN:74,(anonymous_3)
FN:98,(anonymous_4)
FN:106,(anonymous_5)
FN:135,(anonymous_6)
FN:155,(anonymous_7)
FN:175,(anonymous_8)
FN:182,(anonymous_9)
FN:204,(anonymous_10)
FN:238,(anonymous_11)
FN:269,(anonymous_12)
FN:276,(anonymous_13)
FN:306,(anonymous_14)
FN:309,(anonymous_15)
FN:321,(anonymous_16)
FNF:17
FNH:0
FNDA:0,(anonymous_0)
FNDA:0,(anonymous_1)
FNDA:0,(anonymous_2)
FNDA:0,(anonymous_3)
FNDA:0,(anonymous_4)
FNDA:0,(anonymous_5)
FNDA:0,(anonymous_6)
FNDA:0,(anonymous_7)
FNDA:0,(anonymous_8)
FNDA:0,(anonymous_9)
FNDA:0,(anonymous_10)
FNDA:0,(anonymous_11)
FNDA:0,(anonymous_12)
FNDA:0,(anonymous_13)
FNDA:0,(anonymous_14)
FNDA:0,(anonymous_15)
FNDA:0,(anonymous_16)
DA:1,3
DA:2,3
DA:3,3
DA:4,3
DA:5,3
DA:14,3
DA:18,0
DA:22,0
DA:23,0
DA:25,0
DA:26,0
DA:28,0
DA:32,0
DA:36,0
DA:37,0
DA:38,0
DA:40,0
DA:44,0
DA:45,0
DA:47,0
DA:54,0
DA:59,0
DA:63,0
DA:71,0
DA:75,0
DA:76,0
DA:78,0
DA:83,0
DA:87,0
DA:95,0
DA:99,0
DA:101,0
DA:106,0
DA:108,0
DA:110,0
DA:111,0
DA:117,0
DA:118,0
DA:119,0
DA:121,0
DA:130,0
DA:136,0
DA:137,0
DA:139,0
DA:144,0
DA:152,0
DA:156,0
DA:157,0
DA:159,0
DA:164,0
DA:172,0
DA:176,0
DA:178,0
DA:179,0
DA:182,0
DA:183,0
DA:184,0
DA:186,0
DA:187,0
DA:188,0
DA:189,0
DA:191,0
DA:199,0
DA:205,0
DA:206,0
DA:207,0
DA:212,0
DA:214,0
DA:235,0
DA:239,0
DA:240,0
DA:241,0
DA:243,0
DA:244,0
DA:266,0
DA:271,0
DA:276,0
DA:277,0
DA:278,0
DA:281,0
DA:282,0
DA:283,0
DA:285,0
DA:300,0
DA:306,0
DA:308,0
DA:309,0
DA:322,0
DA:332,0
DA:338,0
DA:349,3
LF:91
LH:7
BRDA:22,0,0,0
BRDA:22,0,1,0
BRDA:22,1,0,0
BRDA:22,1,1,0
BRDA:25,2,0,0
BRDA:25,2,1,0
BRDA:36,3,0,0
BRDA:36,3,1,0
BRDA:37,4,0,0
BRDA:37,4,1,0
BRDA:45,5,0,0
BRDA:45,5,1,0
BRDA:76,6,0,0
BRDA:76,6,1,0
BRDA:110,7,0,0
BRDA:110,7,1,0
BRDA:137,8,0,0
BRDA:137,8,1,0
BRDA:157,9,0,0
BRDA:157,9,1,0
BRDA:183,10,0,0
BRDA:183,10,1,0
BRDA:204,11,0,0
BRDA:204,12,0,0
BRDA:204,13,0,0
BRDA:206,14,0,0
BRDA:206,14,1,0
BRDA:238,15,0,0
BRDA:238,16,0,0
BRDA:238,17,0,0
BRDA:240,18,0,0
BRDA:240,18,1,0
BRDA:241,19,0,0
BRDA:241,19,1,0
BRDA:269,20,0,0
BRDA:269,21,0,0
BRDA:269,22,0,0
BRDA:277,23,0,0
BRDA:277,23,1,0
BRDA:311,24,0,0
BRDA:311,24,1,0
BRDA:312,25,0,0
BRDA:312,25,1,0
BRDA:313,26,0,0
BRDA:313,26,1,0
BRDA:344,27,0,0
BRDA:344,27,1,0
BRF:47
BRH:0
end_of_record
TN:
SF:src\services\gamification.service.js
FN:30,getLevelForXP
FN:37,getLevelName
FN:41,getXPForNextLevel
FN:54,(anonymous_3)
FN:128,(anonymous_4)
FN:145,(anonymous_5)
FN:197,(anonymous_6)
FN:232,(anonymous_7)
FN:261,(anonymous_8)
FN:268,(anonymous_9)
FN:280,(anonymous_10)
FN:289,(anonymous_11)
FN:291,(anonymous_12)
FNF:13
FNH:0
FNDA:0,getLevelForXP
FNDA:0,getLevelName
FNDA:0,getXPForNextLevel
FNDA:0,(anonymous_3)
FNDA:0,(anonymous_4)
FNDA:0,(anonymous_5)
FNDA:0,(anonymous_6)
FNDA:0,(anonymous_7)
FNDA:0,(anonymous_8)
FNDA:0,(anonymous_9)
FNDA:0,(anonymous_10)
FNDA:0,(anonymous_11)
FNDA:0,(anonymous_12)
DA:1,2
DA:4,2
DA:17,2
DA:31,0
DA:32,0
DA:34,0
DA:38,0
DA:42,0
DA:43,0
DA:49,2
DA:55,0
DA:56,0
DA:58,0
DA:59,0
DA:62,0
DA:65,0
DA:75,0
DA:76,0
DA:77,0
DA:78,0
DA:82,0
DA:85,0
DA:96,0
DA:102,0
DA:112,0
DA:114,0
DA:129,0
DA:145,0
DA:146,0
DA:149,0
DA:154,0
DA:158,0
DA:159,0
DA:161,0
DA:163,0
DA:164,0
DA:166,0
DA:167,0
DA:168,0
DA:170,0
DA:172,0
DA:173,0
DA:175,0
DA:176,0
DA:178,0
DA:179,0
DA:181,0
DA:182,0
DA:184,0
DA:185,0
DA:187,0
DA:188,0
DA:191,0
DA:197,0
DA:198,0
DA:201,0
DA:202,0
DA:206,0
DA:207,0
DA:213,0
DA:222,0
DA:226,0
DA:233,0
DA:247,0
DA:249,0
DA:250,0
DA:251,0
DA:253,0
DA:261,0
DA:268,0
DA:281,0
DA:289,0
DA:291,0
DA:308,2
LF:74
LH:5
BRDA:32,0,0,0
BRDA:32,0,1,0
BRDA:38,1,0,0
BRDA:38,1,1,0
BRDA:42,2,0,0
BRDA:42,2,1,0
BRDA:55,3,0,0
BRDA:55,3,1,0
BRDA:58,4,0,0
BRDA:58,4,1,0
BRDA:59,5,0,0
BRDA:59,5,1,0
BRDA:62,6,0,0
BRDA:62,6,1,0
BRDA:77,7,0,0
BRDA:77,7,1,0
BRDA:119,8,0,0
BRDA:119,8,1,0
BRDA:120,9,0,0
BRDA:120,9,1,0
BRDA:164,10,0,0
BRDA:164,10,1,0
BRDA:170,11,0,0
BRDA:170,11,1,0
BRDA:170,11,2,0
BRDA:170,11,3,0
BRDA:170,11,4,0
BRDA:170,11,5,0
BRDA:170,11,6,0
BRDA:197,12,0,0
BRDA:197,12,1,0
BRDA:201,13,0,0
BRDA:201,13,1,0
BRDA:206,14,0,0
BRDA:206,14,1,0
BRDA:247,15,0,0
BRDA:247,15,1,0
BRDA:251,16,0,0
BRDA:251,16,1,0
BRDA:260,17,0,0
BRDA:260,17,1,0
BRDA:298,18,0,0
BRDA:298,18,1,0
BRF:43
BRH:0
end_of_record
TN:
SF:src\services\leaderboard.service.js
FN:12,(anonymous_0)
FN:33,(anonymous_1)
FN:49,(anonymous_2)
FN:64,(anonymous_3)
FN:69,(anonymous_4)
FN:71,(anonymous_5)
FN:88,(anonymous_6)
FN:101,(anonymous_7)
FN:106,(anonymous_8)
FN:108,(anonymous_9)
FN:125,(anonymous_10)
FN:166,(anonymous_11)
FNF:12
FNH:0
FNDA:0,(anonymous_0)
FNDA:0,(anonymous_1)
FNDA:0,(anonymous_2)
FNDA:0,(anonymous_3)
FNDA:0,(anonymous_4)
FNDA:0,(anonymous_5)
FNDA:0,(anonymous_6)
FNDA:0,(anonymous_7)
FNDA:0,(anonymous_8)
FNDA:0,(anonymous_9)
FNDA:0,(anonymous_10)
FNDA:0,(anonymous_11)
DA:1,3
DA:2,3
DA:7,3
DA:13,0
DA:15,0
DA:33,0
DA:43,0
DA:50,0
DA:51,0
DA:52,0
DA:53,0
DA:55,0
DA:64,0
DA:65,0
DA:69,0
DA:71,0
DA:72,0
DA:73,0
DA:82,0
DA:89,0
DA:90,0
DA:92,0
DA:101,0
DA:102,0
DA:106,0
DA:108,0
DA:109,0
DA:110,0
DA:119,0
DA:127,0
DA:131,0
DA:134,0
DA:148,0
DA:149,0
DA:150,0
DA:151,0
DA:152,0
DA:153,0
DA:164,0
DA:165,0
DA:166,0
DA:171,0
DA:181,3
LF:43
LH:4
BRDA:12,0,0,0
BRDA:12,1,0,0
BRDA:49,2,0,0
BRDA:49,3,0,0
BRDA:76,4,0,0
BRDA:76,4,1,0
BRDA:77,5,0,0
BRDA:77,5,1,0
BRDA:78,6,0,0
BRDA:78,6,1,0
BRDA:88,7,0,0
BRDA:88,8,0,0
BRDA:113,9,0,0
BRDA:113,9,1,0
BRDA:114,10,0,0
BRDA:114,10,1,0
BRDA:115,11,0,0
BRDA:115,11,1,0
BRDA:125,12,0,0
BRDA:125,13,0,0
BRDA:131,14,0,0
BRDA:131,14,1,0
BRDA:151,15,0,0
BRDA:151,15,1,0
BRDA:158,16,0,0
BRDA:158,16,1,0
BRF:26
BRH:0
end_of_record
TN:
SF:src\services\notification.service.js
FN:16,(anonymous_0)
FN:42,(anonymous_1)
FN:46,(anonymous_2)
FN:55,(anonymous_3)
FN:62,(anonymous_4)
FN:68,(anonymous_5)
FN:74,(anonymous_6)
FN:83,(anonymous_7)
FN:88,(anonymous_8)
FN:93,(anonymous_9)
FN:110,(anonymous_10)
FN:120,(anonymous_11)
FN:130,(anonymous_12)
FN:149,(anonymous_13)
FN:159,(anonymous_14)
FN:161,(anonymous_15)
FN:171,(anonymous_16)
FN:181,(anonymous_17)
FN:188,(anonymous_18)
FN:197,(anonymous_19)
FNF:20
FNH:0
FNDA:0,(anonymous_0)
FNDA:0,(anonymous_1)
FNDA:0,(anonymous_2)
FNDA:0,(anonymous_3)
FNDA:0,(anonymous_4)
FNDA:0,(anonymous_5)
FNDA:0,(anonymous_6)
FNDA:0,(anonymous_7)
FNDA:0,(anonymous_8)
FNDA:0,(anonymous_9)
FNDA:0,(anonymous_10)
FNDA:0,(anonymous_11)
FNDA:0,(anonymous_12)
FNDA:0,(anonymous_13)
FNDA:0,(anonymous_14)
FNDA:0,(anonymous_15)
FNDA:0,(anonymous_16)
FNDA:0,(anonymous_17)
FNDA:0,(anonymous_18)
FNDA:0,(anonymous_19)
DA:1,2
DA:2,2
DA:13,2
DA:17,0
DA:18,0
DA:20,0
DA:22,0
DA:33,0
DA:43,0
DA:47,0
DA:48,0
DA:49,0
DA:56,0
DA:63,0
DA:64,0
DA:65,0
DA:69,0
DA:75,0
DA:76,0
DA:78,0
DA:79,0
DA:84,0
DA:85,0
DA:89,0
DA:90,0
DA:91,0
DA:92,0
DA:93,0
DA:102,0
DA:103,0
DA:111,0
DA:121,0
DA:131,0
DA:132,0
DA:133,0
DA:140,0
DA:150,0
DA:160,0
DA:161,0
DA:162,0
DA:172,0
DA:182,0
DA:189,0
DA:198,0
DA:199,0
DA:208,2
LF:46
LH:4
BRDA:16,0,0,0
BRDA:16,1,0,0
BRDA:16,2,0,0
BRDA:18,3,0,0
BRDA:18,3,1,0
BRDA:48,4,0,0
BRDA:48,4,1,0
BRDA:48,5,0,0
BRDA:48,5,1,0
BRDA:64,6,0,0
BRDA:64,6,1,0
BRDA:64,7,0,0
BRDA:64,7,1,0
BRDA:84,8,0,0
BRDA:84,8,1,0
BRDA:85,9,0,0
BRDA:85,9,1,0
BRDA:89,10,0,0
BRDA:89,10,1,0
BRDA:90,11,0,0
BRDA:90,11,1,0
BRDA:98,12,0,0
BRDA:98,12,1,0
BRDA:114,13,0,0
BRDA:114,13,1,0
BRDA:124,14,0,0
BRDA:124,14,1,0
BRDA:131,15,0,0
BRDA:131,15,1,0
BRDA:132,16,0,0
BRDA:132,16,1,0
BRDA:153,17,0,0
BRDA:153,17,1,0
BRDA:153,18,0,0
BRDA:153,18,1,0
BRDA:160,19,0,0
BRDA:160,19,1,0
BRDA:165,20,0,0
BRDA:165,20,1,0
BRDA:165,21,0,0
BRDA:165,21,1,0
BRDA:185,22,0,0
BRDA:185,22,1,0
BRDA:192,23,0,0
BRDA:192,23,1,0
BRDA:198,24,0,0
BRDA:198,24,1,0
BRF:47
BRH:0
end_of_record
TN:
SF:src\services\participant.service.js
FN:38,fanoutQuizPlayed
FN:103,ensureFinishableAttempt
FN:146,(anonymous_2)
FN:175,(anonymous_3)
FN:204,(anonymous_4)
FN:225,(anonymous_5)
FN:244,(anonymous_6)
FN:258,(anonymous_7)
FN:269,(anonymous_8)
FN:273,(anonymous_9)
FN:297,(anonymous_10)
FN:316,(anonymous_11)
FN:342,(anonymous_12)
FN:346,(anonymous_13)
FN:399,(anonymous_14)
FN:413,(anonymous_15)
FN:413,(anonymous_16)
FN:414,(anonymous_17)
FN:444,(anonymous_18)
FN:483,(anonymous_19)
FN:493,(anonymous_20)
FN:509,(anonymous_21)
FN:529,(anonymous_22)
FN:543,(anonymous_23)
FN:562,(anonymous_24)
FNF:25
FNH:15
FNDA:1,fanoutQuizPlayed
FNDA:2,ensureFinishableAttempt
FNDA:1,(anonymous_2)
FNDA:0,(anonymous_3)
FNDA:2,(anonymous_4)
FNDA:1,(anonymous_5)
FNDA:0,(anonymous_6)
FNDA:4,(anonymous_7)
FNDA:3,(anonymous_8)
FNDA:0,(anonymous_9)
FNDA:1,(anonymous_10)
FNDA:0,(anonymous_11)
FNDA:0,(anonymous_12)
FNDA:0,(anonymous_13)
FNDA:2,(anonymous_14)
FNDA:2,(anonymous_15)
FNDA:1,(anonymous_16)
FNDA:2,(anonymous_17)
FNDA:1,(anonymous_18)
FNDA:2,(anonymous_19)
FNDA:1,(anonymous_20)
FNDA:0,(anonymous_21)
FNDA:0,(anonymous_22)
FNDA:0,(anonymous_23)
FNDA:0,(anonymous_24)
DA:15,4
DA:16,4
DA:18,4
DA:19,4
DA:20,4
DA:21,4
DA:22,4
DA:24,4
DA:25,4
DA:26,4
DA:39,1
DA:40,1
DA:47,1
DA:49,0
DA:57,0
DA:66,0
DA:76,0
DA:77,0
DA:80,0
DA:81,0
DA:104,2
DA:132,2
DA:133,2
DA:134,0
DA:136,2
DA:137,2
DA:140,4
DA:147,1
DA:162,1
DA:164,1
DA:176,0
DA:177,0
DA:178,0
DA:179,0
DA:182,0
DA:205,2
DA:209,2
DA:211,1
DA:213,1
DA:217,1
DA:226,1
DA:227,1
DA:233,1
DA:245,0
DA:259,4
DA:260,4
DA:261,4
DA:262,3
DA:264,3
DA:265,3
DA:266,1
DA:269,3
DA:270,2
DA:272,2
DA:273,0
DA:276,2
DA:298,1
DA:299,1
DA:300,1
DA:301,1
DA:303,0
DA:305,0
DA:313,0
DA:314,0
DA:316,0
DA:317,0
DA:318,0
DA:323,0
DA:324,0
DA:326,0
DA:343,0
DA:345,0
DA:346,0
DA:349,0
DA:350,0
DA:351,0
DA:352,0
DA:353,0
DA:354,0
DA:358,0
DA:359,0
DA:361,0
DA:367,0
DA:377,0
DA:379,0
DA:400,2
DA:402,2
DA:403,2
DA:404,1
DA:409,1
DA:410,1
DA:411,1
DA:413,2
DA:414,2
DA:418,1
DA:419,1
DA:421,1
DA:422,1
DA:423,1
DA:424,0
DA:426,1
DA:427,0
DA:431,1
DA:432,1
DA:433,1
DA:442,1
DA:443,1
DA:444,1
DA:446,1
DA:447,1
DA:453,1
DA:463,1
DA:465,1
DA:484,2
DA:485,2
DA:486,2
DA:487,0
DA:489,2
DA:490,1
DA:493,1
DA:495,1
DA:497,1
DA:510,0
DA:511,0
DA:515,0
DA:530,0
DA:531,0
DA:532,0
DA:533,0
DA:535,0
DA:544,0
DA:548,0
DA:550,0
DA:551,0
DA:563,0
DA:564,0
DA:568,0
DA:579,4
LF:138
LH:80
BRDA:47,0,0,1
BRDA:47,0,1,0
BRDA:54,1,0,0
BRDA:54,1,1,0
BRDA:55,2,0,0
BRDA:55,2,1,0
BRDA:60,3,0,0
BRDA:60,3,1,0
BRDA:80,4,0,0
BRDA:80,4,1,0
BRDA:80,5,0,0
BRDA:80,5,1,0
BRDA:132,6,0,0
BRDA:132,6,1,2
BRDA:133,7,0,0
BRDA:133,7,1,2
BRDA:136,8,0,0
BRDA:136,8,1,2
BRDA:162,9,0,0
BRDA:162,9,1,1
BRDA:176,10,0,0
BRDA:176,10,1,0
BRDA:178,11,0,0
BRDA:178,11,1,0
BRDA:178,12,0,0
BRDA:178,12,1,0
BRDA:209,13,0,1
BRDA:209,13,1,1
BRDA:239,14,0,1
BRDA:239,14,1,0
BRDA:260,15,0,0
BRDA:260,15,1,4
BRDA:261,16,0,1
BRDA:261,16,1,3
BRDA:262,17,0,0
BRDA:262,17,1,3
BRDA:265,18,0,1
BRDA:265,18,1,2
BRDA:272,19,0,0
BRDA:272,19,1,2
BRDA:299,20,0,0
BRDA:299,20,1,1
BRDA:300,21,0,1
BRDA:300,21,1,0
BRDA:303,22,0,0
BRDA:303,22,1,0
BRDA:313,23,0,0
BRDA:313,23,1,0
BRDA:317,24,0,0
BRDA:317,24,1,0
BRDA:324,25,0,0
BRDA:324,25,1,0
BRDA:352,26,0,0
BRDA:352,26,1,0
BRDA:353,27,0,0
BRDA:353,27,1,0
BRDA:372,28,0,0
BRDA:372,28,1,0
BRDA:373,29,0,0
BRDA:373,29,1,0
BRDA:374,30,0,0
BRDA:374,30,1,0
BRDA:385,31,0,0
BRDA:385,31,1,0
BRDA:403,32,0,1
BRDA:403,32,1,1
BRDA:423,33,0,0
BRDA:423,33,1,1
BRDA:426,34,0,0
BRDA:426,34,1,1
BRDA:432,35,0,1
BRDA:432,35,1,0
BRDA:458,36,0,1
BRDA:458,36,1,0
BRDA:459,37,0,1
BRDA:459,37,1,1
BRDA:460,38,0,1
BRDA:460,38,1,0
BRDA:469,39,0,1
BRDA:469,39,1,0
BRDA:485,40,0,0
BRDA:485,40,1,2
BRDA:486,41,0,0
BRDA:486,41,1,2
BRDA:489,42,0,1
BRDA:489,42,1,1
BRDA:495,43,0,1
BRDA:495,43,1,0
BRDA:521,44,0,0
BRDA:521,44,1,0
BRDA:531,45,0,0
BRDA:531,45,1,0
BRDA:532,46,0,0
BRDA:532,46,1,0
BRDA:548,47,0,0
BRDA:548,47,1,0
BRDA:574,48,0,0
BRDA:574,48,1,0
BRF:98
BRH:32
end_of_record
TN:
SF:src\services\profile.service.js
FN:35,parseSocialLinks
FN:50,(anonymous_1)
FN:59,(anonymous_2)
FN:85,(anonymous_3)
FN:106,(anonymous_4)
FN:124,(anonymous_5)
FNF:6
FNH:0
FNDA:0,parseSocialLinks
FNDA:0,(anonymous_1)
FNDA:0,(anonymous_2)
FNDA:0,(anonymous_3)
FNDA:0,(anonymous_4)
FNDA:0,(anonymous_5)
DA:1,3
DA:2,3
DA:3,3
DA:4,3
DA:10,3
DA:36,0
DA:37,0
DA:49,3
DA:51,0
DA:55,0
DA:56,0
DA:60,0
DA:61,0
DA:65,0
DA:66,0
DA:68,0
DA:69,0
DA:73,0
DA:74,0
DA:77,0
DA:82,0
DA:86,0
DA:87,0
DA:89,0
DA:90,0
DA:92,0
DA:93,0
DA:95,0
DA:96,0
DA:98,0
DA:99,0
DA:103,0
DA:107,0
DA:111,0
DA:113,0
DA:114,0
DA:116,0
DA:121,0
DA:125,0
DA:129,3
LF:40
LH:7
BRDA:36,0,0,0
BRDA:36,0,1,0
BRDA:55,1,0,0
BRDA:55,1,1,0
BRDA:66,2,0,0
BRDA:66,2,1,0
BRDA:68,3,0,0
BRDA:68,3,1,0
BRDA:69,4,0,0
BRDA:69,4,1,0
BRDA:73,5,0,0
BRDA:73,5,1,0
BRDA:86,6,0,0
BRDA:86,6,1,0
BRDA:86,7,0,0
BRDA:86,7,1,0
BRDA:89,8,0,0
BRDA:89,8,1,0
BRDA:93,9,0,0
BRDA:93,9,1,0
BRDA:96,10,0,0
BRDA:96,10,1,0
BRDA:111,11,0,0
BRDA:111,11,1,0
BRDA:113,12,0,0
BRDA:113,12,1,0
BRDA:113,13,0,0
BRDA:113,13,1,0
BRDA:118,14,0,0
BRDA:118,14,1,0
BRF:30
BRH:0
end_of_record
TN:
SF:src\services\question.service.js
FN:7,ensureQuizOwnership
FN:24,ensureQuestionOwnership
FN:49,(anonymous_2)
FN:63,(anonymous_3)
FN:88,(anonymous_4)
FN:103,(anonymous_5)
FN:111,(anonymous_6)
FN:156,(anonymous_7)
FNF:8
FNH:0
FNDA:0,ensureQuizOwnership
FNDA:0,ensureQuestionOwnership
FNDA:0,(anonymous_2)
FNDA:0,(anonymous_3)
FNDA:0,(anonymous_4)
FNDA:0,(anonymous_5)
FNDA:0,(anonymous_6)
FNDA:0,(anonymous_7)
DA:1,3
DA:2,3
DA:8,0
DA:12,0
DA:13,0
DA:15,0
DA:16,0
DA:18,0
DA:25,0
DA:33,0
DA:34,0
DA:36,0
DA:37,0
DA:39,0
DA:45,3
DA:50,0
DA:52,0
DA:53,0
DA:56,0
DA:63,0
DA:82,0
DA:89,0
DA:91,0
DA:92,0
DA:96,0
DA:97,0
DA:98,0
DA:99,0
DA:101,0
DA:103,0
DA:104,0
DA:106,0
DA:111,0
DA:130,0
DA:134,0
DA:150,0
DA:157,0
DA:159,0
DA:160,0
DA:163,0
DA:165,0
DA:169,3
LF:42
LH:4
BRDA:12,0,0,0
BRDA:12,0,1,0
BRDA:15,1,0,0
BRDA:15,1,1,0
BRDA:33,2,0,0
BRDA:33,2,1,0
BRDA:36,3,0,0
BRDA:36,3,1,0
BRDA:52,4,0,0
BRDA:52,4,1,0
BRDA:60,5,0,0
BRDA:60,5,1,0
BRDA:61,6,0,0
BRDA:61,6,1,0
BRDA:65,7,0,0
BRDA:65,7,1,0
BRDA:91,8,0,0
BRDA:91,8,1,0
BRDA:97,9,0,0
BRDA:97,9,1,0
BRDA:98,10,0,0
BRDA:98,10,1,0
BRDA:99,11,0,0
BRDA:99,11,1,0
BRDA:101,12,0,0
BRDA:101,12,1,0
BRDA:113,13,0,0
BRDA:113,13,1,0
BRDA:159,14,0,0
BRDA:159,14,1,0
BRF:30
BRH:0
end_of_record
TN:
SF:src\services\quiz.service.js
FN:34,ensureQuizOwnership
FN:55,(anonymous_1)
FN:99,(anonymous_2)
FN:128,(anonymous_3)
FN:156,(anonymous_4)
FN:164,(anonymous_5)
FN:191,(anonymous_6)
FN:230,(anonymous_7)
FN:265,(anonymous_8)
FN:276,(anonymous_9)
FN:294,(anonymous_10)
FN:334,(anonymous_11)
FN:334,(anonymous_12)
FN:335,(anonymous_13)
FN:383,(anonymous_14)
FNF:15
FNH:0
FNDA:0,ensureQuizOwnership
FNDA:0,(anonymous_1)
FNDA:0,(anonymous_2)
FNDA:0,(anonymous_3)
FNDA:0,(anonymous_4)
FNDA:0,(anonymous_5)
FNDA:0,(anonymous_6)
FNDA:0,(anonymous_7)
FNDA:0,(anonymous_8)
FNDA:0,(anonymous_9)
FNDA:0,(anonymous_10)
FNDA:0,(anonymous_11)
FNDA:0,(anonymous_12)
FNDA:0,(anonymous_13)
FNDA:0,(anonymous_14)
DA:1,3
DA:2,3
DA:3,3
DA:4,3
DA:9,3
DA:35,0
DA:39,0
DA:40,0
DA:42,0
DA:43,0
DA:45,0
DA:51,3
DA:56,0
DA:75,0
DA:79,0
DA:85,0
DA:93,0
DA:100,0
DA:101,0
DA:102,0
DA:104,0
DA:106,0
DA:117,0
DA:129,0
DA:131,0
DA:150,0
DA:157,0
DA:161,0
DA:162,0
DA:163,0
DA:164,0
DA:165,0
DA:166,0
DA:170,0
DA:176,0
DA:185,0
DA:192,0
DA:194,0
DA:199,0
DA:200,0
DA:203,0
DA:208,0
DA:210,0
DA:215,0
DA:224,0
DA:231,0
DA:254,0
DA:255,0
DA:257,0
DA:258,0
DA:260,0
DA:261,0
DA:265,0
DA:268,0
DA:274,0
DA:275,0
DA:276,0
DA:279,0
DA:295,0
DA:316,0
DA:317,0
DA:319,0
DA:320,0
DA:324,0
DA:325,0
DA:326,0
DA:330,0
DA:331,0
DA:332,0
DA:334,0
DA:335,0
DA:340,0
DA:341,0
DA:343,0
DA:344,0
DA:345,0
DA:346,0
DA:348,0
DA:349,0
DA:352,0
DA:353,0
DA:355,0
DA:365,0
DA:380,0
DA:383,0
DA:389,3
LF:86
LH:7
BRDA:39,0,0,0
BRDA:39,0,1,0
BRDA:42,1,0,0
BRDA:42,1,1,0
BRDA:59,2,0,0
BRDA:59,2,1,0
BRDA:60,3,0,0
BRDA:60,3,1,0
BRDA:61,4,0,0
BRDA:61,4,1,0
BRDA:62,5,0,0
BRDA:62,5,1,0
BRDA:63,6,0,0
BRDA:63,6,1,0
BRDA:64,7,0,0
BRDA:64,7,1,0
BRDA:65,8,0,0
BRDA:65,8,1,0
BRDA:66,9,0,0
BRDA:66,9,1,0
BRDA:67,10,0,0
BRDA:67,10,1,0
BRDA:68,11,0,0
BRDA:68,11,1,0
BRDA:81,12,0,0
BRDA:81,12,1,0
BRDA:99,13,0,0
BRDA:99,14,0,0
BRDA:101,15,0,0
BRDA:101,15,1,0
BRDA:161,16,0,0
BRDA:161,16,1,0
BRDA:161,17,0,0
BRDA:161,17,1,0
BRDA:165,18,0,0
BRDA:165,18,1,0
BRDA:199,19,0,0
BRDA:199,19,1,0
BRDA:254,20,0,0
BRDA:254,20,1,0
BRDA:257,21,0,0
BRDA:257,21,1,0
BRDA:260,22,0,0
BRDA:260,22,1,0
BRDA:275,23,0,0
BRDA:275,23,1,0
BRDA:316,24,0,0
BRDA:316,24,1,0
BRDA:319,25,0,0
BRDA:319,25,1,0
BRDA:325,26,0,0
BRDA:325,26,1,0
BRDA:345,27,0,0
BRDA:345,27,1,0
BRDA:348,28,0,0
BRDA:348,28,1,0
BRDA:353,29,0,0
BRDA:353,29,1,0
BRF:58
BRH:0
end_of_record
TN:
SF:src\services\quizOwnership.service.js
FN:10,detachQuizmasterFromAllQuizzes
FNF:1
FNH:0
FNDA:0,detachQuizmasterFromAllQuizzes
DA:1,2
DA:11,0
DA:17,2
LF:3
LH:2
BRF:0
BRH:0
end_of_record
TN:
SF:src\services\quizmaster.service.js
FN:28,(anonymous_0)
FN:66,(anonymous_1)
FN:96,(anonymous_2)
FN:114,(anonymous_3)
FN:167,(anonymous_4)
FN:182,(anonymous_5)
FNF:6
FNH:0
FNDA:0,(anonymous_0)
FNDA:0,(anonymous_1)
FNDA:0,(anonymous_2)
FNDA:0,(anonymous_3)
FNDA:0,(anonymous_4)
FNDA:0,(anonymous_5)
DA:1,3
DA:2,3
DA:3,3
DA:4,3
DA:9,3
DA:23,3
DA:30,0
DA:31,0
DA:32,0
DA:36,0
DA:41,0
DA:42,0
DA:44,0
DA:45,0
DA:47,0
DA:48,0
DA:51,0
DA:53,0
DA:58,0
DA:67,0
DA:68,0
DA:69,0
DA:71,0
DA:73,0
DA:84,0
DA:97,0
DA:102,0
DA:103,0
DA:106,0
DA:115,0
DA:120,0
DA:121,0
DA:125,0
DA:126,0
DA:127,0
DA:128,0
DA:133,0
DA:134,0
DA:138,0
DA:139,0
DA:141,0
DA:142,0
DA:144,0
DA:145,0
DA:150,0
DA:151,0
DA:154,0
DA:160,0
DA:168,0
DA:173,0
DA:174,0
DA:177,0
DA:182,0
DA:184,0
DA:186,0
DA:187,0
DA:193,0
DA:194,0
DA:196,0
DA:198,0
DA:202,3
LF:61
LH:7
BRDA:31,0,0,0
BRDA:31,0,1,0
BRDA:41,1,0,0
BRDA:41,1,1,0
BRDA:44,2,0,0
BRDA:44,2,1,0
BRDA:47,3,0,0
BRDA:47,3,1,0
BRDA:47,4,0,0
BRDA:47,4,1,0
BRDA:66,5,0,0
BRDA:66,6,0,0
BRDA:68,7,0,0
BRDA:68,7,1,0
BRDA:102,8,0,0
BRDA:102,8,1,0
BRDA:102,9,0,0
BRDA:102,9,1,0
BRDA:120,10,0,0
BRDA:120,10,1,0
BRDA:120,11,0,0
BRDA:120,11,1,0
BRDA:125,12,0,0
BRDA:125,12,1,0
BRDA:127,13,0,0
BRDA:127,13,1,0
BRDA:127,14,0,0
BRDA:127,14,1,0
BRDA:133,15,0,0
BRDA:133,15,1,0
BRDA:138,16,0,0
BRDA:138,16,1,0
BRDA:141,17,0,0
BRDA:141,17,1,0
BRDA:144,18,0,0
BRDA:144,18,1,0
BRDA:144,19,0,0
BRDA:144,19,1,0
BRDA:150,20,0,0
BRDA:150,20,1,0
BRDA:173,21,0,0
BRDA:173,21,1,0
BRDA:173,22,0,0
BRDA:173,22,1,0
BRDA:186,23,0,0
BRDA:186,23,1,0
BRF:46
BRH:0
end_of_record
TN:
SF:src\services\store.service.js
FN:15,(anonymous_0)
FN:52,(anonymous_1)
FN:72,(anonymous_2)
FN:78,(anonymous_3)
FN:85,(anonymous_4)
FN:91,(anonymous_5)
FN:100,(anonymous_6)
FN:150,(anonymous_7)
FN:171,(anonymous_8)
FN:181,(anonymous_9)
FN:199,(anonymous_10)
FN:221,(anonymous_11)
FN:239,(anonymous_12)
FN:245,(anonymous_13)
FN:256,(anonymous_14)
FN:267,(anonymous_15)
FNF:16
FNH:0
FNDA:0,(anonymous_0)
FNDA:0,(anonymous_1)
FNDA:0,(anonymous_2)
FNDA:0,(anonymous_3)
FNDA:0,(anonymous_4)
FNDA:0,(anonymous_5)
FNDA:0,(anonymous_6)
FNDA:0,(anonymous_7)
FNDA:0,(anonymous_8)
FNDA:0,(anonymous_9)
FNDA:0,(anonymous_10)
FNDA:0,(anonymous_11)
FNDA:0,(anonymous_12)
FNDA:0,(anonymous_13)
FNDA:0,(anonymous_14)
FNDA:0,(anonymous_15)
DA:1,3
DA:2,3
DA:3,3
DA:4,3
DA:5,3
DA:10,3
DA:16,0
DA:17,0
DA:18,0
DA:23,0
DA:24,0
DA:26,0
DA:28,0
DA:49,0
DA:53,0
DA:68,0
DA:69,0
DA:73,0
DA:78,0
DA:86,0
DA:87,0
DA:91,0
DA:92,0
DA:96,0
DA:97,0
DA:100,0
DA:101,0
DA:102,0
DA:104,0
DA:105,0
DA:106,0
DA:108,0
DA:109,0
DA:112,0
DA:113,0
DA:121,0
DA:126,0
DA:127,0
DA:131,0
DA:151,0
DA:166,0
DA:167,0
DA:171,0
DA:172,0
DA:177,0
DA:182,0
DA:183,0
DA:186,0
DA:196,0
DA:200,0
DA:201,0
DA:203,0
DA:218,0
DA:222,0
DA:230,0
DA:231,0
DA:232,0
DA:240,0
DA:246,0
DA:247,0
DA:248,0
DA:250,0
DA:257,0
DA:258,0
DA:259,0
DA:261,0
DA:268,0
DA:269,0
DA:271,0
DA:293,0
DA:297,3
LF:71
LH:7
BRDA:15,0,0,0
BRDA:15,1,0,0
BRDA:17,2,0,0
BRDA:17,2,1,0
BRDA:23,3,0,0
BRDA:23,3,1,0
BRDA:24,4,0,0
BRDA:24,4,1,0
BRDA:68,5,0,0
BRDA:68,5,1,0
BRDA:86,6,0,0
BRDA:86,6,1,0
BRDA:86,7,0,0
BRDA:86,7,1,0
BRDA:96,8,0,0
BRDA:96,8,1,0
BRDA:106,9,0,0
BRDA:106,9,1,0
BRDA:108,10,0,0
BRDA:108,10,1,0
BRDA:126,11,0,0
BRDA:126,11,1,0
BRDA:153,12,0,0
BRDA:153,12,1,0
BRDA:188,13,0,0
BRDA:188,13,1,0
BRDA:199,14,0,0
BRDA:199,15,0,0
BRDA:230,16,0,0
BRDA:230,16,1,0
BRDA:231,17,0,0
BRDA:231,17,1,0
BRDA:247,18,0,0
BRDA:247,18,1,0
BRDA:248,19,0,0
BRDA:248,19,1,0
BRDA:258,20,0,0
BRDA:258,20,1,0
BRDA:259,21,0,0
BRDA:259,21,1,0
BRDA:267,22,0,0
BRDA:267,23,0,0
BRF:42
BRH:0
end_of_record
TN:
SF:src\utils\ApiError.js
FN:20,(anonymous_0)
FN:31,(anonymous_1)
FN:34,(anonymous_2)
FN:37,(anonymous_3)
FN:40,(anonymous_4)
FN:43,(anonymous_5)
FN:46,(anonymous_6)
FN:49,(anonymous_7)
FN:52,(anonymous_8)
FNF:9
FNH:8
FNDA:37,(anonymous_0)
FNDA:5,(anonymous_1)
FNDA:5,(anonymous_2)
FNDA:13,(anonymous_3)
FNDA:2,(anonymous_4)
FNDA:5,(anonymous_5)
FNDA:6,(anonymous_6)
FNDA:0,(anonymous_7)
FNDA:1,(anonymous_8)
DA:21,37
DA:22,37
DA:23,37
DA:24,37
DA:25,37
DA:26,37
DA:27,37
DA:28,37
DA:32,5
DA:35,5
DA:38,13
DA:41,2
DA:44,5
DA:47,6
DA:50,0
DA:53,1
DA:57,7
LF:17
LH:16
BRDA:20,0,0,23
BRDA:20,1,0,36
BRDA:20,2,0,24
BRDA:20,3,0,31
BRDA:24,4,0,36
BRDA:24,4,1,1
BRDA:24,5,0,37
BRDA:24,5,1,37
BRDA:31,6,0,1
BRDA:34,7,0,0
BRDA:37,8,0,0
BRDA:40,9,0,0
BRDA:43,10,0,0
BRDA:46,11,0,0
BRDA:49,12,0,0
BRDA:52,13,0,1
BRDA:52,14,0,1
BRF:17
BRH:11
end_of_record
TN:
SF:src\utils\asyncHandler.js
FN:14,(anonymous_0)
FN:14,(anonymous_1)
FNF:2
FNH:2
FNDA:72,(anonymous_0)
FNDA:12,(anonymous_1)
DA:14,72
DA:15,12
DA:18,3
LF:3
LH:3
BRF:0
BRH:0
end_of_record
TN:
SF:src\utils\envValidator.js
FN:43,validateEnv
FNF:1
FNH:0
FNDA:0,validateEnv
DA:12,0
DA:21,0
DA:28,0
DA:44,0
DA:46,0
DA:47,0
DA:48,0
DA:49,0
DA:53,0
DA:54,0
DA:56,0
DA:57,0
DA:58,0
DA:61,0
DA:62,0
DA:63,0
DA:65,0
DA:71,0
DA:72,0
DA:75,0
DA:77,0
DA:78,0
DA:79,0
DA:81,0
DA:85,0
LF:25
LH:0
BRDA:48,0,0,0
BRDA:48,0,1,0
BRDA:48,1,0,0
BRDA:48,1,1,0
BRDA:56,2,0,0
BRDA:56,2,1,0
BRDA:57,3,0,0
BRDA:57,3,1,0
BRDA:61,4,0,0
BRDA:61,4,1,0
BRDA:61,5,0,0
BRDA:61,5,1,0
BRDA:63,6,0,0
BRDA:63,6,1,0
BRDA:63,7,0,0
BRDA:63,7,1,0
BRDA:72,8,0,0
BRDA:72,8,1,0
BRDA:75,9,0,0
BRDA:75,9,1,0
BRF:20
BRH:0
end_of_record
TN:
SF:src\utils\logger.js
FN:21,(anonymous_0)
FN:44,(anonymous_1)
FN:47,(anonymous_2)
FN:48,(anonymous_3)
FN:49,(anonymous_4)
FN:50,(anonymous_5)
FN:51,(anonymous_6)
FNF:7
FNH:1
FNDA:12,(anonymous_0)
FNDA:0,(anonymous_1)
FNDA:0,(anonymous_2)
FNDA:0,(anonymous_3)
FNDA:0,(anonymous_4)
FNDA:0,(anonymous_5)
FNDA:0,(anonymous_6)
DA:13,3
DA:14,3
DA:16,3
DA:18,3
DA:22,12
DA:23,12
DA:27,3
DA:33,3
DA:44,0
DA:46,0
DA:47,0
DA:48,0
DA:49,0
DA:50,0
DA:51,0
DA:56,3
LF:16
LH:9
BRDA:22,0,0,12
BRDA:22,0,1,0
BRDA:34,1,0,3
BRDA:34,1,1,0
BRDA:34,2,0,0
BRDA:34,2,1,0
BRDA:35,3,0,0
BRDA:35,3,1,3
BRF:8
BRH:3
end_of_record
TN:
SF:src\utils\pagination.js
FN:22,parsePagination
FN:41,paginatedPayload
FNF:2
FNH:2
FNDA:3,parsePagination
FNDA:1,paginatedPayload
DA:14,1
DA:15,1
DA:16,1
DA:23,3
DA:24,3
DA:26,3
DA:27,3
DA:32,3
DA:42,1
DA:52,1
LF:10
LH:10
BRDA:22,0,0,0
BRDA:26,1,0,1
BRDA:26,1,1,2
BRDA:26,2,0,3
BRDA:26,2,1,2
BRDA:29,3,0,2
BRDA:29,3,1,1
BRDA:29,4,0,3
BRDA:29,4,1,2
BRDA:41,5,0,1
BRDA:47,6,0,1
BRDA:47,6,1,0
BRF:12
BRH:10
end_of_record
TN:
SF:src\utils\responder.js
FN:21,ok
FN:31,created
FN:39,noContent
FN:48,envelope
FNF:4
FNH:3
FNDA:8,ok
FNDA:3,created
FNDA:0,noContent
FNDA:12,envelope
DA:22,8
DA:32,3
DA:40,0
DA:49,12
DA:50,12
DA:51,12
DA:52,12
DA:55,4
LF:8
LH:7
BRDA:50,0,0,8
BRDA:50,0,1,4
BRDA:51,1,0,12
BRDA:51,1,1,0
BRF:4
BRH:3
end_of_record
TN:
SF:src\validations\brand.validation.js
FN:83,(anonymous_0)
FN:108,(anonymous_1)
FNF:2
FNH:0
FNDA:0,(anonymous_0)
FNDA:0,(anonymous_1)
DA:1,3
DA:7,3
DA:15,3
DA:20,3
DA:51,3
DA:83,0
DA:88,3
DA:108,0
DA:113,3
DA:120,3
LF:10
LH:8
BRF:0
BRH:0
end_of_record
TN:
SF:src\validations\profile.validation.js
FN:3,(anonymous_0)
FN:26,(anonymous_1)
FNF:2
FNH:1
FNDA:3,(anonymous_0)
FNDA:0,(anonymous_1)
DA:1,3
DA:3,3
DA:4,3
DA:6,3
DA:26,0
DA:30,3
DA:35,3
DA:39,3
LF:8
LH:7
BRF:0
BRH:0
end_of_record
TN:
SF:src\validations\question.validation.js
FN:58,(anonymous_0)
FN:58,(anonymous_1)
FN:87,(anonymous_2)
FN:90,(anonymous_3)
FN:92,(anonymous_4)
FNF:5
FNH:0
FNDA:0,(anonymous_0)
FNDA:0,(anonymous_1)
FNDA:0,(anonymous_2)
FNDA:0,(anonymous_3)
FNDA:0,(anonymous_4)
DA:1,3
DA:7,3
DA:15,3
DA:19,3
DA:24,3
DA:36,3
DA:58,0
DA:63,3
DA:87,0
DA:91,0
DA:92,0
DA:94,0
DA:99,3
LF:13
LH:8
BRDA:91,0,0,0
BRDA:91,0,1,0
BRF:2
BRH:0
end_of_record
TN:
SF:src\validations\quiz.validation.js
FN:105,(anonymous_0)
FN:113,(anonymous_1)
FNF:2
FNH:0
FNDA:0,(anonymous_0)
FNDA:0,(anonymous_1)
DA:1,3
DA:7,3
DA:15,3
DA:19,3
DA:26,3
DA:29,3
DA:66,3
DA:105,0
DA:110,3
DA:113,0
DA:117,3
DA:129,3
LF:12
LH:10
BRDA:113,0,0,0
BRDA:113,0,1,0
BRDA:113,1,0,0
BRDA:113,1,1,0
BRF:4
BRH:0
end_of_record
TN:
SF:src\validations\quizmaster.validation.js
FN:68,(anonymous_0)
FNF:1
FNH:0
FNDA:0,(anonymous_0)
DA:1,3
DA:7,3
DA:15,3
DA:20,3
DA:43,3
DA:68,0
DA:73,3
DA:79,3
LF:8
LH:7
BRF:0
BRH:0
end_of_record
TN:
SF:src\validators\admin.validator.js
FN:23,(anonymous_0)
FNF:1
FNH:1
FNDA:1,(anonymous_0)
DA:5,4
DA:7,4
DA:12,4
DA:14,4
DA:16,4
DA:23,1
DA:27,4
LF:7
LH:7
BRDA:23,0,0,0
BRDA:23,0,1,1
BRF:2
BRH:1
end_of_record
TN:
SF:src\validators\auth.validator.js
FN:39,(anonymous_0)
FN:47,(anonymous_1)
FNF:2
FNH:1
FNDA:0,(anonymous_0)
FNDA:5,(anonymous_1)
DA:11,4
DA:13,4
DA:15,4
DA:21,4
DA:27,4
DA:32,4
DA:39,0
DA:48,5
DA:49,1
DA:55,5
DA:56,1
DA:64,4
DA:71,4
LF:13
LH:12
BRDA:48,0,0,1
BRDA:48,0,1,4
BRDA:48,1,0,5
BRDA:48,1,1,1
BRDA:55,2,0,1
BRDA:55,2,1,4
BRDA:55,3,0,5
BRDA:55,3,1,4
BRF:8
BRH:8
end_of_record
TN:
SF:src\validators\leaderboard.validator.js
FNF:0
FNH:0
DA:9,3
DA:11,3
DA:13,3
DA:18,3
DA:20,3
LF:5
LH:5
BRF:0
BRH:0
end_of_record
TN:
SF:src\validators\participant.validator.js
FN:34,(anonymous_0)
FNF:1
FNH:0
FNDA:0,(anonymous_0)
DA:8,4
DA:10,4
DA:16,4
DA:17,4
DA:18,4
DA:20,4
DA:25,4
DA:29,4
DA:34,0
DA:38,4
DA:43,4
DA:55,4
LF:12
LH:11
BRF:0
BRH:0
end_of_record
